[2023-05-30 11:27:42,011] {processor.py:153} INFO - Started process (PID=790) to work on /opt/airflow/dags/.ipynb_checkpoints/jupyter-dag-checkpoint.py
[2023-05-30 11:27:42,012] {processor.py:641} INFO - Processing file /opt/airflow/dags/.ipynb_checkpoints/jupyter-dag-checkpoint.py for tasks to queue
[2023-05-30 11:27:42,013] {logging_mixin.py:115} INFO - [2023-05-30 11:27:42,013] {dagbag.py:507} INFO - Filling up the DagBag from /opt/airflow/dags/.ipynb_checkpoints/jupyter-dag-checkpoint.py
[2023-05-30 11:27:42,045] {processor.py:651} INFO - DAG(s) dict_keys(['juupyter']) retrieved from /opt/airflow/dags/.ipynb_checkpoints/jupyter-dag-checkpoint.py
[2023-05-30 11:27:42,134] {logging_mixin.py:115} INFO - [2023-05-30 11:27:42,134] {dag.py:2371} INFO - Sync 1 DAGs
[2023-05-30 11:27:42,165] {logging_mixin.py:115} INFO - [2023-05-30 11:27:42,165] {dag.py:2919} INFO - Setting next_dagrun for juupyter to 2023-05-29T00:00:00+00:00, run_after=2023-05-30T00:00:00+00:00
[2023-05-30 11:27:42,201] {processor.py:161} INFO - Processing /opt/airflow/dags/.ipynb_checkpoints/jupyter-dag-checkpoint.py took 0.194 seconds
[2023-05-30 11:28:12,703] {processor.py:153} INFO - Started process (PID=810) to work on /opt/airflow/dags/.ipynb_checkpoints/jupyter-dag-checkpoint.py
[2023-05-30 11:28:12,704] {processor.py:641} INFO - Processing file /opt/airflow/dags/.ipynb_checkpoints/jupyter-dag-checkpoint.py for tasks to queue
[2023-05-30 11:28:12,705] {logging_mixin.py:115} INFO - [2023-05-30 11:28:12,705] {dagbag.py:507} INFO - Filling up the DagBag from /opt/airflow/dags/.ipynb_checkpoints/jupyter-dag-checkpoint.py
[2023-05-30 11:28:12,929] {processor.py:651} INFO - DAG(s) dict_keys(['juupyter']) retrieved from /opt/airflow/dags/.ipynb_checkpoints/jupyter-dag-checkpoint.py
[2023-05-30 11:28:12,975] {logging_mixin.py:115} INFO - [2023-05-30 11:28:12,975] {dag.py:2371} INFO - Sync 1 DAGs
[2023-05-30 11:28:13,011] {logging_mixin.py:115} INFO - [2023-05-30 11:28:13,011] {dag.py:2919} INFO - Setting next_dagrun for juupyter to 2023-05-29T00:00:00+00:00, run_after=2023-05-30T00:00:00+00:00
[2023-05-30 11:28:13,166] {processor.py:161} INFO - Processing /opt/airflow/dags/.ipynb_checkpoints/jupyter-dag-checkpoint.py took 0.467 seconds
[2023-05-30 11:28:43,622] {processor.py:153} INFO - Started process (PID=830) to work on /opt/airflow/dags/.ipynb_checkpoints/jupyter-dag-checkpoint.py
[2023-05-30 11:28:43,623] {processor.py:641} INFO - Processing file /opt/airflow/dags/.ipynb_checkpoints/jupyter-dag-checkpoint.py for tasks to queue
[2023-05-30 11:28:43,624] {logging_mixin.py:115} INFO - [2023-05-30 11:28:43,624] {dagbag.py:507} INFO - Filling up the DagBag from /opt/airflow/dags/.ipynb_checkpoints/jupyter-dag-checkpoint.py
[2023-05-30 11:28:43,650] {processor.py:651} INFO - DAG(s) dict_keys(['juupyter']) retrieved from /opt/airflow/dags/.ipynb_checkpoints/jupyter-dag-checkpoint.py
[2023-05-30 11:28:43,669] {logging_mixin.py:115} INFO - [2023-05-30 11:28:43,669] {dag.py:2371} INFO - Sync 1 DAGs
[2023-05-30 11:28:43,702] {logging_mixin.py:115} INFO - [2023-05-30 11:28:43,702] {dag.py:2919} INFO - Setting next_dagrun for juupyter to 2023-05-29T00:00:00+00:00, run_after=2023-05-30T00:00:00+00:00
[2023-05-30 11:28:43,728] {processor.py:161} INFO - Processing /opt/airflow/dags/.ipynb_checkpoints/jupyter-dag-checkpoint.py took 0.110 seconds
[2023-05-30 11:29:14,345] {processor.py:153} INFO - Started process (PID=850) to work on /opt/airflow/dags/.ipynb_checkpoints/jupyter-dag-checkpoint.py
[2023-05-30 11:29:14,349] {processor.py:641} INFO - Processing file /opt/airflow/dags/.ipynb_checkpoints/jupyter-dag-checkpoint.py for tasks to queue
[2023-05-30 11:29:14,351] {logging_mixin.py:115} INFO - [2023-05-30 11:29:14,350] {dagbag.py:507} INFO - Filling up the DagBag from /opt/airflow/dags/.ipynb_checkpoints/jupyter-dag-checkpoint.py
[2023-05-30 11:29:14,387] {processor.py:651} INFO - DAG(s) dict_keys(['juupyter']) retrieved from /opt/airflow/dags/.ipynb_checkpoints/jupyter-dag-checkpoint.py
[2023-05-30 11:29:14,514] {logging_mixin.py:115} INFO - [2023-05-30 11:29:14,514] {dag.py:2371} INFO - Sync 1 DAGs
[2023-05-30 11:29:14,560] {logging_mixin.py:115} INFO - [2023-05-30 11:29:14,560] {dag.py:2919} INFO - Setting next_dagrun for juupyter to 2023-05-29T00:00:00+00:00, run_after=2023-05-30T00:00:00+00:00
[2023-05-30 11:29:14,921] {processor.py:161} INFO - Processing /opt/airflow/dags/.ipynb_checkpoints/jupyter-dag-checkpoint.py took 0.581 seconds
[2023-05-30 11:29:45,701] {processor.py:153} INFO - Started process (PID=870) to work on /opt/airflow/dags/.ipynb_checkpoints/jupyter-dag-checkpoint.py
[2023-05-30 11:29:45,702] {processor.py:641} INFO - Processing file /opt/airflow/dags/.ipynb_checkpoints/jupyter-dag-checkpoint.py for tasks to queue
[2023-05-30 11:29:45,703] {logging_mixin.py:115} INFO - [2023-05-30 11:29:45,703] {dagbag.py:507} INFO - Filling up the DagBag from /opt/airflow/dags/.ipynb_checkpoints/jupyter-dag-checkpoint.py
[2023-05-30 11:29:45,739] {processor.py:651} INFO - DAG(s) dict_keys(['juupyter']) retrieved from /opt/airflow/dags/.ipynb_checkpoints/jupyter-dag-checkpoint.py
[2023-05-30 11:29:45,781] {logging_mixin.py:115} INFO - [2023-05-30 11:29:45,781] {dag.py:2371} INFO - Sync 1 DAGs
[2023-05-30 11:29:45,833] {logging_mixin.py:115} INFO - [2023-05-30 11:29:45,833] {dag.py:2919} INFO - Setting next_dagrun for juupyter to 2023-05-29T00:00:00+00:00, run_after=2023-05-30T00:00:00+00:00
[2023-05-30 11:29:45,856] {processor.py:161} INFO - Processing /opt/airflow/dags/.ipynb_checkpoints/jupyter-dag-checkpoint.py took 0.160 seconds
[2023-05-30 11:30:16,377] {processor.py:153} INFO - Started process (PID=890) to work on /opt/airflow/dags/.ipynb_checkpoints/jupyter-dag-checkpoint.py
[2023-05-30 11:30:16,378] {processor.py:641} INFO - Processing file /opt/airflow/dags/.ipynb_checkpoints/jupyter-dag-checkpoint.py for tasks to queue
[2023-05-30 11:30:16,381] {logging_mixin.py:115} INFO - [2023-05-30 11:30:16,381] {dagbag.py:507} INFO - Filling up the DagBag from /opt/airflow/dags/.ipynb_checkpoints/jupyter-dag-checkpoint.py
[2023-05-30 11:30:16,415] {processor.py:651} INFO - DAG(s) dict_keys(['juupyter']) retrieved from /opt/airflow/dags/.ipynb_checkpoints/jupyter-dag-checkpoint.py
[2023-05-30 11:30:16,437] {logging_mixin.py:115} INFO - [2023-05-30 11:30:16,437] {dag.py:2371} INFO - Sync 1 DAGs
[2023-05-30 11:30:16,479] {logging_mixin.py:115} INFO - [2023-05-30 11:30:16,478] {dag.py:2919} INFO - Setting next_dagrun for juupyter to 2023-05-29T00:00:00+00:00, run_after=2023-05-30T00:00:00+00:00
[2023-05-30 11:30:16,507] {processor.py:161} INFO - Processing /opt/airflow/dags/.ipynb_checkpoints/jupyter-dag-checkpoint.py took 0.134 seconds
[2023-05-30 11:30:47,040] {processor.py:153} INFO - Started process (PID=910) to work on /opt/airflow/dags/.ipynb_checkpoints/jupyter-dag-checkpoint.py
[2023-05-30 11:30:47,042] {processor.py:641} INFO - Processing file /opt/airflow/dags/.ipynb_checkpoints/jupyter-dag-checkpoint.py for tasks to queue
[2023-05-30 11:30:47,043] {logging_mixin.py:115} INFO - [2023-05-30 11:30:47,043] {dagbag.py:507} INFO - Filling up the DagBag from /opt/airflow/dags/.ipynb_checkpoints/jupyter-dag-checkpoint.py
[2023-05-30 11:30:47,069] {processor.py:651} INFO - DAG(s) dict_keys(['juupyter']) retrieved from /opt/airflow/dags/.ipynb_checkpoints/jupyter-dag-checkpoint.py
[2023-05-30 11:30:47,157] {logging_mixin.py:115} INFO - [2023-05-30 11:30:47,157] {dag.py:2371} INFO - Sync 1 DAGs
[2023-05-30 11:30:47,185] {logging_mixin.py:115} INFO - [2023-05-30 11:30:47,185] {dag.py:2919} INFO - Setting next_dagrun for juupyter to 2023-05-29T00:00:00+00:00, run_after=2023-05-30T00:00:00+00:00
[2023-05-30 11:30:47,211] {processor.py:161} INFO - Processing /opt/airflow/dags/.ipynb_checkpoints/jupyter-dag-checkpoint.py took 0.176 seconds
[2023-05-30 11:31:17,796] {processor.py:153} INFO - Started process (PID=930) to work on /opt/airflow/dags/.ipynb_checkpoints/jupyter-dag-checkpoint.py
[2023-05-30 11:31:17,798] {processor.py:641} INFO - Processing file /opt/airflow/dags/.ipynb_checkpoints/jupyter-dag-checkpoint.py for tasks to queue
[2023-05-30 11:31:17,799] {logging_mixin.py:115} INFO - [2023-05-30 11:31:17,799] {dagbag.py:507} INFO - Filling up the DagBag from /opt/airflow/dags/.ipynb_checkpoints/jupyter-dag-checkpoint.py
[2023-05-30 11:31:17,852] {processor.py:651} INFO - DAG(s) dict_keys(['juupyter']) retrieved from /opt/airflow/dags/.ipynb_checkpoints/jupyter-dag-checkpoint.py
[2023-05-30 11:31:17,887] {logging_mixin.py:115} INFO - [2023-05-30 11:31:17,887] {dag.py:2371} INFO - Sync 1 DAGs
[2023-05-30 11:31:17,917] {logging_mixin.py:115} INFO - [2023-05-30 11:31:17,917] {dag.py:2919} INFO - Setting next_dagrun for juupyter to 2023-05-29T00:00:00+00:00, run_after=2023-05-30T00:00:00+00:00
[2023-05-30 11:31:17,939] {processor.py:161} INFO - Processing /opt/airflow/dags/.ipynb_checkpoints/jupyter-dag-checkpoint.py took 0.151 seconds
[2023-05-30 11:31:48,560] {processor.py:153} INFO - Started process (PID=950) to work on /opt/airflow/dags/.ipynb_checkpoints/jupyter-dag-checkpoint.py
[2023-05-30 11:31:48,561] {processor.py:641} INFO - Processing file /opt/airflow/dags/.ipynb_checkpoints/jupyter-dag-checkpoint.py for tasks to queue
[2023-05-30 11:31:48,562] {logging_mixin.py:115} INFO - [2023-05-30 11:31:48,562] {dagbag.py:507} INFO - Filling up the DagBag from /opt/airflow/dags/.ipynb_checkpoints/jupyter-dag-checkpoint.py
[2023-05-30 11:31:48,602] {processor.py:651} INFO - DAG(s) dict_keys(['juupyter']) retrieved from /opt/airflow/dags/.ipynb_checkpoints/jupyter-dag-checkpoint.py
[2023-05-30 11:31:48,618] {logging_mixin.py:115} INFO - [2023-05-30 11:31:48,618] {dag.py:2371} INFO - Sync 1 DAGs
[2023-05-30 11:31:48,648] {logging_mixin.py:115} INFO - [2023-05-30 11:31:48,647] {dag.py:2919} INFO - Setting next_dagrun for juupyter to 2023-05-29T00:00:00+00:00, run_after=2023-05-30T00:00:00+00:00
[2023-05-30 11:31:48,666] {processor.py:161} INFO - Processing /opt/airflow/dags/.ipynb_checkpoints/jupyter-dag-checkpoint.py took 0.111 seconds
[2023-05-30 11:32:19,111] {processor.py:153} INFO - Started process (PID=970) to work on /opt/airflow/dags/.ipynb_checkpoints/jupyter-dag-checkpoint.py
[2023-05-30 11:32:19,112] {processor.py:641} INFO - Processing file /opt/airflow/dags/.ipynb_checkpoints/jupyter-dag-checkpoint.py for tasks to queue
[2023-05-30 11:32:19,113] {logging_mixin.py:115} INFO - [2023-05-30 11:32:19,112] {dagbag.py:507} INFO - Filling up the DagBag from /opt/airflow/dags/.ipynb_checkpoints/jupyter-dag-checkpoint.py
[2023-05-30 11:32:19,141] {processor.py:651} INFO - DAG(s) dict_keys(['juupyter']) retrieved from /opt/airflow/dags/.ipynb_checkpoints/jupyter-dag-checkpoint.py
[2023-05-30 11:32:19,234] {logging_mixin.py:115} INFO - [2023-05-30 11:32:19,234] {dag.py:2371} INFO - Sync 1 DAGs
[2023-05-30 11:32:19,261] {logging_mixin.py:115} INFO - [2023-05-30 11:32:19,261] {dag.py:2919} INFO - Setting next_dagrun for juupyter to 2023-05-29T00:00:00+00:00, run_after=2023-05-30T00:00:00+00:00
[2023-05-30 11:32:19,284] {processor.py:161} INFO - Processing /opt/airflow/dags/.ipynb_checkpoints/jupyter-dag-checkpoint.py took 0.177 seconds
[2023-05-30 11:32:49,949] {processor.py:153} INFO - Started process (PID=990) to work on /opt/airflow/dags/.ipynb_checkpoints/jupyter-dag-checkpoint.py
[2023-05-30 11:32:49,950] {processor.py:641} INFO - Processing file /opt/airflow/dags/.ipynb_checkpoints/jupyter-dag-checkpoint.py for tasks to queue
[2023-05-30 11:32:49,951] {logging_mixin.py:115} INFO - [2023-05-30 11:32:49,951] {dagbag.py:507} INFO - Filling up the DagBag from /opt/airflow/dags/.ipynb_checkpoints/jupyter-dag-checkpoint.py
[2023-05-30 11:32:49,976] {processor.py:651} INFO - DAG(s) dict_keys(['juupyter']) retrieved from /opt/airflow/dags/.ipynb_checkpoints/jupyter-dag-checkpoint.py
[2023-05-30 11:32:50,008] {logging_mixin.py:115} INFO - [2023-05-30 11:32:50,008] {dag.py:2371} INFO - Sync 1 DAGs
[2023-05-30 11:32:50,064] {logging_mixin.py:115} INFO - [2023-05-30 11:32:50,064] {dag.py:2919} INFO - Setting next_dagrun for juupyter to 2023-05-29T00:00:00+00:00, run_after=2023-05-30T00:00:00+00:00
[2023-05-30 11:32:50,099] {processor.py:161} INFO - Processing /opt/airflow/dags/.ipynb_checkpoints/jupyter-dag-checkpoint.py took 0.155 seconds
[2023-05-30 11:33:20,656] {processor.py:153} INFO - Started process (PID=1010) to work on /opt/airflow/dags/.ipynb_checkpoints/jupyter-dag-checkpoint.py
[2023-05-30 11:33:20,657] {processor.py:641} INFO - Processing file /opt/airflow/dags/.ipynb_checkpoints/jupyter-dag-checkpoint.py for tasks to queue
[2023-05-30 11:33:20,658] {logging_mixin.py:115} INFO - [2023-05-30 11:33:20,658] {dagbag.py:507} INFO - Filling up the DagBag from /opt/airflow/dags/.ipynb_checkpoints/jupyter-dag-checkpoint.py
[2023-05-30 11:33:20,688] {processor.py:651} INFO - DAG(s) dict_keys(['juupyter']) retrieved from /opt/airflow/dags/.ipynb_checkpoints/jupyter-dag-checkpoint.py
[2023-05-30 11:33:20,715] {logging_mixin.py:115} INFO - [2023-05-30 11:33:20,715] {dag.py:2371} INFO - Sync 1 DAGs
[2023-05-30 11:33:20,746] {logging_mixin.py:115} INFO - [2023-05-30 11:33:20,746] {dag.py:2919} INFO - Setting next_dagrun for juupyter to 2023-05-29T00:00:00+00:00, run_after=2023-05-30T00:00:00+00:00
[2023-05-30 11:33:20,768] {processor.py:161} INFO - Processing /opt/airflow/dags/.ipynb_checkpoints/jupyter-dag-checkpoint.py took 0.117 seconds
[2023-05-30 11:33:51,404] {processor.py:153} INFO - Started process (PID=1030) to work on /opt/airflow/dags/.ipynb_checkpoints/jupyter-dag-checkpoint.py
[2023-05-30 11:33:51,405] {processor.py:641} INFO - Processing file /opt/airflow/dags/.ipynb_checkpoints/jupyter-dag-checkpoint.py for tasks to queue
[2023-05-30 11:33:51,407] {logging_mixin.py:115} INFO - [2023-05-30 11:33:51,407] {dagbag.py:507} INFO - Filling up the DagBag from /opt/airflow/dags/.ipynb_checkpoints/jupyter-dag-checkpoint.py
[2023-05-30 11:33:51,452] {processor.py:651} INFO - DAG(s) dict_keys(['juupyter']) retrieved from /opt/airflow/dags/.ipynb_checkpoints/jupyter-dag-checkpoint.py
[2023-05-30 11:33:51,559] {logging_mixin.py:115} INFO - [2023-05-30 11:33:51,559] {dag.py:2371} INFO - Sync 1 DAGs
[2023-05-30 11:33:51,587] {logging_mixin.py:115} INFO - [2023-05-30 11:33:51,587] {dag.py:2919} INFO - Setting next_dagrun for juupyter to 2023-05-29T00:00:00+00:00, run_after=2023-05-30T00:00:00+00:00
[2023-05-30 11:33:51,611] {processor.py:161} INFO - Processing /opt/airflow/dags/.ipynb_checkpoints/jupyter-dag-checkpoint.py took 0.214 seconds
[2023-05-30 11:34:22,194] {processor.py:153} INFO - Started process (PID=1050) to work on /opt/airflow/dags/.ipynb_checkpoints/jupyter-dag-checkpoint.py
[2023-05-30 11:34:22,195] {processor.py:641} INFO - Processing file /opt/airflow/dags/.ipynb_checkpoints/jupyter-dag-checkpoint.py for tasks to queue
[2023-05-30 11:34:22,196] {logging_mixin.py:115} INFO - [2023-05-30 11:34:22,196] {dagbag.py:507} INFO - Filling up the DagBag from /opt/airflow/dags/.ipynb_checkpoints/jupyter-dag-checkpoint.py
[2023-05-30 11:34:22,220] {processor.py:651} INFO - DAG(s) dict_keys(['juupyter']) retrieved from /opt/airflow/dags/.ipynb_checkpoints/jupyter-dag-checkpoint.py
[2023-05-30 11:34:22,253] {logging_mixin.py:115} INFO - [2023-05-30 11:34:22,253] {dag.py:2371} INFO - Sync 1 DAGs
[2023-05-30 11:34:22,284] {logging_mixin.py:115} INFO - [2023-05-30 11:34:22,284] {dag.py:2919} INFO - Setting next_dagrun for juupyter to 2023-05-29T00:00:00+00:00, run_after=2023-05-30T00:00:00+00:00
[2023-05-30 11:34:22,306] {processor.py:161} INFO - Processing /opt/airflow/dags/.ipynb_checkpoints/jupyter-dag-checkpoint.py took 0.116 seconds
[2023-05-30 11:34:52,862] {processor.py:153} INFO - Started process (PID=1070) to work on /opt/airflow/dags/.ipynb_checkpoints/jupyter-dag-checkpoint.py
[2023-05-30 11:34:52,863] {processor.py:641} INFO - Processing file /opt/airflow/dags/.ipynb_checkpoints/jupyter-dag-checkpoint.py for tasks to queue
[2023-05-30 11:34:52,865] {logging_mixin.py:115} INFO - [2023-05-30 11:34:52,864] {dagbag.py:507} INFO - Filling up the DagBag from /opt/airflow/dags/.ipynb_checkpoints/jupyter-dag-checkpoint.py
[2023-05-30 11:34:52,895] {processor.py:651} INFO - DAG(s) dict_keys(['juupyter']) retrieved from /opt/airflow/dags/.ipynb_checkpoints/jupyter-dag-checkpoint.py
[2023-05-30 11:34:52,916] {logging_mixin.py:115} INFO - [2023-05-30 11:34:52,916] {dag.py:2371} INFO - Sync 1 DAGs
[2023-05-30 11:34:52,956] {logging_mixin.py:115} INFO - [2023-05-30 11:34:52,956] {dag.py:2919} INFO - Setting next_dagrun for juupyter to 2023-05-29T00:00:00+00:00, run_after=2023-05-30T00:00:00+00:00
[2023-05-30 11:34:52,975] {processor.py:161} INFO - Processing /opt/airflow/dags/.ipynb_checkpoints/jupyter-dag-checkpoint.py took 0.121 seconds
[2023-05-30 11:35:23,621] {processor.py:153} INFO - Started process (PID=1090) to work on /opt/airflow/dags/.ipynb_checkpoints/jupyter-dag-checkpoint.py
[2023-05-30 11:35:23,622] {processor.py:641} INFO - Processing file /opt/airflow/dags/.ipynb_checkpoints/jupyter-dag-checkpoint.py for tasks to queue
[2023-05-30 11:35:23,623] {logging_mixin.py:115} INFO - [2023-05-30 11:35:23,623] {dagbag.py:507} INFO - Filling up the DagBag from /opt/airflow/dags/.ipynb_checkpoints/jupyter-dag-checkpoint.py
[2023-05-30 11:35:23,654] {processor.py:651} INFO - DAG(s) dict_keys(['juupyter']) retrieved from /opt/airflow/dags/.ipynb_checkpoints/jupyter-dag-checkpoint.py
[2023-05-30 11:35:23,754] {logging_mixin.py:115} INFO - [2023-05-30 11:35:23,753] {dag.py:2371} INFO - Sync 1 DAGs
[2023-05-30 11:35:23,811] {logging_mixin.py:115} INFO - [2023-05-30 11:35:23,811] {dag.py:2919} INFO - Setting next_dagrun for juupyter to 2023-05-29T00:00:00+00:00, run_after=2023-05-30T00:00:00+00:00
[2023-05-30 11:35:23,842] {processor.py:161} INFO - Processing /opt/airflow/dags/.ipynb_checkpoints/jupyter-dag-checkpoint.py took 0.226 seconds
[2023-05-30 11:35:54,381] {processor.py:153} INFO - Started process (PID=1110) to work on /opt/airflow/dags/.ipynb_checkpoints/jupyter-dag-checkpoint.py
[2023-05-30 11:35:54,382] {processor.py:641} INFO - Processing file /opt/airflow/dags/.ipynb_checkpoints/jupyter-dag-checkpoint.py for tasks to queue
[2023-05-30 11:35:54,383] {logging_mixin.py:115} INFO - [2023-05-30 11:35:54,383] {dagbag.py:507} INFO - Filling up the DagBag from /opt/airflow/dags/.ipynb_checkpoints/jupyter-dag-checkpoint.py
[2023-05-30 11:35:54,410] {processor.py:651} INFO - DAG(s) dict_keys(['juupyter']) retrieved from /opt/airflow/dags/.ipynb_checkpoints/jupyter-dag-checkpoint.py
[2023-05-30 11:35:54,443] {logging_mixin.py:115} INFO - [2023-05-30 11:35:54,443] {dag.py:2371} INFO - Sync 1 DAGs
[2023-05-30 11:35:54,474] {logging_mixin.py:115} INFO - [2023-05-30 11:35:54,474] {dag.py:2919} INFO - Setting next_dagrun for juupyter to 2023-05-29T00:00:00+00:00, run_after=2023-05-30T00:00:00+00:00
[2023-05-30 11:35:54,495] {processor.py:161} INFO - Processing /opt/airflow/dags/.ipynb_checkpoints/jupyter-dag-checkpoint.py took 0.118 seconds
[2023-05-30 11:36:25,059] {processor.py:153} INFO - Started process (PID=1130) to work on /opt/airflow/dags/.ipynb_checkpoints/jupyter-dag-checkpoint.py
[2023-05-30 11:36:25,060] {processor.py:641} INFO - Processing file /opt/airflow/dags/.ipynb_checkpoints/jupyter-dag-checkpoint.py for tasks to queue
[2023-05-30 11:36:25,063] {logging_mixin.py:115} INFO - [2023-05-30 11:36:25,063] {dagbag.py:507} INFO - Filling up the DagBag from /opt/airflow/dags/.ipynb_checkpoints/jupyter-dag-checkpoint.py
[2023-05-30 11:36:25,099] {processor.py:651} INFO - DAG(s) dict_keys(['juupyter']) retrieved from /opt/airflow/dags/.ipynb_checkpoints/jupyter-dag-checkpoint.py
[2023-05-30 11:36:25,149] {logging_mixin.py:115} INFO - [2023-05-30 11:36:25,149] {dag.py:2371} INFO - Sync 1 DAGs
[2023-05-30 11:36:25,256] {logging_mixin.py:115} INFO - [2023-05-30 11:36:25,256] {dag.py:2919} INFO - Setting next_dagrun for juupyter to 2023-05-29T00:00:00+00:00, run_after=2023-05-30T00:00:00+00:00
[2023-05-30 11:36:25,454] {processor.py:161} INFO - Processing /opt/airflow/dags/.ipynb_checkpoints/jupyter-dag-checkpoint.py took 0.401 seconds
[2023-05-30 11:36:56,020] {processor.py:153} INFO - Started process (PID=1150) to work on /opt/airflow/dags/.ipynb_checkpoints/jupyter-dag-checkpoint.py
[2023-05-30 11:36:56,021] {processor.py:641} INFO - Processing file /opt/airflow/dags/.ipynb_checkpoints/jupyter-dag-checkpoint.py for tasks to queue
[2023-05-30 11:36:56,022] {logging_mixin.py:115} INFO - [2023-05-30 11:36:56,022] {dagbag.py:507} INFO - Filling up the DagBag from /opt/airflow/dags/.ipynb_checkpoints/jupyter-dag-checkpoint.py
[2023-05-30 11:36:56,048] {processor.py:651} INFO - DAG(s) dict_keys(['juupyter']) retrieved from /opt/airflow/dags/.ipynb_checkpoints/jupyter-dag-checkpoint.py
[2023-05-30 11:36:56,233] {logging_mixin.py:115} INFO - [2023-05-30 11:36:56,233] {dag.py:2371} INFO - Sync 1 DAGs
[2023-05-30 11:36:56,295] {logging_mixin.py:115} INFO - [2023-05-30 11:36:56,294] {dag.py:2919} INFO - Setting next_dagrun for juupyter to 2023-05-29T00:00:00+00:00, run_after=2023-05-30T00:00:00+00:00
[2023-05-30 11:36:56,487] {processor.py:161} INFO - Processing /opt/airflow/dags/.ipynb_checkpoints/jupyter-dag-checkpoint.py took 0.471 seconds
[2023-05-30 11:37:26,852] {processor.py:153} INFO - Started process (PID=1170) to work on /opt/airflow/dags/.ipynb_checkpoints/jupyter-dag-checkpoint.py
[2023-05-30 11:37:26,854] {processor.py:641} INFO - Processing file /opt/airflow/dags/.ipynb_checkpoints/jupyter-dag-checkpoint.py for tasks to queue
[2023-05-30 11:37:26,856] {logging_mixin.py:115} INFO - [2023-05-30 11:37:26,856] {dagbag.py:507} INFO - Filling up the DagBag from /opt/airflow/dags/.ipynb_checkpoints/jupyter-dag-checkpoint.py
[2023-05-30 11:37:26,889] {processor.py:651} INFO - DAG(s) dict_keys(['juupyter']) retrieved from /opt/airflow/dags/.ipynb_checkpoints/jupyter-dag-checkpoint.py
[2023-05-30 11:37:26,925] {logging_mixin.py:115} INFO - [2023-05-30 11:37:26,925] {dag.py:2371} INFO - Sync 1 DAGs
[2023-05-30 11:37:26,973] {logging_mixin.py:115} INFO - [2023-05-30 11:37:26,972] {dag.py:2919} INFO - Setting next_dagrun for juupyter to 2023-05-29T00:00:00+00:00, run_after=2023-05-30T00:00:00+00:00
[2023-05-30 11:37:27,001] {processor.py:161} INFO - Processing /opt/airflow/dags/.ipynb_checkpoints/jupyter-dag-checkpoint.py took 0.156 seconds
[2023-05-30 11:37:57,881] {processor.py:153} INFO - Started process (PID=1190) to work on /opt/airflow/dags/.ipynb_checkpoints/jupyter-dag-checkpoint.py
[2023-05-30 11:37:57,882] {processor.py:641} INFO - Processing file /opt/airflow/dags/.ipynb_checkpoints/jupyter-dag-checkpoint.py for tasks to queue
[2023-05-30 11:37:57,883] {logging_mixin.py:115} INFO - [2023-05-30 11:37:57,883] {dagbag.py:507} INFO - Filling up the DagBag from /opt/airflow/dags/.ipynb_checkpoints/jupyter-dag-checkpoint.py
[2023-05-30 11:37:57,909] {processor.py:651} INFO - DAG(s) dict_keys(['juupyter']) retrieved from /opt/airflow/dags/.ipynb_checkpoints/jupyter-dag-checkpoint.py
[2023-05-30 11:37:57,931] {logging_mixin.py:115} INFO - [2023-05-30 11:37:57,931] {dag.py:2371} INFO - Sync 1 DAGs
[2023-05-30 11:37:57,985] {logging_mixin.py:115} INFO - [2023-05-30 11:37:57,984] {dag.py:2919} INFO - Setting next_dagrun for juupyter to 2023-05-29T00:00:00+00:00, run_after=2023-05-30T00:00:00+00:00
[2023-05-30 11:37:58,049] {processor.py:161} INFO - Processing /opt/airflow/dags/.ipynb_checkpoints/jupyter-dag-checkpoint.py took 0.175 seconds
[2023-05-30 11:38:28,640] {processor.py:153} INFO - Started process (PID=1210) to work on /opt/airflow/dags/.ipynb_checkpoints/jupyter-dag-checkpoint.py
[2023-05-30 11:38:28,641] {processor.py:641} INFO - Processing file /opt/airflow/dags/.ipynb_checkpoints/jupyter-dag-checkpoint.py for tasks to queue
[2023-05-30 11:38:28,644] {logging_mixin.py:115} INFO - [2023-05-30 11:38:28,643] {dagbag.py:507} INFO - Filling up the DagBag from /opt/airflow/dags/.ipynb_checkpoints/jupyter-dag-checkpoint.py
[2023-05-30 11:38:28,707] {processor.py:651} INFO - DAG(s) dict_keys(['juupyter']) retrieved from /opt/airflow/dags/.ipynb_checkpoints/jupyter-dag-checkpoint.py
[2023-05-30 11:38:29,012] {logging_mixin.py:115} INFO - [2023-05-30 11:38:29,011] {dag.py:2371} INFO - Sync 1 DAGs
[2023-05-30 11:38:29,124] {logging_mixin.py:115} INFO - [2023-05-30 11:38:29,123] {dag.py:2919} INFO - Setting next_dagrun for juupyter to 2023-05-29T00:00:00+00:00, run_after=2023-05-30T00:00:00+00:00
[2023-05-30 11:38:29,194] {processor.py:161} INFO - Processing /opt/airflow/dags/.ipynb_checkpoints/jupyter-dag-checkpoint.py took 0.559 seconds
[2023-05-30 11:38:59,285] {processor.py:153} INFO - Started process (PID=1230) to work on /opt/airflow/dags/.ipynb_checkpoints/jupyter-dag-checkpoint.py
[2023-05-30 11:38:59,287] {processor.py:641} INFO - Processing file /opt/airflow/dags/.ipynb_checkpoints/jupyter-dag-checkpoint.py for tasks to queue
[2023-05-30 11:38:59,288] {logging_mixin.py:115} INFO - [2023-05-30 11:38:59,287] {dagbag.py:507} INFO - Filling up the DagBag from /opt/airflow/dags/.ipynb_checkpoints/jupyter-dag-checkpoint.py
[2023-05-30 11:38:59,316] {processor.py:651} INFO - DAG(s) dict_keys(['juupyter']) retrieved from /opt/airflow/dags/.ipynb_checkpoints/jupyter-dag-checkpoint.py
[2023-05-30 11:38:59,355] {logging_mixin.py:115} INFO - [2023-05-30 11:38:59,355] {dag.py:2371} INFO - Sync 1 DAGs
[2023-05-30 11:38:59,394] {logging_mixin.py:115} INFO - [2023-05-30 11:38:59,394] {dag.py:2919} INFO - Setting next_dagrun for juupyter to 2023-05-29T00:00:00+00:00, run_after=2023-05-30T00:00:00+00:00
[2023-05-30 11:38:59,414] {processor.py:161} INFO - Processing /opt/airflow/dags/.ipynb_checkpoints/jupyter-dag-checkpoint.py took 0.133 seconds
[2023-05-30 11:39:29,947] {processor.py:153} INFO - Started process (PID=1250) to work on /opt/airflow/dags/.ipynb_checkpoints/jupyter-dag-checkpoint.py
[2023-05-30 11:39:29,948] {processor.py:641} INFO - Processing file /opt/airflow/dags/.ipynb_checkpoints/jupyter-dag-checkpoint.py for tasks to queue
[2023-05-30 11:39:29,949] {logging_mixin.py:115} INFO - [2023-05-30 11:39:29,949] {dagbag.py:507} INFO - Filling up the DagBag from /opt/airflow/dags/.ipynb_checkpoints/jupyter-dag-checkpoint.py
[2023-05-30 11:39:29,976] {processor.py:651} INFO - DAG(s) dict_keys(['juupyter']) retrieved from /opt/airflow/dags/.ipynb_checkpoints/jupyter-dag-checkpoint.py
[2023-05-30 11:39:29,995] {logging_mixin.py:115} INFO - [2023-05-30 11:39:29,995] {dag.py:2371} INFO - Sync 1 DAGs
[2023-05-30 11:39:30,033] {logging_mixin.py:115} INFO - [2023-05-30 11:39:30,033] {dag.py:2919} INFO - Setting next_dagrun for juupyter to 2023-05-29T00:00:00+00:00, run_after=2023-05-30T00:00:00+00:00
[2023-05-30 11:39:30,064] {processor.py:161} INFO - Processing /opt/airflow/dags/.ipynb_checkpoints/jupyter-dag-checkpoint.py took 0.121 seconds
[2023-05-30 11:40:00,515] {processor.py:153} INFO - Started process (PID=1270) to work on /opt/airflow/dags/.ipynb_checkpoints/jupyter-dag-checkpoint.py
[2023-05-30 11:40:00,516] {processor.py:641} INFO - Processing file /opt/airflow/dags/.ipynb_checkpoints/jupyter-dag-checkpoint.py for tasks to queue
[2023-05-30 11:40:00,517] {logging_mixin.py:115} INFO - [2023-05-30 11:40:00,516] {dagbag.py:507} INFO - Filling up the DagBag from /opt/airflow/dags/.ipynb_checkpoints/jupyter-dag-checkpoint.py
[2023-05-30 11:40:00,540] {processor.py:651} INFO - DAG(s) dict_keys(['juupyter']) retrieved from /opt/airflow/dags/.ipynb_checkpoints/jupyter-dag-checkpoint.py
[2023-05-30 11:40:00,667] {logging_mixin.py:115} INFO - [2023-05-30 11:40:00,667] {dag.py:2371} INFO - Sync 1 DAGs
[2023-05-30 11:40:00,722] {logging_mixin.py:115} INFO - [2023-05-30 11:40:00,722] {dag.py:2919} INFO - Setting next_dagrun for juupyter to 2023-05-29T00:00:00+00:00, run_after=2023-05-30T00:00:00+00:00
[2023-05-30 11:40:00,763] {processor.py:161} INFO - Processing /opt/airflow/dags/.ipynb_checkpoints/jupyter-dag-checkpoint.py took 0.252 seconds
[2023-05-30 11:40:31,248] {processor.py:153} INFO - Started process (PID=1290) to work on /opt/airflow/dags/.ipynb_checkpoints/jupyter-dag-checkpoint.py
[2023-05-30 11:40:31,249] {processor.py:641} INFO - Processing file /opt/airflow/dags/.ipynb_checkpoints/jupyter-dag-checkpoint.py for tasks to queue
[2023-05-30 11:40:31,250] {logging_mixin.py:115} INFO - [2023-05-30 11:40:31,250] {dagbag.py:507} INFO - Filling up the DagBag from /opt/airflow/dags/.ipynb_checkpoints/jupyter-dag-checkpoint.py
[2023-05-30 11:40:31,274] {processor.py:651} INFO - DAG(s) dict_keys(['juupyter']) retrieved from /opt/airflow/dags/.ipynb_checkpoints/jupyter-dag-checkpoint.py
[2023-05-30 11:40:31,315] {logging_mixin.py:115} INFO - [2023-05-30 11:40:31,315] {dag.py:2371} INFO - Sync 1 DAGs
[2023-05-30 11:40:31,353] {logging_mixin.py:115} INFO - [2023-05-30 11:40:31,352] {dag.py:2919} INFO - Setting next_dagrun for juupyter to 2023-05-29T00:00:00+00:00, run_after=2023-05-30T00:00:00+00:00
[2023-05-30 11:40:31,391] {processor.py:161} INFO - Processing /opt/airflow/dags/.ipynb_checkpoints/jupyter-dag-checkpoint.py took 0.147 seconds
[2023-05-30 11:41:01,859] {processor.py:153} INFO - Started process (PID=1310) to work on /opt/airflow/dags/.ipynb_checkpoints/jupyter-dag-checkpoint.py
[2023-05-30 11:41:01,861] {processor.py:641} INFO - Processing file /opt/airflow/dags/.ipynb_checkpoints/jupyter-dag-checkpoint.py for tasks to queue
[2023-05-30 11:41:01,863] {logging_mixin.py:115} INFO - [2023-05-30 11:41:01,863] {dagbag.py:507} INFO - Filling up the DagBag from /opt/airflow/dags/.ipynb_checkpoints/jupyter-dag-checkpoint.py
[2023-05-30 11:41:01,910] {processor.py:651} INFO - DAG(s) dict_keys(['juupyter']) retrieved from /opt/airflow/dags/.ipynb_checkpoints/jupyter-dag-checkpoint.py
[2023-05-30 11:41:01,954] {logging_mixin.py:115} INFO - [2023-05-30 11:41:01,953] {dag.py:2371} INFO - Sync 1 DAGs
[2023-05-30 11:41:01,994] {logging_mixin.py:115} INFO - [2023-05-30 11:41:01,994] {dag.py:2919} INFO - Setting next_dagrun for juupyter to 2023-05-29T00:00:00+00:00, run_after=2023-05-30T00:00:00+00:00
[2023-05-30 11:41:02,016] {processor.py:161} INFO - Processing /opt/airflow/dags/.ipynb_checkpoints/jupyter-dag-checkpoint.py took 0.166 seconds
[2023-05-30 11:41:32,389] {processor.py:153} INFO - Started process (PID=1330) to work on /opt/airflow/dags/.ipynb_checkpoints/jupyter-dag-checkpoint.py
[2023-05-30 11:41:32,390] {processor.py:641} INFO - Processing file /opt/airflow/dags/.ipynb_checkpoints/jupyter-dag-checkpoint.py for tasks to queue
[2023-05-30 11:41:32,391] {logging_mixin.py:115} INFO - [2023-05-30 11:41:32,391] {dagbag.py:507} INFO - Filling up the DagBag from /opt/airflow/dags/.ipynb_checkpoints/jupyter-dag-checkpoint.py
[2023-05-30 11:41:32,416] {processor.py:651} INFO - DAG(s) dict_keys(['juupyter']) retrieved from /opt/airflow/dags/.ipynb_checkpoints/jupyter-dag-checkpoint.py
[2023-05-30 11:41:32,514] {logging_mixin.py:115} INFO - [2023-05-30 11:41:32,514] {dag.py:2371} INFO - Sync 1 DAGs
[2023-05-30 11:41:32,558] {logging_mixin.py:115} INFO - [2023-05-30 11:41:32,558] {dag.py:2919} INFO - Setting next_dagrun for juupyter to 2023-05-29T00:00:00+00:00, run_after=2023-05-30T00:00:00+00:00
[2023-05-30 11:41:32,591] {processor.py:161} INFO - Processing /opt/airflow/dags/.ipynb_checkpoints/jupyter-dag-checkpoint.py took 0.207 seconds
[2023-05-30 11:42:02,960] {processor.py:153} INFO - Started process (PID=1350) to work on /opt/airflow/dags/.ipynb_checkpoints/jupyter-dag-checkpoint.py
[2023-05-30 11:42:02,962] {processor.py:641} INFO - Processing file /opt/airflow/dags/.ipynb_checkpoints/jupyter-dag-checkpoint.py for tasks to queue
[2023-05-30 11:42:02,963] {logging_mixin.py:115} INFO - [2023-05-30 11:42:02,963] {dagbag.py:507} INFO - Filling up the DagBag from /opt/airflow/dags/.ipynb_checkpoints/jupyter-dag-checkpoint.py
[2023-05-30 11:42:02,992] {processor.py:651} INFO - DAG(s) dict_keys(['juupyter']) retrieved from /opt/airflow/dags/.ipynb_checkpoints/jupyter-dag-checkpoint.py
[2023-05-30 11:42:03,044] {logging_mixin.py:115} INFO - [2023-05-30 11:42:03,044] {dag.py:2371} INFO - Sync 1 DAGs
[2023-05-30 11:42:03,104] {logging_mixin.py:115} INFO - [2023-05-30 11:42:03,104] {dag.py:2919} INFO - Setting next_dagrun for juupyter to 2023-05-29T00:00:00+00:00, run_after=2023-05-30T00:00:00+00:00
[2023-05-30 11:42:03,130] {processor.py:161} INFO - Processing /opt/airflow/dags/.ipynb_checkpoints/jupyter-dag-checkpoint.py took 0.174 seconds
[2023-05-30 11:42:33,918] {processor.py:153} INFO - Started process (PID=1370) to work on /opt/airflow/dags/.ipynb_checkpoints/jupyter-dag-checkpoint.py
[2023-05-30 11:42:33,919] {processor.py:641} INFO - Processing file /opt/airflow/dags/.ipynb_checkpoints/jupyter-dag-checkpoint.py for tasks to queue
[2023-05-30 11:42:33,921] {logging_mixin.py:115} INFO - [2023-05-30 11:42:33,921] {dagbag.py:507} INFO - Filling up the DagBag from /opt/airflow/dags/.ipynb_checkpoints/jupyter-dag-checkpoint.py
[2023-05-30 11:42:33,977] {processor.py:651} INFO - DAG(s) dict_keys(['juupyter']) retrieved from /opt/airflow/dags/.ipynb_checkpoints/jupyter-dag-checkpoint.py
[2023-05-30 11:42:34,056] {logging_mixin.py:115} INFO - [2023-05-30 11:42:34,056] {dag.py:2371} INFO - Sync 1 DAGs
[2023-05-30 11:42:34,223] {logging_mixin.py:115} INFO - [2023-05-30 11:42:34,223] {dag.py:2919} INFO - Setting next_dagrun for juupyter to 2023-05-29T00:00:00+00:00, run_after=2023-05-30T00:00:00+00:00
[2023-05-30 11:42:34,301] {processor.py:161} INFO - Processing /opt/airflow/dags/.ipynb_checkpoints/jupyter-dag-checkpoint.py took 0.405 seconds
[2023-05-30 11:43:04,738] {processor.py:153} INFO - Started process (PID=1390) to work on /opt/airflow/dags/.ipynb_checkpoints/jupyter-dag-checkpoint.py
[2023-05-30 11:43:04,739] {processor.py:641} INFO - Processing file /opt/airflow/dags/.ipynb_checkpoints/jupyter-dag-checkpoint.py for tasks to queue
[2023-05-30 11:43:04,741] {logging_mixin.py:115} INFO - [2023-05-30 11:43:04,741] {dagbag.py:507} INFO - Filling up the DagBag from /opt/airflow/dags/.ipynb_checkpoints/jupyter-dag-checkpoint.py
[2023-05-30 11:43:04,785] {processor.py:651} INFO - DAG(s) dict_keys(['juupyter']) retrieved from /opt/airflow/dags/.ipynb_checkpoints/jupyter-dag-checkpoint.py
[2023-05-30 11:43:04,984] {logging_mixin.py:115} INFO - [2023-05-30 11:43:04,983] {dag.py:2371} INFO - Sync 1 DAGs
[2023-05-30 11:43:05,022] {logging_mixin.py:115} INFO - [2023-05-30 11:43:05,022] {dag.py:2919} INFO - Setting next_dagrun for juupyter to 2023-05-29T00:00:00+00:00, run_after=2023-05-30T00:00:00+00:00
[2023-05-30 11:43:05,046] {processor.py:161} INFO - Processing /opt/airflow/dags/.ipynb_checkpoints/jupyter-dag-checkpoint.py took 0.313 seconds
[2023-05-30 11:43:35,394] {processor.py:153} INFO - Started process (PID=1410) to work on /opt/airflow/dags/.ipynb_checkpoints/jupyter-dag-checkpoint.py
[2023-05-30 11:43:35,395] {processor.py:641} INFO - Processing file /opt/airflow/dags/.ipynb_checkpoints/jupyter-dag-checkpoint.py for tasks to queue
[2023-05-30 11:43:35,396] {logging_mixin.py:115} INFO - [2023-05-30 11:43:35,396] {dagbag.py:507} INFO - Filling up the DagBag from /opt/airflow/dags/.ipynb_checkpoints/jupyter-dag-checkpoint.py
[2023-05-30 11:43:35,419] {processor.py:651} INFO - DAG(s) dict_keys(['juupyter']) retrieved from /opt/airflow/dags/.ipynb_checkpoints/jupyter-dag-checkpoint.py
[2023-05-30 11:43:35,463] {logging_mixin.py:115} INFO - [2023-05-30 11:43:35,463] {dag.py:2371} INFO - Sync 1 DAGs
[2023-05-30 11:43:35,499] {logging_mixin.py:115} INFO - [2023-05-30 11:43:35,499] {dag.py:2919} INFO - Setting next_dagrun for juupyter to 2023-05-29T00:00:00+00:00, run_after=2023-05-30T00:00:00+00:00
[2023-05-30 11:43:35,527] {processor.py:161} INFO - Processing /opt/airflow/dags/.ipynb_checkpoints/jupyter-dag-checkpoint.py took 0.137 seconds
[2023-05-30 11:44:06,065] {processor.py:153} INFO - Started process (PID=1430) to work on /opt/airflow/dags/.ipynb_checkpoints/jupyter-dag-checkpoint.py
[2023-05-30 11:44:06,066] {processor.py:641} INFO - Processing file /opt/airflow/dags/.ipynb_checkpoints/jupyter-dag-checkpoint.py for tasks to queue
[2023-05-30 11:44:06,067] {logging_mixin.py:115} INFO - [2023-05-30 11:44:06,067] {dagbag.py:507} INFO - Filling up the DagBag from /opt/airflow/dags/.ipynb_checkpoints/jupyter-dag-checkpoint.py
[2023-05-30 11:44:06,095] {processor.py:651} INFO - DAG(s) dict_keys(['juupyter']) retrieved from /opt/airflow/dags/.ipynb_checkpoints/jupyter-dag-checkpoint.py
[2023-05-30 11:44:06,114] {logging_mixin.py:115} INFO - [2023-05-30 11:44:06,114] {dag.py:2371} INFO - Sync 1 DAGs
[2023-05-30 11:44:06,151] {logging_mixin.py:115} INFO - [2023-05-30 11:44:06,151] {dag.py:2919} INFO - Setting next_dagrun for juupyter to 2023-05-29T00:00:00+00:00, run_after=2023-05-30T00:00:00+00:00
[2023-05-30 11:44:06,174] {processor.py:161} INFO - Processing /opt/airflow/dags/.ipynb_checkpoints/jupyter-dag-checkpoint.py took 0.112 seconds
[2023-05-30 11:44:36,652] {processor.py:153} INFO - Started process (PID=1450) to work on /opt/airflow/dags/.ipynb_checkpoints/jupyter-dag-checkpoint.py
[2023-05-30 11:44:36,653] {processor.py:641} INFO - Processing file /opt/airflow/dags/.ipynb_checkpoints/jupyter-dag-checkpoint.py for tasks to queue
[2023-05-30 11:44:36,654] {logging_mixin.py:115} INFO - [2023-05-30 11:44:36,654] {dagbag.py:507} INFO - Filling up the DagBag from /opt/airflow/dags/.ipynb_checkpoints/jupyter-dag-checkpoint.py
[2023-05-30 11:44:36,685] {processor.py:651} INFO - DAG(s) dict_keys(['juupyter']) retrieved from /opt/airflow/dags/.ipynb_checkpoints/jupyter-dag-checkpoint.py
[2023-05-30 11:44:36,776] {logging_mixin.py:115} INFO - [2023-05-30 11:44:36,776] {dag.py:2371} INFO - Sync 1 DAGs
[2023-05-30 11:44:36,810] {logging_mixin.py:115} INFO - [2023-05-30 11:44:36,810] {dag.py:2919} INFO - Setting next_dagrun for juupyter to 2023-05-29T00:00:00+00:00, run_after=2023-05-30T00:00:00+00:00
[2023-05-30 11:44:36,837] {processor.py:161} INFO - Processing /opt/airflow/dags/.ipynb_checkpoints/jupyter-dag-checkpoint.py took 0.189 seconds
[2023-05-30 11:45:07,294] {processor.py:153} INFO - Started process (PID=1470) to work on /opt/airflow/dags/.ipynb_checkpoints/jupyter-dag-checkpoint.py
[2023-05-30 11:45:07,295] {processor.py:641} INFO - Processing file /opt/airflow/dags/.ipynb_checkpoints/jupyter-dag-checkpoint.py for tasks to queue
[2023-05-30 11:45:07,297] {logging_mixin.py:115} INFO - [2023-05-30 11:45:07,297] {dagbag.py:507} INFO - Filling up the DagBag from /opt/airflow/dags/.ipynb_checkpoints/jupyter-dag-checkpoint.py
[2023-05-30 11:45:07,323] {processor.py:651} INFO - DAG(s) dict_keys(['juupyter']) retrieved from /opt/airflow/dags/.ipynb_checkpoints/jupyter-dag-checkpoint.py
[2023-05-30 11:45:07,375] {logging_mixin.py:115} INFO - [2023-05-30 11:45:07,375] {dag.py:2371} INFO - Sync 1 DAGs
[2023-05-30 11:45:07,454] {logging_mixin.py:115} INFO - [2023-05-30 11:45:07,454] {dag.py:2919} INFO - Setting next_dagrun for juupyter to 2023-05-29T00:00:00+00:00, run_after=2023-05-30T00:00:00+00:00
[2023-05-30 11:45:07,488] {processor.py:161} INFO - Processing /opt/airflow/dags/.ipynb_checkpoints/jupyter-dag-checkpoint.py took 0.198 seconds
[2023-05-30 11:45:38,169] {processor.py:153} INFO - Started process (PID=1490) to work on /opt/airflow/dags/.ipynb_checkpoints/jupyter-dag-checkpoint.py
[2023-05-30 11:45:38,170] {processor.py:641} INFO - Processing file /opt/airflow/dags/.ipynb_checkpoints/jupyter-dag-checkpoint.py for tasks to queue
[2023-05-30 11:45:38,171] {logging_mixin.py:115} INFO - [2023-05-30 11:45:38,171] {dagbag.py:507} INFO - Filling up the DagBag from /opt/airflow/dags/.ipynb_checkpoints/jupyter-dag-checkpoint.py
[2023-05-30 11:45:38,204] {processor.py:651} INFO - DAG(s) dict_keys(['juupyter']) retrieved from /opt/airflow/dags/.ipynb_checkpoints/jupyter-dag-checkpoint.py
[2023-05-30 11:45:38,229] {logging_mixin.py:115} INFO - [2023-05-30 11:45:38,229] {dag.py:2371} INFO - Sync 1 DAGs
[2023-05-30 11:45:38,272] {logging_mixin.py:115} INFO - [2023-05-30 11:45:38,272] {dag.py:2919} INFO - Setting next_dagrun for juupyter to 2023-05-29T00:00:00+00:00, run_after=2023-05-30T00:00:00+00:00
[2023-05-30 11:45:38,292] {processor.py:161} INFO - Processing /opt/airflow/dags/.ipynb_checkpoints/jupyter-dag-checkpoint.py took 0.129 seconds
[2023-05-30 11:46:09,005] {processor.py:153} INFO - Started process (PID=1510) to work on /opt/airflow/dags/.ipynb_checkpoints/jupyter-dag-checkpoint.py
[2023-05-30 11:46:09,006] {processor.py:641} INFO - Processing file /opt/airflow/dags/.ipynb_checkpoints/jupyter-dag-checkpoint.py for tasks to queue
[2023-05-30 11:46:09,008] {logging_mixin.py:115} INFO - [2023-05-30 11:46:09,007] {dagbag.py:507} INFO - Filling up the DagBag from /opt/airflow/dags/.ipynb_checkpoints/jupyter-dag-checkpoint.py
[2023-05-30 11:46:09,066] {processor.py:651} INFO - DAG(s) dict_keys(['juupyter']) retrieved from /opt/airflow/dags/.ipynb_checkpoints/jupyter-dag-checkpoint.py
[2023-05-30 11:46:09,213] {logging_mixin.py:115} INFO - [2023-05-30 11:46:09,213] {dag.py:2371} INFO - Sync 1 DAGs
[2023-05-30 11:46:09,243] {logging_mixin.py:115} INFO - [2023-05-30 11:46:09,242] {dag.py:2919} INFO - Setting next_dagrun for juupyter to 2023-05-29T00:00:00+00:00, run_after=2023-05-30T00:00:00+00:00
[2023-05-30 11:46:09,267] {processor.py:161} INFO - Processing /opt/airflow/dags/.ipynb_checkpoints/jupyter-dag-checkpoint.py took 0.266 seconds
[2023-05-30 11:46:39,518] {processor.py:153} INFO - Started process (PID=1530) to work on /opt/airflow/dags/.ipynb_checkpoints/jupyter-dag-checkpoint.py
[2023-05-30 11:46:39,521] {processor.py:641} INFO - Processing file /opt/airflow/dags/.ipynb_checkpoints/jupyter-dag-checkpoint.py for tasks to queue
[2023-05-30 11:46:39,524] {logging_mixin.py:115} INFO - [2023-05-30 11:46:39,524] {dagbag.py:507} INFO - Filling up the DagBag from /opt/airflow/dags/.ipynb_checkpoints/jupyter-dag-checkpoint.py
[2023-05-30 11:46:39,553] {processor.py:651} INFO - DAG(s) dict_keys(['juupyter']) retrieved from /opt/airflow/dags/.ipynb_checkpoints/jupyter-dag-checkpoint.py
[2023-05-30 11:46:39,587] {logging_mixin.py:115} INFO - [2023-05-30 11:46:39,587] {dag.py:2371} INFO - Sync 1 DAGs
[2023-05-30 11:46:39,619] {logging_mixin.py:115} INFO - [2023-05-30 11:46:39,619] {dag.py:2919} INFO - Setting next_dagrun for juupyter to 2023-05-29T00:00:00+00:00, run_after=2023-05-30T00:00:00+00:00
[2023-05-30 11:46:39,683] {processor.py:161} INFO - Processing /opt/airflow/dags/.ipynb_checkpoints/jupyter-dag-checkpoint.py took 0.173 seconds
[2023-05-30 11:47:09,917] {processor.py:153} INFO - Started process (PID=1550) to work on /opt/airflow/dags/.ipynb_checkpoints/jupyter-dag-checkpoint.py
[2023-05-30 11:47:09,918] {processor.py:641} INFO - Processing file /opt/airflow/dags/.ipynb_checkpoints/jupyter-dag-checkpoint.py for tasks to queue
[2023-05-30 11:47:09,919] {logging_mixin.py:115} INFO - [2023-05-30 11:47:09,919] {dagbag.py:507} INFO - Filling up the DagBag from /opt/airflow/dags/.ipynb_checkpoints/jupyter-dag-checkpoint.py
[2023-05-30 11:47:09,947] {processor.py:651} INFO - DAG(s) dict_keys(['juupyter']) retrieved from /opt/airflow/dags/.ipynb_checkpoints/jupyter-dag-checkpoint.py
[2023-05-30 11:47:09,967] {logging_mixin.py:115} INFO - [2023-05-30 11:47:09,967] {dag.py:2371} INFO - Sync 1 DAGs
[2023-05-30 11:47:10,009] {logging_mixin.py:115} INFO - [2023-05-30 11:47:10,008] {dag.py:2919} INFO - Setting next_dagrun for juupyter to 2023-05-29T00:00:00+00:00, run_after=2023-05-30T00:00:00+00:00
[2023-05-30 11:47:10,041] {processor.py:161} INFO - Processing /opt/airflow/dags/.ipynb_checkpoints/jupyter-dag-checkpoint.py took 0.129 seconds
[2023-05-30 11:47:40,458] {processor.py:153} INFO - Started process (PID=1560) to work on /opt/airflow/dags/.ipynb_checkpoints/jupyter-dag-checkpoint.py
[2023-05-30 11:47:40,461] {processor.py:641} INFO - Processing file /opt/airflow/dags/.ipynb_checkpoints/jupyter-dag-checkpoint.py for tasks to queue
[2023-05-30 11:47:40,462] {logging_mixin.py:115} INFO - [2023-05-30 11:47:40,462] {dagbag.py:507} INFO - Filling up the DagBag from /opt/airflow/dags/.ipynb_checkpoints/jupyter-dag-checkpoint.py
[2023-05-30 11:47:40,494] {processor.py:651} INFO - DAG(s) dict_keys(['juupyter']) retrieved from /opt/airflow/dags/.ipynb_checkpoints/jupyter-dag-checkpoint.py
[2023-05-30 11:47:40,585] {logging_mixin.py:115} INFO - [2023-05-30 11:47:40,585] {dag.py:2371} INFO - Sync 1 DAGs
[2023-05-30 11:47:40,636] {logging_mixin.py:115} INFO - [2023-05-30 11:47:40,636] {dag.py:2919} INFO - Setting next_dagrun for juupyter to 2023-05-29T00:00:00+00:00, run_after=2023-05-30T00:00:00+00:00
[2023-05-30 11:47:40,663] {processor.py:161} INFO - Processing /opt/airflow/dags/.ipynb_checkpoints/jupyter-dag-checkpoint.py took 0.210 seconds
[2023-05-30 11:48:10,899] {processor.py:153} INFO - Started process (PID=1570) to work on /opt/airflow/dags/.ipynb_checkpoints/jupyter-dag-checkpoint.py
[2023-05-30 11:48:10,900] {processor.py:641} INFO - Processing file /opt/airflow/dags/.ipynb_checkpoints/jupyter-dag-checkpoint.py for tasks to queue
[2023-05-30 11:48:10,902] {logging_mixin.py:115} INFO - [2023-05-30 11:48:10,902] {dagbag.py:507} INFO - Filling up the DagBag from /opt/airflow/dags/.ipynb_checkpoints/jupyter-dag-checkpoint.py
[2023-05-30 11:48:10,930] {processor.py:651} INFO - DAG(s) dict_keys(['juupyter']) retrieved from /opt/airflow/dags/.ipynb_checkpoints/jupyter-dag-checkpoint.py
[2023-05-30 11:48:10,970] {logging_mixin.py:115} INFO - [2023-05-30 11:48:10,970] {dag.py:2371} INFO - Sync 1 DAGs
[2023-05-30 11:48:11,007] {logging_mixin.py:115} INFO - [2023-05-30 11:48:11,007] {dag.py:2919} INFO - Setting next_dagrun for juupyter to 2023-05-29T00:00:00+00:00, run_after=2023-05-30T00:00:00+00:00
[2023-05-30 11:48:11,026] {processor.py:161} INFO - Processing /opt/airflow/dags/.ipynb_checkpoints/jupyter-dag-checkpoint.py took 0.132 seconds
[2023-05-30 11:48:41,288] {processor.py:153} INFO - Started process (PID=1580) to work on /opt/airflow/dags/.ipynb_checkpoints/jupyter-dag-checkpoint.py
[2023-05-30 11:48:41,289] {processor.py:641} INFO - Processing file /opt/airflow/dags/.ipynb_checkpoints/jupyter-dag-checkpoint.py for tasks to queue
[2023-05-30 11:48:41,291] {logging_mixin.py:115} INFO - [2023-05-30 11:48:41,291] {dagbag.py:507} INFO - Filling up the DagBag from /opt/airflow/dags/.ipynb_checkpoints/jupyter-dag-checkpoint.py
[2023-05-30 11:48:41,319] {processor.py:651} INFO - DAG(s) dict_keys(['juupyter']) retrieved from /opt/airflow/dags/.ipynb_checkpoints/jupyter-dag-checkpoint.py
[2023-05-30 11:48:41,347] {logging_mixin.py:115} INFO - [2023-05-30 11:48:41,347] {dag.py:2371} INFO - Sync 1 DAGs
[2023-05-30 11:48:41,406] {logging_mixin.py:115} INFO - [2023-05-30 11:48:41,405] {dag.py:2919} INFO - Setting next_dagrun for juupyter to 2023-05-29T00:00:00+00:00, run_after=2023-05-30T00:00:00+00:00
[2023-05-30 11:48:41,428] {processor.py:161} INFO - Processing /opt/airflow/dags/.ipynb_checkpoints/jupyter-dag-checkpoint.py took 0.145 seconds
[2023-05-30 11:49:11,659] {processor.py:153} INFO - Started process (PID=1590) to work on /opt/airflow/dags/.ipynb_checkpoints/jupyter-dag-checkpoint.py
[2023-05-30 11:49:11,660] {processor.py:641} INFO - Processing file /opt/airflow/dags/.ipynb_checkpoints/jupyter-dag-checkpoint.py for tasks to queue
[2023-05-30 11:49:11,662] {logging_mixin.py:115} INFO - [2023-05-30 11:49:11,661] {dagbag.py:507} INFO - Filling up the DagBag from /opt/airflow/dags/.ipynb_checkpoints/jupyter-dag-checkpoint.py
[2023-05-30 11:49:11,701] {processor.py:651} INFO - DAG(s) dict_keys(['juupyter']) retrieved from /opt/airflow/dags/.ipynb_checkpoints/jupyter-dag-checkpoint.py
[2023-05-30 11:49:11,835] {logging_mixin.py:115} INFO - [2023-05-30 11:49:11,835] {dag.py:2371} INFO - Sync 1 DAGs
[2023-05-30 11:49:11,906] {logging_mixin.py:115} INFO - [2023-05-30 11:49:11,905] {dag.py:2919} INFO - Setting next_dagrun for juupyter to 2023-05-29T00:00:00+00:00, run_after=2023-05-30T00:00:00+00:00
[2023-05-30 11:49:11,936] {processor.py:161} INFO - Processing /opt/airflow/dags/.ipynb_checkpoints/jupyter-dag-checkpoint.py took 0.281 seconds
[2023-05-30 11:49:42,137] {processor.py:153} INFO - Started process (PID=1600) to work on /opt/airflow/dags/.ipynb_checkpoints/jupyter-dag-checkpoint.py
[2023-05-30 11:49:42,139] {processor.py:641} INFO - Processing file /opt/airflow/dags/.ipynb_checkpoints/jupyter-dag-checkpoint.py for tasks to queue
[2023-05-30 11:49:42,140] {logging_mixin.py:115} INFO - [2023-05-30 11:49:42,140] {dagbag.py:507} INFO - Filling up the DagBag from /opt/airflow/dags/.ipynb_checkpoints/jupyter-dag-checkpoint.py
[2023-05-30 11:49:42,168] {processor.py:651} INFO - DAG(s) dict_keys(['juupyter']) retrieved from /opt/airflow/dags/.ipynb_checkpoints/jupyter-dag-checkpoint.py
[2023-05-30 11:49:42,201] {logging_mixin.py:115} INFO - [2023-05-30 11:49:42,201] {dag.py:2371} INFO - Sync 1 DAGs
[2023-05-30 11:49:42,232] {logging_mixin.py:115} INFO - [2023-05-30 11:49:42,232] {dag.py:2919} INFO - Setting next_dagrun for juupyter to 2023-05-29T00:00:00+00:00, run_after=2023-05-30T00:00:00+00:00
[2023-05-30 11:49:42,253] {processor.py:161} INFO - Processing /opt/airflow/dags/.ipynb_checkpoints/jupyter-dag-checkpoint.py took 0.120 seconds
[2023-05-30 11:50:12,845] {processor.py:153} INFO - Started process (PID=1610) to work on /opt/airflow/dags/.ipynb_checkpoints/jupyter-dag-checkpoint.py
[2023-05-30 11:50:12,847] {processor.py:641} INFO - Processing file /opt/airflow/dags/.ipynb_checkpoints/jupyter-dag-checkpoint.py for tasks to queue
[2023-05-30 11:50:12,849] {logging_mixin.py:115} INFO - [2023-05-30 11:50:12,849] {dagbag.py:507} INFO - Filling up the DagBag from /opt/airflow/dags/.ipynb_checkpoints/jupyter-dag-checkpoint.py
[2023-05-30 11:50:12,896] {processor.py:651} INFO - DAG(s) dict_keys(['juupyter']) retrieved from /opt/airflow/dags/.ipynb_checkpoints/jupyter-dag-checkpoint.py
[2023-05-30 11:50:12,947] {logging_mixin.py:115} INFO - [2023-05-30 11:50:12,947] {dag.py:2371} INFO - Sync 1 DAGs
[2023-05-30 11:50:13,080] {logging_mixin.py:115} INFO - [2023-05-30 11:50:13,080] {dag.py:2919} INFO - Setting next_dagrun for juupyter to 2023-05-29T00:00:00+00:00, run_after=2023-05-30T00:00:00+00:00
[2023-05-30 11:50:13,151] {processor.py:161} INFO - Processing /opt/airflow/dags/.ipynb_checkpoints/jupyter-dag-checkpoint.py took 0.311 seconds
[2023-05-30 11:50:43,675] {processor.py:153} INFO - Started process (PID=1620) to work on /opt/airflow/dags/.ipynb_checkpoints/jupyter-dag-checkpoint.py
[2023-05-30 11:50:43,677] {processor.py:641} INFO - Processing file /opt/airflow/dags/.ipynb_checkpoints/jupyter-dag-checkpoint.py for tasks to queue
[2023-05-30 11:50:43,678] {logging_mixin.py:115} INFO - [2023-05-30 11:50:43,678] {dagbag.py:507} INFO - Filling up the DagBag from /opt/airflow/dags/.ipynb_checkpoints/jupyter-dag-checkpoint.py
[2023-05-30 11:50:43,711] {processor.py:651} INFO - DAG(s) dict_keys(['juupyter']) retrieved from /opt/airflow/dags/.ipynb_checkpoints/jupyter-dag-checkpoint.py
[2023-05-30 11:50:43,870] {logging_mixin.py:115} INFO - [2023-05-30 11:50:43,870] {dag.py:2371} INFO - Sync 1 DAGs
[2023-05-30 11:50:43,920] {logging_mixin.py:115} INFO - [2023-05-30 11:50:43,920] {dag.py:2919} INFO - Setting next_dagrun for juupyter to 2023-05-29T00:00:00+00:00, run_after=2023-05-30T00:00:00+00:00
[2023-05-30 11:50:43,945] {processor.py:161} INFO - Processing /opt/airflow/dags/.ipynb_checkpoints/jupyter-dag-checkpoint.py took 0.276 seconds
[2023-05-30 11:51:14,078] {processor.py:153} INFO - Started process (PID=1630) to work on /opt/airflow/dags/.ipynb_checkpoints/jupyter-dag-checkpoint.py
[2023-05-30 11:51:14,078] {processor.py:641} INFO - Processing file /opt/airflow/dags/.ipynb_checkpoints/jupyter-dag-checkpoint.py for tasks to queue
[2023-05-30 11:51:14,079] {logging_mixin.py:115} INFO - [2023-05-30 11:51:14,079] {dagbag.py:507} INFO - Filling up the DagBag from /opt/airflow/dags/.ipynb_checkpoints/jupyter-dag-checkpoint.py
[2023-05-30 11:51:14,099] {processor.py:651} INFO - DAG(s) dict_keys(['juupyter']) retrieved from /opt/airflow/dags/.ipynb_checkpoints/jupyter-dag-checkpoint.py
[2023-05-30 11:51:14,129] {logging_mixin.py:115} INFO - [2023-05-30 11:51:14,129] {dag.py:2371} INFO - Sync 1 DAGs
[2023-05-30 11:51:14,160] {logging_mixin.py:115} INFO - [2023-05-30 11:51:14,160] {dag.py:2919} INFO - Setting next_dagrun for juupyter to 2023-05-29T00:00:00+00:00, run_after=2023-05-30T00:00:00+00:00
[2023-05-30 11:51:14,180] {processor.py:161} INFO - Processing /opt/airflow/dags/.ipynb_checkpoints/jupyter-dag-checkpoint.py took 0.106 seconds
[2023-05-30 11:51:44,433] {processor.py:153} INFO - Started process (PID=1640) to work on /opt/airflow/dags/.ipynb_checkpoints/jupyter-dag-checkpoint.py
[2023-05-30 11:51:44,434] {processor.py:641} INFO - Processing file /opt/airflow/dags/.ipynb_checkpoints/jupyter-dag-checkpoint.py for tasks to queue
[2023-05-30 11:51:44,435] {logging_mixin.py:115} INFO - [2023-05-30 11:51:44,435] {dagbag.py:507} INFO - Filling up the DagBag from /opt/airflow/dags/.ipynb_checkpoints/jupyter-dag-checkpoint.py
[2023-05-30 11:51:44,460] {processor.py:651} INFO - DAG(s) dict_keys(['juupyter']) retrieved from /opt/airflow/dags/.ipynb_checkpoints/jupyter-dag-checkpoint.py
[2023-05-30 11:51:44,480] {logging_mixin.py:115} INFO - [2023-05-30 11:51:44,479] {dag.py:2371} INFO - Sync 1 DAGs
[2023-05-30 11:51:44,515] {logging_mixin.py:115} INFO - [2023-05-30 11:51:44,515] {dag.py:2919} INFO - Setting next_dagrun for juupyter to 2023-05-29T00:00:00+00:00, run_after=2023-05-30T00:00:00+00:00
[2023-05-30 11:51:44,542] {processor.py:161} INFO - Processing /opt/airflow/dags/.ipynb_checkpoints/jupyter-dag-checkpoint.py took 0.112 seconds
[2023-05-30 11:52:14,775] {processor.py:153} INFO - Started process (PID=1650) to work on /opt/airflow/dags/.ipynb_checkpoints/jupyter-dag-checkpoint.py
[2023-05-30 11:52:14,776] {processor.py:641} INFO - Processing file /opt/airflow/dags/.ipynb_checkpoints/jupyter-dag-checkpoint.py for tasks to queue
[2023-05-30 11:52:14,777] {logging_mixin.py:115} INFO - [2023-05-30 11:52:14,776] {dagbag.py:507} INFO - Filling up the DagBag from /opt/airflow/dags/.ipynb_checkpoints/jupyter-dag-checkpoint.py
[2023-05-30 11:52:14,806] {processor.py:651} INFO - DAG(s) dict_keys(['juupyter']) retrieved from /opt/airflow/dags/.ipynb_checkpoints/jupyter-dag-checkpoint.py
[2023-05-30 11:52:14,889] {logging_mixin.py:115} INFO - [2023-05-30 11:52:14,889] {dag.py:2371} INFO - Sync 1 DAGs
[2023-05-30 11:52:14,917] {logging_mixin.py:115} INFO - [2023-05-30 11:52:14,917] {dag.py:2919} INFO - Setting next_dagrun for juupyter to 2023-05-29T00:00:00+00:00, run_after=2023-05-30T00:00:00+00:00
[2023-05-30 11:52:14,941] {processor.py:161} INFO - Processing /opt/airflow/dags/.ipynb_checkpoints/jupyter-dag-checkpoint.py took 0.170 seconds
[2023-05-30 11:52:45,292] {processor.py:153} INFO - Started process (PID=1660) to work on /opt/airflow/dags/.ipynb_checkpoints/jupyter-dag-checkpoint.py
[2023-05-30 11:52:45,293] {processor.py:641} INFO - Processing file /opt/airflow/dags/.ipynb_checkpoints/jupyter-dag-checkpoint.py for tasks to queue
[2023-05-30 11:52:45,294] {logging_mixin.py:115} INFO - [2023-05-30 11:52:45,294] {dagbag.py:507} INFO - Filling up the DagBag from /opt/airflow/dags/.ipynb_checkpoints/jupyter-dag-checkpoint.py
[2023-05-30 11:52:45,325] {processor.py:651} INFO - DAG(s) dict_keys(['juupyter']) retrieved from /opt/airflow/dags/.ipynb_checkpoints/jupyter-dag-checkpoint.py
[2023-05-30 11:52:45,360] {logging_mixin.py:115} INFO - [2023-05-30 11:52:45,360] {dag.py:2371} INFO - Sync 1 DAGs
[2023-05-30 11:52:45,393] {logging_mixin.py:115} INFO - [2023-05-30 11:52:45,392] {dag.py:2919} INFO - Setting next_dagrun for juupyter to 2023-05-29T00:00:00+00:00, run_after=2023-05-30T00:00:00+00:00
[2023-05-30 11:52:45,417] {processor.py:161} INFO - Processing /opt/airflow/dags/.ipynb_checkpoints/jupyter-dag-checkpoint.py took 0.129 seconds
[2023-05-30 11:53:15,640] {processor.py:153} INFO - Started process (PID=1670) to work on /opt/airflow/dags/.ipynb_checkpoints/jupyter-dag-checkpoint.py
[2023-05-30 11:53:15,642] {processor.py:641} INFO - Processing file /opt/airflow/dags/.ipynb_checkpoints/jupyter-dag-checkpoint.py for tasks to queue
[2023-05-30 11:53:15,643] {logging_mixin.py:115} INFO - [2023-05-30 11:53:15,643] {dagbag.py:507} INFO - Filling up the DagBag from /opt/airflow/dags/.ipynb_checkpoints/jupyter-dag-checkpoint.py
[2023-05-30 11:53:15,676] {processor.py:651} INFO - DAG(s) dict_keys(['juupyter']) retrieved from /opt/airflow/dags/.ipynb_checkpoints/jupyter-dag-checkpoint.py
[2023-05-30 11:53:15,701] {logging_mixin.py:115} INFO - [2023-05-30 11:53:15,701] {dag.py:2371} INFO - Sync 1 DAGs
[2023-05-30 11:53:15,755] {logging_mixin.py:115} INFO - [2023-05-30 11:53:15,755] {dag.py:2919} INFO - Setting next_dagrun for juupyter to 2023-05-29T00:00:00+00:00, run_after=2023-05-30T00:00:00+00:00
[2023-05-30 11:53:15,774] {processor.py:161} INFO - Processing /opt/airflow/dags/.ipynb_checkpoints/jupyter-dag-checkpoint.py took 0.141 seconds
[2023-05-30 11:53:46,473] {processor.py:153} INFO - Started process (PID=1680) to work on /opt/airflow/dags/.ipynb_checkpoints/jupyter-dag-checkpoint.py
[2023-05-30 11:53:46,477] {processor.py:641} INFO - Processing file /opt/airflow/dags/.ipynb_checkpoints/jupyter-dag-checkpoint.py for tasks to queue
[2023-05-30 11:53:46,479] {logging_mixin.py:115} INFO - [2023-05-30 11:53:46,479] {dagbag.py:507} INFO - Filling up the DagBag from /opt/airflow/dags/.ipynb_checkpoints/jupyter-dag-checkpoint.py
[2023-05-30 11:53:46,545] {processor.py:651} INFO - DAG(s) dict_keys(['juupyter']) retrieved from /opt/airflow/dags/.ipynb_checkpoints/jupyter-dag-checkpoint.py
[2023-05-30 11:53:46,697] {logging_mixin.py:115} INFO - [2023-05-30 11:53:46,697] {dag.py:2371} INFO - Sync 1 DAGs
[2023-05-30 11:53:46,727] {logging_mixin.py:115} INFO - [2023-05-30 11:53:46,727] {dag.py:2919} INFO - Setting next_dagrun for juupyter to 2023-05-29T00:00:00+00:00, run_after=2023-05-30T00:00:00+00:00
[2023-05-30 11:53:46,804] {processor.py:161} INFO - Processing /opt/airflow/dags/.ipynb_checkpoints/jupyter-dag-checkpoint.py took 0.337 seconds
[2023-05-30 11:54:16,959] {processor.py:153} INFO - Started process (PID=1690) to work on /opt/airflow/dags/.ipynb_checkpoints/jupyter-dag-checkpoint.py
[2023-05-30 11:54:16,960] {processor.py:641} INFO - Processing file /opt/airflow/dags/.ipynb_checkpoints/jupyter-dag-checkpoint.py for tasks to queue
[2023-05-30 11:54:16,961] {logging_mixin.py:115} INFO - [2023-05-30 11:54:16,961] {dagbag.py:507} INFO - Filling up the DagBag from /opt/airflow/dags/.ipynb_checkpoints/jupyter-dag-checkpoint.py
[2023-05-30 11:54:16,982] {processor.py:651} INFO - DAG(s) dict_keys(['juupyter']) retrieved from /opt/airflow/dags/.ipynb_checkpoints/jupyter-dag-checkpoint.py
[2023-05-30 11:54:17,014] {logging_mixin.py:115} INFO - [2023-05-30 11:54:17,014] {dag.py:2371} INFO - Sync 1 DAGs
[2023-05-30 11:54:17,043] {logging_mixin.py:115} INFO - [2023-05-30 11:54:17,043] {dag.py:2919} INFO - Setting next_dagrun for juupyter to 2023-05-29T00:00:00+00:00, run_after=2023-05-30T00:00:00+00:00
[2023-05-30 11:54:17,060] {processor.py:161} INFO - Processing /opt/airflow/dags/.ipynb_checkpoints/jupyter-dag-checkpoint.py took 0.104 seconds
[2023-05-30 11:54:47,296] {processor.py:153} INFO - Started process (PID=1700) to work on /opt/airflow/dags/.ipynb_checkpoints/jupyter-dag-checkpoint.py
[2023-05-30 11:54:47,298] {processor.py:641} INFO - Processing file /opt/airflow/dags/.ipynb_checkpoints/jupyter-dag-checkpoint.py for tasks to queue
[2023-05-30 11:54:47,299] {logging_mixin.py:115} INFO - [2023-05-30 11:54:47,299] {dagbag.py:507} INFO - Filling up the DagBag from /opt/airflow/dags/.ipynb_checkpoints/jupyter-dag-checkpoint.py
[2023-05-30 11:54:47,329] {processor.py:651} INFO - DAG(s) dict_keys(['juupyter']) retrieved from /opt/airflow/dags/.ipynb_checkpoints/jupyter-dag-checkpoint.py
[2023-05-30 11:54:47,355] {logging_mixin.py:115} INFO - [2023-05-30 11:54:47,355] {dag.py:2371} INFO - Sync 1 DAGs
[2023-05-30 11:54:47,401] {logging_mixin.py:115} INFO - [2023-05-30 11:54:47,401] {dag.py:2919} INFO - Setting next_dagrun for juupyter to 2023-05-29T00:00:00+00:00, run_after=2023-05-30T00:00:00+00:00
[2023-05-30 11:54:47,433] {processor.py:161} INFO - Processing /opt/airflow/dags/.ipynb_checkpoints/jupyter-dag-checkpoint.py took 0.141 seconds
[2023-05-30 11:55:18,276] {processor.py:153} INFO - Started process (PID=1710) to work on /opt/airflow/dags/.ipynb_checkpoints/jupyter-dag-checkpoint.py
[2023-05-30 11:55:18,642] {processor.py:641} INFO - Processing file /opt/airflow/dags/.ipynb_checkpoints/jupyter-dag-checkpoint.py for tasks to queue
[2023-05-30 11:55:18,681] {logging_mixin.py:115} INFO - [2023-05-30 11:55:18,681] {dagbag.py:507} INFO - Filling up the DagBag from /opt/airflow/dags/.ipynb_checkpoints/jupyter-dag-checkpoint.py
[2023-05-30 11:55:18,936] {processor.py:651} INFO - DAG(s) dict_keys(['juupyter']) retrieved from /opt/airflow/dags/.ipynb_checkpoints/jupyter-dag-checkpoint.py
[2023-05-30 11:55:19,304] {logging_mixin.py:115} INFO - [2023-05-30 11:55:19,296] {dag.py:2371} INFO - Sync 1 DAGs
[2023-05-30 11:55:19,431] {logging_mixin.py:115} INFO - [2023-05-30 11:55:19,431] {dag.py:2919} INFO - Setting next_dagrun for juupyter to 2023-05-29T00:00:00+00:00, run_after=2023-05-30T00:00:00+00:00
[2023-05-30 11:55:19,502] {processor.py:161} INFO - Processing /opt/airflow/dags/.ipynb_checkpoints/jupyter-dag-checkpoint.py took 1.222 seconds
[2023-05-30 11:55:50,060] {processor.py:153} INFO - Started process (PID=1720) to work on /opt/airflow/dags/.ipynb_checkpoints/jupyter-dag-checkpoint.py
[2023-05-30 11:55:50,061] {processor.py:641} INFO - Processing file /opt/airflow/dags/.ipynb_checkpoints/jupyter-dag-checkpoint.py for tasks to queue
[2023-05-30 11:55:50,062] {logging_mixin.py:115} INFO - [2023-05-30 11:55:50,062] {dagbag.py:507} INFO - Filling up the DagBag from /opt/airflow/dags/.ipynb_checkpoints/jupyter-dag-checkpoint.py
[2023-05-30 11:55:50,097] {processor.py:651} INFO - DAG(s) dict_keys(['juupyter']) retrieved from /opt/airflow/dags/.ipynb_checkpoints/jupyter-dag-checkpoint.py
[2023-05-30 11:55:50,150] {logging_mixin.py:115} INFO - [2023-05-30 11:55:50,150] {dag.py:2371} INFO - Sync 1 DAGs
[2023-05-30 11:55:50,208] {logging_mixin.py:115} INFO - [2023-05-30 11:55:50,208] {dag.py:2919} INFO - Setting next_dagrun for juupyter to 2023-05-29T00:00:00+00:00, run_after=2023-05-30T00:00:00+00:00
[2023-05-30 11:55:50,231] {processor.py:161} INFO - Processing /opt/airflow/dags/.ipynb_checkpoints/jupyter-dag-checkpoint.py took 0.176 seconds
[2023-05-30 11:56:20,439] {processor.py:153} INFO - Started process (PID=1730) to work on /opt/airflow/dags/.ipynb_checkpoints/jupyter-dag-checkpoint.py
[2023-05-30 11:56:20,440] {processor.py:641} INFO - Processing file /opt/airflow/dags/.ipynb_checkpoints/jupyter-dag-checkpoint.py for tasks to queue
[2023-05-30 11:56:20,441] {logging_mixin.py:115} INFO - [2023-05-30 11:56:20,441] {dagbag.py:507} INFO - Filling up the DagBag from /opt/airflow/dags/.ipynb_checkpoints/jupyter-dag-checkpoint.py
[2023-05-30 11:56:20,469] {processor.py:651} INFO - DAG(s) dict_keys(['juupyter']) retrieved from /opt/airflow/dags/.ipynb_checkpoints/jupyter-dag-checkpoint.py
[2023-05-30 11:56:20,491] {logging_mixin.py:115} INFO - [2023-05-30 11:56:20,491] {dag.py:2371} INFO - Sync 1 DAGs
[2023-05-30 11:56:20,547] {logging_mixin.py:115} INFO - [2023-05-30 11:56:20,547] {dag.py:2919} INFO - Setting next_dagrun for juupyter to 2023-05-29T00:00:00+00:00, run_after=2023-05-30T00:00:00+00:00
[2023-05-30 11:56:20,578] {processor.py:161} INFO - Processing /opt/airflow/dags/.ipynb_checkpoints/jupyter-dag-checkpoint.py took 0.143 seconds
[2023-05-30 11:56:51,141] {processor.py:153} INFO - Started process (PID=1740) to work on /opt/airflow/dags/.ipynb_checkpoints/jupyter-dag-checkpoint.py
[2023-05-30 11:56:51,142] {processor.py:641} INFO - Processing file /opt/airflow/dags/.ipynb_checkpoints/jupyter-dag-checkpoint.py for tasks to queue
[2023-05-30 11:56:51,143] {logging_mixin.py:115} INFO - [2023-05-30 11:56:51,143] {dagbag.py:507} INFO - Filling up the DagBag from /opt/airflow/dags/.ipynb_checkpoints/jupyter-dag-checkpoint.py
[2023-05-30 11:56:51,169] {processor.py:651} INFO - DAG(s) dict_keys(['juupyter']) retrieved from /opt/airflow/dags/.ipynb_checkpoints/jupyter-dag-checkpoint.py
[2023-05-30 11:56:51,315] {logging_mixin.py:115} INFO - [2023-05-30 11:56:51,315] {dag.py:2371} INFO - Sync 1 DAGs
[2023-05-30 11:56:51,367] {logging_mixin.py:115} INFO - [2023-05-30 11:56:51,367] {dag.py:2919} INFO - Setting next_dagrun for juupyter to 2023-05-29T00:00:00+00:00, run_after=2023-05-30T00:00:00+00:00
[2023-05-30 11:56:51,388] {processor.py:161} INFO - Processing /opt/airflow/dags/.ipynb_checkpoints/jupyter-dag-checkpoint.py took 0.250 seconds
[2023-05-30 11:57:21,927] {processor.py:153} INFO - Started process (PID=1750) to work on /opt/airflow/dags/.ipynb_checkpoints/jupyter-dag-checkpoint.py
[2023-05-30 11:57:21,930] {processor.py:641} INFO - Processing file /opt/airflow/dags/.ipynb_checkpoints/jupyter-dag-checkpoint.py for tasks to queue
[2023-05-30 11:57:21,931] {logging_mixin.py:115} INFO - [2023-05-30 11:57:21,931] {dagbag.py:507} INFO - Filling up the DagBag from /opt/airflow/dags/.ipynb_checkpoints/jupyter-dag-checkpoint.py
[2023-05-30 11:57:21,965] {processor.py:651} INFO - DAG(s) dict_keys(['juupyter']) retrieved from /opt/airflow/dags/.ipynb_checkpoints/jupyter-dag-checkpoint.py
[2023-05-30 11:57:22,025] {logging_mixin.py:115} INFO - [2023-05-30 11:57:22,025] {dag.py:2371} INFO - Sync 1 DAGs
[2023-05-30 11:57:22,062] {logging_mixin.py:115} INFO - [2023-05-30 11:57:22,062] {dag.py:2919} INFO - Setting next_dagrun for juupyter to 2023-05-29T00:00:00+00:00, run_after=2023-05-30T00:00:00+00:00
[2023-05-30 11:57:22,085] {processor.py:161} INFO - Processing /opt/airflow/dags/.ipynb_checkpoints/jupyter-dag-checkpoint.py took 0.161 seconds
[2023-05-30 11:57:52,635] {processor.py:153} INFO - Started process (PID=1760) to work on /opt/airflow/dags/.ipynb_checkpoints/jupyter-dag-checkpoint.py
[2023-05-30 11:57:52,639] {processor.py:641} INFO - Processing file /opt/airflow/dags/.ipynb_checkpoints/jupyter-dag-checkpoint.py for tasks to queue
[2023-05-30 11:57:52,647] {logging_mixin.py:115} INFO - [2023-05-30 11:57:52,647] {dagbag.py:507} INFO - Filling up the DagBag from /opt/airflow/dags/.ipynb_checkpoints/jupyter-dag-checkpoint.py
[2023-05-30 11:57:53,395] {processor.py:651} INFO - DAG(s) dict_keys(['juupyter']) retrieved from /opt/airflow/dags/.ipynb_checkpoints/jupyter-dag-checkpoint.py
[2023-05-30 11:57:53,429] {logging_mixin.py:115} INFO - [2023-05-30 11:57:53,429] {dag.py:2371} INFO - Sync 1 DAGs
[2023-05-30 11:57:53,555] {logging_mixin.py:115} INFO - [2023-05-30 11:57:53,555] {dag.py:2919} INFO - Setting next_dagrun for juupyter to 2023-05-29T00:00:00+00:00, run_after=2023-05-30T00:00:00+00:00
[2023-05-30 11:57:53,704] {processor.py:161} INFO - Processing /opt/airflow/dags/.ipynb_checkpoints/jupyter-dag-checkpoint.py took 1.073 seconds
[2023-05-30 11:58:24,331] {processor.py:153} INFO - Started process (PID=1770) to work on /opt/airflow/dags/.ipynb_checkpoints/jupyter-dag-checkpoint.py
[2023-05-30 11:58:24,332] {processor.py:641} INFO - Processing file /opt/airflow/dags/.ipynb_checkpoints/jupyter-dag-checkpoint.py for tasks to queue
[2023-05-30 11:58:24,333] {logging_mixin.py:115} INFO - [2023-05-30 11:58:24,333] {dagbag.py:507} INFO - Filling up the DagBag from /opt/airflow/dags/.ipynb_checkpoints/jupyter-dag-checkpoint.py
[2023-05-30 11:58:24,363] {processor.py:651} INFO - DAG(s) dict_keys(['juupyter']) retrieved from /opt/airflow/dags/.ipynb_checkpoints/jupyter-dag-checkpoint.py
[2023-05-30 11:58:24,446] {logging_mixin.py:115} INFO - [2023-05-30 11:58:24,446] {dag.py:2371} INFO - Sync 1 DAGs
[2023-05-30 11:58:24,484] {logging_mixin.py:115} INFO - [2023-05-30 11:58:24,483] {dag.py:2919} INFO - Setting next_dagrun for juupyter to 2023-05-29T00:00:00+00:00, run_after=2023-05-30T00:00:00+00:00
[2023-05-30 11:58:24,513] {processor.py:161} INFO - Processing /opt/airflow/dags/.ipynb_checkpoints/jupyter-dag-checkpoint.py took 0.186 seconds
[2023-05-30 11:58:54,862] {processor.py:153} INFO - Started process (PID=1780) to work on /opt/airflow/dags/.ipynb_checkpoints/jupyter-dag-checkpoint.py
[2023-05-30 11:58:54,863] {processor.py:641} INFO - Processing file /opt/airflow/dags/.ipynb_checkpoints/jupyter-dag-checkpoint.py for tasks to queue
[2023-05-30 11:58:54,864] {logging_mixin.py:115} INFO - [2023-05-30 11:58:54,864] {dagbag.py:507} INFO - Filling up the DagBag from /opt/airflow/dags/.ipynb_checkpoints/jupyter-dag-checkpoint.py
[2023-05-30 11:58:54,899] {processor.py:651} INFO - DAG(s) dict_keys(['juupyter']) retrieved from /opt/airflow/dags/.ipynb_checkpoints/jupyter-dag-checkpoint.py
[2023-05-30 11:58:54,946] {logging_mixin.py:115} INFO - [2023-05-30 11:58:54,946] {dag.py:2371} INFO - Sync 1 DAGs
[2023-05-30 11:58:55,019] {logging_mixin.py:115} INFO - [2023-05-30 11:58:55,019] {dag.py:2919} INFO - Setting next_dagrun for juupyter to 2023-05-29T00:00:00+00:00, run_after=2023-05-30T00:00:00+00:00
[2023-05-30 11:58:55,063] {processor.py:161} INFO - Processing /opt/airflow/dags/.ipynb_checkpoints/jupyter-dag-checkpoint.py took 0.207 seconds
[2023-05-30 11:59:25,315] {processor.py:153} INFO - Started process (PID=1790) to work on /opt/airflow/dags/.ipynb_checkpoints/jupyter-dag-checkpoint.py
[2023-05-30 11:59:25,316] {processor.py:641} INFO - Processing file /opt/airflow/dags/.ipynb_checkpoints/jupyter-dag-checkpoint.py for tasks to queue
[2023-05-30 11:59:25,317] {logging_mixin.py:115} INFO - [2023-05-30 11:59:25,317] {dagbag.py:507} INFO - Filling up the DagBag from /opt/airflow/dags/.ipynb_checkpoints/jupyter-dag-checkpoint.py
[2023-05-30 11:59:25,348] {processor.py:651} INFO - DAG(s) dict_keys(['juupyter']) retrieved from /opt/airflow/dags/.ipynb_checkpoints/jupyter-dag-checkpoint.py
[2023-05-30 11:59:25,369] {logging_mixin.py:115} INFO - [2023-05-30 11:59:25,368] {dag.py:2371} INFO - Sync 1 DAGs
[2023-05-30 11:59:25,406] {logging_mixin.py:115} INFO - [2023-05-30 11:59:25,405] {dag.py:2919} INFO - Setting next_dagrun for juupyter to 2023-05-29T00:00:00+00:00, run_after=2023-05-30T00:00:00+00:00
[2023-05-30 11:59:25,428] {processor.py:161} INFO - Processing /opt/airflow/dags/.ipynb_checkpoints/jupyter-dag-checkpoint.py took 0.117 seconds
[2023-05-30 11:59:58,959] {processor.py:153} INFO - Started process (PID=1798) to work on /opt/airflow/dags/.ipynb_checkpoints/jupyter-dag-checkpoint.py
[2023-05-30 11:59:58,971] {processor.py:641} INFO - Processing file /opt/airflow/dags/.ipynb_checkpoints/jupyter-dag-checkpoint.py for tasks to queue
[2023-05-30 11:59:58,982] {logging_mixin.py:115} INFO - [2023-05-30 11:59:58,981] {dagbag.py:507} INFO - Filling up the DagBag from /opt/airflow/dags/.ipynb_checkpoints/jupyter-dag-checkpoint.py
[2023-05-30 11:59:59,255] {processor.py:651} INFO - DAG(s) dict_keys(['juupyter']) retrieved from /opt/airflow/dags/.ipynb_checkpoints/jupyter-dag-checkpoint.py
[2023-05-30 11:59:59,464] {logging_mixin.py:115} INFO - [2023-05-30 11:59:59,464] {dag.py:2371} INFO - Sync 1 DAGs
[2023-05-30 11:59:59,514] {logging_mixin.py:115} INFO - [2023-05-30 11:59:59,514] {dag.py:2919} INFO - Setting next_dagrun for juupyter to 2023-05-29T00:00:00+00:00, run_after=2023-05-30T00:00:00+00:00
[2023-05-30 11:59:59,536] {processor.py:161} INFO - Processing /opt/airflow/dags/.ipynb_checkpoints/jupyter-dag-checkpoint.py took 0.657 seconds
[2023-05-30 12:00:29,885] {processor.py:153} INFO - Started process (PID=1808) to work on /opt/airflow/dags/.ipynb_checkpoints/jupyter-dag-checkpoint.py
[2023-05-30 12:00:29,887] {processor.py:641} INFO - Processing file /opt/airflow/dags/.ipynb_checkpoints/jupyter-dag-checkpoint.py for tasks to queue
[2023-05-30 12:00:29,889] {logging_mixin.py:115} INFO - [2023-05-30 12:00:29,888] {dagbag.py:507} INFO - Filling up the DagBag from /opt/airflow/dags/.ipynb_checkpoints/jupyter-dag-checkpoint.py
[2023-05-30 12:00:29,951] {processor.py:651} INFO - DAG(s) dict_keys(['juupyter']) retrieved from /opt/airflow/dags/.ipynb_checkpoints/jupyter-dag-checkpoint.py
[2023-05-30 12:00:30,146] {logging_mixin.py:115} INFO - [2023-05-30 12:00:30,145] {dag.py:2371} INFO - Sync 1 DAGs
[2023-05-30 12:00:30,229] {logging_mixin.py:115} INFO - [2023-05-30 12:00:30,229] {dag.py:2919} INFO - Setting next_dagrun for juupyter to 2023-05-29T00:00:00+00:00, run_after=2023-05-30T00:00:00+00:00
[2023-05-30 12:00:30,257] {processor.py:161} INFO - Processing /opt/airflow/dags/.ipynb_checkpoints/jupyter-dag-checkpoint.py took 0.387 seconds
[2023-05-30 12:01:01,594] {processor.py:153} INFO - Started process (PID=1818) to work on /opt/airflow/dags/.ipynb_checkpoints/jupyter-dag-checkpoint.py
[2023-05-30 12:01:01,595] {processor.py:641} INFO - Processing file /opt/airflow/dags/.ipynb_checkpoints/jupyter-dag-checkpoint.py for tasks to queue
[2023-05-30 12:01:01,597] {logging_mixin.py:115} INFO - [2023-05-30 12:01:01,596] {dagbag.py:507} INFO - Filling up the DagBag from /opt/airflow/dags/.ipynb_checkpoints/jupyter-dag-checkpoint.py
[2023-05-30 12:01:01,637] {processor.py:651} INFO - DAG(s) dict_keys(['juupyter']) retrieved from /opt/airflow/dags/.ipynb_checkpoints/jupyter-dag-checkpoint.py
[2023-05-30 12:01:01,794] {logging_mixin.py:115} INFO - [2023-05-30 12:01:01,794] {dag.py:2371} INFO - Sync 1 DAGs
[2023-05-30 12:01:01,823] {logging_mixin.py:115} INFO - [2023-05-30 12:01:01,823] {dag.py:2919} INFO - Setting next_dagrun for juupyter to 2023-05-29T00:00:00+00:00, run_after=2023-05-30T00:00:00+00:00
[2023-05-30 12:01:01,843] {processor.py:161} INFO - Processing /opt/airflow/dags/.ipynb_checkpoints/jupyter-dag-checkpoint.py took 0.254 seconds
[2023-05-30 12:01:32,059] {processor.py:153} INFO - Started process (PID=1828) to work on /opt/airflow/dags/.ipynb_checkpoints/jupyter-dag-checkpoint.py
[2023-05-30 12:01:32,103] {processor.py:641} INFO - Processing file /opt/airflow/dags/.ipynb_checkpoints/jupyter-dag-checkpoint.py for tasks to queue
[2023-05-30 12:01:32,104] {logging_mixin.py:115} INFO - [2023-05-30 12:01:32,104] {dagbag.py:507} INFO - Filling up the DagBag from /opt/airflow/dags/.ipynb_checkpoints/jupyter-dag-checkpoint.py
[2023-05-30 12:01:32,168] {processor.py:651} INFO - DAG(s) dict_keys(['juupyter']) retrieved from /opt/airflow/dags/.ipynb_checkpoints/jupyter-dag-checkpoint.py
[2023-05-30 12:01:32,218] {logging_mixin.py:115} INFO - [2023-05-30 12:01:32,217] {dag.py:2371} INFO - Sync 1 DAGs
[2023-05-30 12:01:32,282] {logging_mixin.py:115} INFO - [2023-05-30 12:01:32,281] {dag.py:2919} INFO - Setting next_dagrun for juupyter to 2023-05-29T00:00:00+00:00, run_after=2023-05-30T00:00:00+00:00
[2023-05-30 12:01:32,393] {processor.py:161} INFO - Processing /opt/airflow/dags/.ipynb_checkpoints/jupyter-dag-checkpoint.py took 0.339 seconds
[2023-05-30 12:02:02,902] {processor.py:153} INFO - Started process (PID=1838) to work on /opt/airflow/dags/.ipynb_checkpoints/jupyter-dag-checkpoint.py
[2023-05-30 12:02:02,904] {processor.py:641} INFO - Processing file /opt/airflow/dags/.ipynb_checkpoints/jupyter-dag-checkpoint.py for tasks to queue
[2023-05-30 12:02:02,905] {logging_mixin.py:115} INFO - [2023-05-30 12:02:02,905] {dagbag.py:507} INFO - Filling up the DagBag from /opt/airflow/dags/.ipynb_checkpoints/jupyter-dag-checkpoint.py
[2023-05-30 12:02:02,945] {processor.py:651} INFO - DAG(s) dict_keys(['juupyter']) retrieved from /opt/airflow/dags/.ipynb_checkpoints/jupyter-dag-checkpoint.py
[2023-05-30 12:02:03,201] {logging_mixin.py:115} INFO - [2023-05-30 12:02:03,201] {dag.py:2371} INFO - Sync 1 DAGs
[2023-05-30 12:02:03,252] {logging_mixin.py:115} INFO - [2023-05-30 12:02:03,252] {dag.py:2919} INFO - Setting next_dagrun for juupyter to 2023-05-29T00:00:00+00:00, run_after=2023-05-30T00:00:00+00:00
[2023-05-30 12:02:03,277] {processor.py:161} INFO - Processing /opt/airflow/dags/.ipynb_checkpoints/jupyter-dag-checkpoint.py took 0.380 seconds
[2023-05-30 12:02:33,465] {processor.py:153} INFO - Started process (PID=1848) to work on /opt/airflow/dags/.ipynb_checkpoints/jupyter-dag-checkpoint.py
[2023-05-30 12:02:33,466] {processor.py:641} INFO - Processing file /opt/airflow/dags/.ipynb_checkpoints/jupyter-dag-checkpoint.py for tasks to queue
[2023-05-30 12:02:33,476] {logging_mixin.py:115} INFO - [2023-05-30 12:02:33,476] {dagbag.py:507} INFO - Filling up the DagBag from /opt/airflow/dags/.ipynb_checkpoints/jupyter-dag-checkpoint.py
[2023-05-30 12:02:33,525] {processor.py:651} INFO - DAG(s) dict_keys(['juupyter']) retrieved from /opt/airflow/dags/.ipynb_checkpoints/jupyter-dag-checkpoint.py
[2023-05-30 12:02:33,597] {logging_mixin.py:115} INFO - [2023-05-30 12:02:33,597] {dag.py:2371} INFO - Sync 1 DAGs
[2023-05-30 12:02:33,649] {logging_mixin.py:115} INFO - [2023-05-30 12:02:33,649] {dag.py:2919} INFO - Setting next_dagrun for juupyter to 2023-05-29T00:00:00+00:00, run_after=2023-05-30T00:00:00+00:00
[2023-05-30 12:02:33,676] {processor.py:161} INFO - Processing /opt/airflow/dags/.ipynb_checkpoints/jupyter-dag-checkpoint.py took 0.218 seconds
[2023-05-30 12:03:04,027] {processor.py:153} INFO - Started process (PID=1858) to work on /opt/airflow/dags/.ipynb_checkpoints/jupyter-dag-checkpoint.py
[2023-05-30 12:03:04,029] {processor.py:641} INFO - Processing file /opt/airflow/dags/.ipynb_checkpoints/jupyter-dag-checkpoint.py for tasks to queue
[2023-05-30 12:03:04,030] {logging_mixin.py:115} INFO - [2023-05-30 12:03:04,030] {dagbag.py:507} INFO - Filling up the DagBag from /opt/airflow/dags/.ipynb_checkpoints/jupyter-dag-checkpoint.py
[2023-05-30 12:03:04,067] {processor.py:651} INFO - DAG(s) dict_keys(['juupyter']) retrieved from /opt/airflow/dags/.ipynb_checkpoints/jupyter-dag-checkpoint.py
[2023-05-30 12:03:04,166] {logging_mixin.py:115} INFO - [2023-05-30 12:03:04,166] {dag.py:2371} INFO - Sync 1 DAGs
[2023-05-30 12:03:04,196] {logging_mixin.py:115} INFO - [2023-05-30 12:03:04,196] {dag.py:2919} INFO - Setting next_dagrun for juupyter to 2023-05-29T00:00:00+00:00, run_after=2023-05-30T00:00:00+00:00
[2023-05-30 12:03:04,216] {processor.py:161} INFO - Processing /opt/airflow/dags/.ipynb_checkpoints/jupyter-dag-checkpoint.py took 0.199 seconds
[2023-05-30 12:03:35,785] {processor.py:153} INFO - Started process (PID=1868) to work on /opt/airflow/dags/.ipynb_checkpoints/jupyter-dag-checkpoint.py
[2023-05-30 12:03:35,869] {processor.py:641} INFO - Processing file /opt/airflow/dags/.ipynb_checkpoints/jupyter-dag-checkpoint.py for tasks to queue
[2023-05-30 12:03:40,943] {logging_mixin.py:115} INFO - [2023-05-30 12:03:40,943] {dagbag.py:507} INFO - Filling up the DagBag from /opt/airflow/dags/.ipynb_checkpoints/jupyter-dag-checkpoint.py
[2023-05-30 12:03:42,832] {processor.py:651} INFO - DAG(s) dict_keys(['juupyter']) retrieved from /opt/airflow/dags/.ipynb_checkpoints/jupyter-dag-checkpoint.py
[2023-05-30 12:03:42,911] {logging_mixin.py:115} INFO - [2023-05-30 12:03:42,911] {dag.py:2371} INFO - Sync 1 DAGs
[2023-05-30 12:03:42,977] {logging_mixin.py:115} INFO - [2023-05-30 12:03:42,976] {dag.py:2919} INFO - Setting next_dagrun for juupyter to 2023-05-29T00:00:00+00:00, run_after=2023-05-30T00:00:00+00:00
[2023-05-30 12:03:43,305] {processor.py:161} INFO - Processing /opt/airflow/dags/.ipynb_checkpoints/jupyter-dag-checkpoint.py took 7.527 seconds
[2023-05-30 12:04:13,556] {processor.py:153} INFO - Started process (PID=1878) to work on /opt/airflow/dags/.ipynb_checkpoints/jupyter-dag-checkpoint.py
[2023-05-30 12:04:13,558] {processor.py:641} INFO - Processing file /opt/airflow/dags/.ipynb_checkpoints/jupyter-dag-checkpoint.py for tasks to queue
[2023-05-30 12:04:13,559] {logging_mixin.py:115} INFO - [2023-05-30 12:04:13,559] {dagbag.py:507} INFO - Filling up the DagBag from /opt/airflow/dags/.ipynb_checkpoints/jupyter-dag-checkpoint.py
[2023-05-30 12:04:13,663] {processor.py:651} INFO - DAG(s) dict_keys(['juupyter']) retrieved from /opt/airflow/dags/.ipynb_checkpoints/jupyter-dag-checkpoint.py
[2023-05-30 12:04:14,214] {logging_mixin.py:115} INFO - [2023-05-30 12:04:14,214] {dag.py:2371} INFO - Sync 1 DAGs
[2023-05-30 12:04:14,305] {logging_mixin.py:115} INFO - [2023-05-30 12:04:14,305] {dag.py:2919} INFO - Setting next_dagrun for juupyter to 2023-05-29T00:00:00+00:00, run_after=2023-05-30T00:00:00+00:00
[2023-05-30 12:04:14,367] {processor.py:161} INFO - Processing /opt/airflow/dags/.ipynb_checkpoints/jupyter-dag-checkpoint.py took 0.818 seconds
[2023-05-30 12:04:44,573] {processor.py:153} INFO - Started process (PID=1888) to work on /opt/airflow/dags/.ipynb_checkpoints/jupyter-dag-checkpoint.py
[2023-05-30 12:04:44,574] {processor.py:641} INFO - Processing file /opt/airflow/dags/.ipynb_checkpoints/jupyter-dag-checkpoint.py for tasks to queue
[2023-05-30 12:04:44,585] {logging_mixin.py:115} INFO - [2023-05-30 12:04:44,584] {dagbag.py:507} INFO - Filling up the DagBag from /opt/airflow/dags/.ipynb_checkpoints/jupyter-dag-checkpoint.py
[2023-05-30 12:04:44,644] {processor.py:651} INFO - DAG(s) dict_keys(['juupyter']) retrieved from /opt/airflow/dags/.ipynb_checkpoints/jupyter-dag-checkpoint.py
[2023-05-30 12:04:44,751] {logging_mixin.py:115} INFO - [2023-05-30 12:04:44,751] {dag.py:2371} INFO - Sync 1 DAGs
[2023-05-30 12:04:44,839] {logging_mixin.py:115} INFO - [2023-05-30 12:04:44,838] {dag.py:2919} INFO - Setting next_dagrun for juupyter to 2023-05-29T00:00:00+00:00, run_after=2023-05-30T00:00:00+00:00
[2023-05-30 12:04:44,868] {processor.py:161} INFO - Processing /opt/airflow/dags/.ipynb_checkpoints/jupyter-dag-checkpoint.py took 0.300 seconds
[2023-05-30 12:05:15,225] {processor.py:153} INFO - Started process (PID=1896) to work on /opt/airflow/dags/.ipynb_checkpoints/jupyter-dag-checkpoint.py
[2023-05-30 12:05:15,226] {processor.py:641} INFO - Processing file /opt/airflow/dags/.ipynb_checkpoints/jupyter-dag-checkpoint.py for tasks to queue
[2023-05-30 12:05:15,228] {logging_mixin.py:115} INFO - [2023-05-30 12:05:15,227] {dagbag.py:507} INFO - Filling up the DagBag from /opt/airflow/dags/.ipynb_checkpoints/jupyter-dag-checkpoint.py
[2023-05-30 12:05:15,264] {processor.py:651} INFO - DAG(s) dict_keys(['juupyter']) retrieved from /opt/airflow/dags/.ipynb_checkpoints/jupyter-dag-checkpoint.py
[2023-05-30 12:05:15,373] {logging_mixin.py:115} INFO - [2023-05-30 12:05:15,373] {dag.py:2371} INFO - Sync 1 DAGs
[2023-05-30 12:05:15,400] {logging_mixin.py:115} INFO - [2023-05-30 12:05:15,400] {dag.py:2919} INFO - Setting next_dagrun for juupyter to 2023-05-29T00:00:00+00:00, run_after=2023-05-30T00:00:00+00:00
[2023-05-30 12:05:15,420] {processor.py:161} INFO - Processing /opt/airflow/dags/.ipynb_checkpoints/jupyter-dag-checkpoint.py took 0.203 seconds
[2023-05-30 12:05:46,238] {processor.py:153} INFO - Started process (PID=1908) to work on /opt/airflow/dags/.ipynb_checkpoints/jupyter-dag-checkpoint.py
[2023-05-30 12:05:46,240] {processor.py:641} INFO - Processing file /opt/airflow/dags/.ipynb_checkpoints/jupyter-dag-checkpoint.py for tasks to queue
[2023-05-30 12:05:46,241] {logging_mixin.py:115} INFO - [2023-05-30 12:05:46,241] {dagbag.py:507} INFO - Filling up the DagBag from /opt/airflow/dags/.ipynb_checkpoints/jupyter-dag-checkpoint.py
[2023-05-30 12:05:46,332] {processor.py:651} INFO - DAG(s) dict_keys(['juupyter']) retrieved from /opt/airflow/dags/.ipynb_checkpoints/jupyter-dag-checkpoint.py
[2023-05-30 12:05:46,396] {logging_mixin.py:115} INFO - [2023-05-30 12:05:46,395] {dag.py:2371} INFO - Sync 1 DAGs
[2023-05-30 12:05:46,441] {logging_mixin.py:115} INFO - [2023-05-30 12:05:46,441] {dag.py:2919} INFO - Setting next_dagrun for juupyter to 2023-05-29T00:00:00+00:00, run_after=2023-05-30T00:00:00+00:00
[2023-05-30 12:05:46,464] {processor.py:161} INFO - Processing /opt/airflow/dags/.ipynb_checkpoints/jupyter-dag-checkpoint.py took 0.244 seconds
