[2023-05-29 13:24:33,982] {taskinstance.py:1159} INFO - Dependencies all met for <TaskInstance: my_dag.task1 manual__2023-05-29T13:24:31.188023+00:00 [queued]>
[2023-05-29 13:24:34,031] {taskinstance.py:1159} INFO - Dependencies all met for <TaskInstance: my_dag.task1 manual__2023-05-29T13:24:31.188023+00:00 [queued]>
[2023-05-29 13:24:34,033] {taskinstance.py:1356} INFO - 
--------------------------------------------------------------------------------
[2023-05-29 13:24:34,033] {taskinstance.py:1357} INFO - Starting attempt 1 of 1
[2023-05-29 13:24:34,034] {taskinstance.py:1358} INFO - 
--------------------------------------------------------------------------------
[2023-05-29 13:24:34,084] {taskinstance.py:1377} INFO - Executing <Task(BashOperator): task1> on 2023-05-29 13:24:31.188023+00:00
[2023-05-29 13:24:34,092] {standard_task_runner.py:52} INFO - Started process 256 to run task
[2023-05-29 13:24:34,098] {standard_task_runner.py:79} INFO - Running: ['***', 'tasks', 'run', 'my_dag', 'task1', 'manual__2023-05-29T13:24:31.188023+00:00', '--job-id', '2', '--raw', '--subdir', 'DAGS_FOLDER/test.py', '--cfg-path', '/tmp/tmpvq4key4e', '--error-file', '/tmp/tmpib90wndy']
[2023-05-29 13:24:34,101] {standard_task_runner.py:80} INFO - Job 2: Subtask task1
[2023-05-29 13:24:34,199] {task_command.py:369} INFO - Running <TaskInstance: my_dag.task1 manual__2023-05-29T13:24:31.188023+00:00 [running]> on host 579441c7a70b
[2023-05-29 13:24:34,363] {taskinstance.py:1571} INFO - Exporting the following env vars:
AIRFLOW_CTX_DAG_OWNER=***
AIRFLOW_CTX_DAG_ID=my_dag
AIRFLOW_CTX_TASK_ID=task1
AIRFLOW_CTX_EXECUTION_DATE=2023-05-29T13:24:31.188023+00:00
AIRFLOW_CTX_TRY_NUMBER=1
AIRFLOW_CTX_DAG_RUN_ID=manual__2023-05-29T13:24:31.188023+00:00
[2023-05-29 13:24:34,366] {subprocess.py:62} INFO - Tmp dir root location: 
 /tmp
[2023-05-29 13:24:34,367] {subprocess.py:74} INFO - Running command: ['bash', '-c', 'echo "Task 1"']
[2023-05-29 13:24:34,383] {subprocess.py:85} INFO - Output:
[2023-05-29 13:24:34,386] {subprocess.py:92} INFO - Task 1
[2023-05-29 13:24:34,387] {subprocess.py:96} INFO - Command exited with return code 0
[2023-05-29 13:24:34,445] {taskinstance.py:1400} INFO - Marking task as SUCCESS. dag_id=my_dag, task_id=task1, execution_date=20230529T132431, start_date=20230529T132433, end_date=20230529T132434
[2023-05-29 13:24:34,514] {local_task_job.py:156} INFO - Task exited with return code 0
[2023-05-29 13:24:34,590] {local_task_job.py:273} INFO - 1 downstream tasks scheduled from follow-on schedule check
