[2023-05-30 11:22:42,341] {processor.py:153} INFO - Started process (PID=653) to work on /opt/airflow/dags/jupyter-dag.py
[2023-05-30 11:22:42,343] {processor.py:641} INFO - Processing file /opt/airflow/dags/jupyter-dag.py for tasks to queue
[2023-05-30 11:22:42,344] {logging_mixin.py:115} INFO - [2023-05-30 11:22:42,344] {dagbag.py:507} INFO - Filling up the DagBag from /opt/airflow/dags/jupyter-dag.py
[2023-05-30 11:22:42,379] {processor.py:651} INFO - DAG(s) dict_keys(['my_dag']) retrieved from /opt/airflow/dags/jupyter-dag.py
[2023-05-30 11:22:42,560] {logging_mixin.py:115} INFO - [2023-05-30 11:22:42,559] {dag.py:2371} INFO - Sync 1 DAGs
[2023-05-30 11:22:42,617] {logging_mixin.py:115} INFO - [2023-05-30 11:22:42,616] {dag.py:2919} INFO - Setting next_dagrun for my_dag to 2023-05-29T00:00:00+00:00, run_after=2023-05-30T00:00:00+00:00
[2023-05-30 11:22:42,667] {processor.py:161} INFO - Processing /opt/airflow/dags/jupyter-dag.py took 0.331 seconds
[2023-05-30 11:22:47,689] {processor.py:153} INFO - Started process (PID=660) to work on /opt/airflow/dags/jupyter-dag.py
[2023-05-30 11:22:47,695] {processor.py:641} INFO - Processing file /opt/airflow/dags/jupyter-dag.py for tasks to queue
[2023-05-30 11:22:47,696] {logging_mixin.py:115} INFO - [2023-05-30 11:22:47,696] {dagbag.py:507} INFO - Filling up the DagBag from /opt/airflow/dags/jupyter-dag.py
[2023-05-30 11:22:48,172] {processor.py:651} INFO - DAG(s) dict_keys(['my_dag']) retrieved from /opt/airflow/dags/jupyter-dag.py
[2023-05-30 11:22:48,204] {logging_mixin.py:115} INFO - [2023-05-30 11:22:48,203] {dag.py:2371} INFO - Sync 1 DAGs
[2023-05-30 11:22:48,280] {logging_mixin.py:115} INFO - [2023-05-30 11:22:48,280] {dag.py:2919} INFO - Setting next_dagrun for my_dag to 2023-05-29T00:00:00+00:00, run_after=2023-05-30T00:00:00+00:00
[2023-05-30 11:22:48,328] {processor.py:161} INFO - Processing /opt/airflow/dags/jupyter-dag.py took 0.644 seconds
[2023-05-30 11:23:18,627] {processor.py:153} INFO - Started process (PID=675) to work on /opt/airflow/dags/jupyter-dag.py
[2023-05-30 11:23:18,629] {processor.py:641} INFO - Processing file /opt/airflow/dags/jupyter-dag.py for tasks to queue
[2023-05-30 11:23:18,630] {logging_mixin.py:115} INFO - [2023-05-30 11:23:18,630] {dagbag.py:507} INFO - Filling up the DagBag from /opt/airflow/dags/jupyter-dag.py
[2023-05-30 11:23:18,656] {processor.py:651} INFO - DAG(s) dict_keys(['my_dag']) retrieved from /opt/airflow/dags/jupyter-dag.py
[2023-05-30 11:23:18,683] {logging_mixin.py:115} INFO - [2023-05-30 11:23:18,681] {dag.py:2371} INFO - Sync 1 DAGs
[2023-05-30 11:23:18,750] {logging_mixin.py:115} INFO - [2023-05-30 11:23:18,750] {dag.py:2919} INFO - Setting next_dagrun for my_dag to 2023-05-29T00:00:00+00:00, run_after=2023-05-30T00:00:00+00:00
[2023-05-30 11:23:18,778] {processor.py:161} INFO - Processing /opt/airflow/dags/jupyter-dag.py took 0.159 seconds
[2023-05-30 11:23:49,078] {processor.py:153} INFO - Started process (PID=690) to work on /opt/airflow/dags/jupyter-dag.py
[2023-05-30 11:23:49,082] {processor.py:641} INFO - Processing file /opt/airflow/dags/jupyter-dag.py for tasks to queue
[2023-05-30 11:23:49,083] {logging_mixin.py:115} INFO - [2023-05-30 11:23:49,083] {dagbag.py:507} INFO - Filling up the DagBag from /opt/airflow/dags/jupyter-dag.py
[2023-05-30 11:23:49,126] {processor.py:651} INFO - DAG(s) dict_keys(['my_dag']) retrieved from /opt/airflow/dags/jupyter-dag.py
[2023-05-30 11:23:49,339] {logging_mixin.py:115} INFO - [2023-05-30 11:23:49,339] {dag.py:2371} INFO - Sync 1 DAGs
[2023-05-30 11:23:49,406] {logging_mixin.py:115} INFO - [2023-05-30 11:23:49,405] {dag.py:2919} INFO - Setting next_dagrun for my_dag to 2023-05-29T00:00:00+00:00, run_after=2023-05-30T00:00:00+00:00
[2023-05-30 11:23:49,453] {processor.py:161} INFO - Processing /opt/airflow/dags/jupyter-dag.py took 0.396 seconds
[2023-05-30 11:24:20,248] {processor.py:153} INFO - Started process (PID=705) to work on /opt/airflow/dags/jupyter-dag.py
[2023-05-30 11:24:20,250] {processor.py:641} INFO - Processing file /opt/airflow/dags/jupyter-dag.py for tasks to queue
[2023-05-30 11:24:20,252] {logging_mixin.py:115} INFO - [2023-05-30 11:24:20,252] {dagbag.py:507} INFO - Filling up the DagBag from /opt/airflow/dags/jupyter-dag.py
[2023-05-30 11:24:20,322] {processor.py:651} INFO - DAG(s) dict_keys(['my_dag']) retrieved from /opt/airflow/dags/jupyter-dag.py
[2023-05-30 11:24:20,401] {logging_mixin.py:115} INFO - [2023-05-30 11:24:20,401] {dag.py:2371} INFO - Sync 1 DAGs
[2023-05-30 11:24:20,483] {logging_mixin.py:115} INFO - [2023-05-30 11:24:20,483] {dag.py:2919} INFO - Setting next_dagrun for my_dag to 2023-05-29T00:00:00+00:00, run_after=2023-05-30T00:00:00+00:00
[2023-05-30 11:24:20,526] {processor.py:161} INFO - Processing /opt/airflow/dags/jupyter-dag.py took 0.284 seconds
[2023-05-30 11:24:51,365] {processor.py:153} INFO - Started process (PID=718) to work on /opt/airflow/dags/jupyter-dag.py
[2023-05-30 11:24:51,379] {processor.py:641} INFO - Processing file /opt/airflow/dags/jupyter-dag.py for tasks to queue
[2023-05-30 11:24:51,381] {logging_mixin.py:115} INFO - [2023-05-30 11:24:51,381] {dagbag.py:507} INFO - Filling up the DagBag from /opt/airflow/dags/jupyter-dag.py
[2023-05-30 11:24:51,577] {processor.py:651} INFO - DAG(s) dict_keys(['my_dag']) retrieved from /opt/airflow/dags/jupyter-dag.py
[2023-05-30 11:24:51,621] {logging_mixin.py:115} INFO - [2023-05-30 11:24:51,620] {dag.py:2371} INFO - Sync 1 DAGs
[2023-05-30 11:24:51,908] {logging_mixin.py:115} INFO - [2023-05-30 11:24:51,907] {dag.py:2919} INFO - Setting next_dagrun for my_dag to 2023-05-29T00:00:00+00:00, run_after=2023-05-30T00:00:00+00:00
[2023-05-30 11:24:51,981] {processor.py:161} INFO - Processing /opt/airflow/dags/jupyter-dag.py took 0.637 seconds
[2023-05-30 11:25:02,068] {processor.py:153} INFO - Started process (PID=725) to work on /opt/airflow/dags/jupyter-dag.py
[2023-05-30 11:25:02,070] {processor.py:641} INFO - Processing file /opt/airflow/dags/jupyter-dag.py for tasks to queue
[2023-05-30 11:25:02,072] {logging_mixin.py:115} INFO - [2023-05-30 11:25:02,072] {dagbag.py:507} INFO - Filling up the DagBag from /opt/airflow/dags/jupyter-dag.py
[2023-05-30 11:25:02,216] {processor.py:651} INFO - DAG(s) dict_keys(['juupyter']) retrieved from /opt/airflow/dags/jupyter-dag.py
[2023-05-30 11:25:02,449] {logging_mixin.py:115} INFO - [2023-05-30 11:25:02,448] {manager.py:508} INFO - Created Permission View: can read on DAG:juupyter
[2023-05-30 11:25:02,556] {logging_mixin.py:115} INFO - [2023-05-30 11:25:02,556] {manager.py:508} INFO - Created Permission View: can delete on DAG:juupyter
[2023-05-30 11:25:02,615] {logging_mixin.py:115} INFO - [2023-05-30 11:25:02,615] {manager.py:508} INFO - Created Permission View: can edit on DAG:juupyter
[2023-05-30 11:25:02,616] {logging_mixin.py:115} INFO - [2023-05-30 11:25:02,616] {dag.py:2371} INFO - Sync 1 DAGs
[2023-05-30 11:25:02,649] {logging_mixin.py:115} INFO - [2023-05-30 11:25:02,648] {dag.py:2390} INFO - Creating ORM DAG for juupyter
[2023-05-30 11:25:02,695] {logging_mixin.py:115} INFO - [2023-05-30 11:25:02,695] {dag.py:2919} INFO - Setting next_dagrun for juupyter to 2023-05-29T00:00:00+00:00, run_after=2023-05-30T00:00:00+00:00
[2023-05-30 11:25:02,751] {processor.py:161} INFO - Processing /opt/airflow/dags/jupyter-dag.py took 0.688 seconds
[2023-05-30 11:25:41,760] {processor.py:153} INFO - Started process (PID=738) to work on /opt/airflow/dags/jupyter-dag.py
[2023-05-30 11:25:41,772] {processor.py:641} INFO - Processing file /opt/airflow/dags/jupyter-dag.py for tasks to queue
[2023-05-30 11:25:41,775] {logging_mixin.py:115} INFO - [2023-05-30 11:25:41,774] {dagbag.py:507} INFO - Filling up the DagBag from /opt/airflow/dags/jupyter-dag.py
[2023-05-30 11:25:42,259] {processor.py:651} INFO - DAG(s) dict_keys(['juupyter']) retrieved from /opt/airflow/dags/jupyter-dag.py
[2023-05-30 11:25:42,371] {logging_mixin.py:115} INFO - [2023-05-30 11:25:42,371] {dag.py:2371} INFO - Sync 1 DAGs
[2023-05-30 11:25:42,545] {logging_mixin.py:115} INFO - [2023-05-30 11:25:42,545] {dag.py:2919} INFO - Setting next_dagrun for juupyter to 2023-05-29T00:00:00+00:00, run_after=2023-05-30T00:00:00+00:00
[2023-05-30 11:25:42,681] {processor.py:161} INFO - Processing /opt/airflow/dags/jupyter-dag.py took 0.927 seconds
[2023-05-30 11:26:13,311] {processor.py:153} INFO - Started process (PID=755) to work on /opt/airflow/dags/jupyter-dag.py
[2023-05-30 11:26:13,311] {processor.py:641} INFO - Processing file /opt/airflow/dags/jupyter-dag.py for tasks to queue
[2023-05-30 11:26:13,312] {logging_mixin.py:115} INFO - [2023-05-30 11:26:13,312] {dagbag.py:507} INFO - Filling up the DagBag from /opt/airflow/dags/jupyter-dag.py
[2023-05-30 11:26:13,332] {processor.py:651} INFO - DAG(s) dict_keys(['juupyter']) retrieved from /opt/airflow/dags/jupyter-dag.py
[2023-05-30 11:26:13,365] {logging_mixin.py:115} INFO - [2023-05-30 11:26:13,365] {dag.py:2371} INFO - Sync 1 DAGs
[2023-05-30 11:26:13,408] {logging_mixin.py:115} INFO - [2023-05-30 11:26:13,407] {dag.py:2919} INFO - Setting next_dagrun for juupyter to 2023-05-29T00:00:00+00:00, run_after=2023-05-30T00:00:00+00:00
[2023-05-30 11:26:13,442] {processor.py:161} INFO - Processing /opt/airflow/dags/jupyter-dag.py took 0.137 seconds
[2023-05-30 11:26:43,937] {processor.py:153} INFO - Started process (PID=770) to work on /opt/airflow/dags/jupyter-dag.py
[2023-05-30 11:26:43,938] {processor.py:641} INFO - Processing file /opt/airflow/dags/jupyter-dag.py for tasks to queue
[2023-05-30 11:26:43,939] {logging_mixin.py:115} INFO - [2023-05-30 11:26:43,939] {dagbag.py:507} INFO - Filling up the DagBag from /opt/airflow/dags/jupyter-dag.py
[2023-05-30 11:26:43,985] {processor.py:651} INFO - DAG(s) dict_keys(['juupyter']) retrieved from /opt/airflow/dags/jupyter-dag.py
[2023-05-30 11:26:44,089] {logging_mixin.py:115} INFO - [2023-05-30 11:26:44,077] {dag.py:2371} INFO - Sync 1 DAGs
[2023-05-30 11:26:44,156] {logging_mixin.py:115} INFO - [2023-05-30 11:26:44,155] {dag.py:2919} INFO - Setting next_dagrun for juupyter to 2023-05-29T00:00:00+00:00, run_after=2023-05-30T00:00:00+00:00
[2023-05-30 11:26:44,175] {processor.py:161} INFO - Processing /opt/airflow/dags/jupyter-dag.py took 0.244 seconds
[2023-05-30 11:27:14,544] {processor.py:153} INFO - Started process (PID=785) to work on /opt/airflow/dags/jupyter-dag.py
[2023-05-30 11:27:14,546] {processor.py:641} INFO - Processing file /opt/airflow/dags/jupyter-dag.py for tasks to queue
[2023-05-30 11:27:14,547] {logging_mixin.py:115} INFO - [2023-05-30 11:27:14,547] {dagbag.py:507} INFO - Filling up the DagBag from /opt/airflow/dags/jupyter-dag.py
[2023-05-30 11:27:14,574] {processor.py:651} INFO - DAG(s) dict_keys(['juupyter']) retrieved from /opt/airflow/dags/jupyter-dag.py
[2023-05-30 11:27:14,605] {logging_mixin.py:115} INFO - [2023-05-30 11:27:14,605] {dag.py:2371} INFO - Sync 1 DAGs
[2023-05-30 11:27:14,637] {logging_mixin.py:115} INFO - [2023-05-30 11:27:14,637] {dag.py:2919} INFO - Setting next_dagrun for juupyter to 2023-05-29T00:00:00+00:00, run_after=2023-05-30T00:00:00+00:00
[2023-05-30 11:27:14,656] {processor.py:161} INFO - Processing /opt/airflow/dags/jupyter-dag.py took 0.119 seconds
[2023-05-30 11:27:45,404] {processor.py:153} INFO - Started process (PID=805) to work on /opt/airflow/dags/jupyter-dag.py
[2023-05-30 11:27:45,414] {processor.py:641} INFO - Processing file /opt/airflow/dags/jupyter-dag.py for tasks to queue
[2023-05-30 11:27:45,416] {logging_mixin.py:115} INFO - [2023-05-30 11:27:45,416] {dagbag.py:507} INFO - Filling up the DagBag from /opt/airflow/dags/jupyter-dag.py
[2023-05-30 11:27:45,444] {processor.py:651} INFO - DAG(s) dict_keys(['juupyter']) retrieved from /opt/airflow/dags/jupyter-dag.py
[2023-05-30 11:27:45,470] {logging_mixin.py:115} INFO - [2023-05-30 11:27:45,470] {dag.py:2371} INFO - Sync 1 DAGs
[2023-05-30 11:27:45,522] {logging_mixin.py:115} INFO - [2023-05-30 11:27:45,521] {dag.py:2919} INFO - Setting next_dagrun for juupyter to 2023-05-29T00:00:00+00:00, run_after=2023-05-30T00:00:00+00:00
[2023-05-30 11:27:45,690] {processor.py:161} INFO - Processing /opt/airflow/dags/jupyter-dag.py took 0.294 seconds
[2023-05-30 11:28:15,909] {processor.py:153} INFO - Started process (PID=825) to work on /opt/airflow/dags/jupyter-dag.py
[2023-05-30 11:28:15,941] {processor.py:641} INFO - Processing file /opt/airflow/dags/jupyter-dag.py for tasks to queue
[2023-05-30 11:28:15,943] {logging_mixin.py:115} INFO - [2023-05-30 11:28:15,943] {dagbag.py:507} INFO - Filling up the DagBag from /opt/airflow/dags/jupyter-dag.py
[2023-05-30 11:28:15,976] {processor.py:651} INFO - DAG(s) dict_keys(['juupyter']) retrieved from /opt/airflow/dags/jupyter-dag.py
[2023-05-30 11:28:16,159] {logging_mixin.py:115} INFO - [2023-05-30 11:28:16,159] {dag.py:2371} INFO - Sync 1 DAGs
[2023-05-30 11:28:16,190] {logging_mixin.py:115} INFO - [2023-05-30 11:28:16,190] {dag.py:2919} INFO - Setting next_dagrun for juupyter to 2023-05-29T00:00:00+00:00, run_after=2023-05-30T00:00:00+00:00
[2023-05-30 11:28:16,392] {processor.py:161} INFO - Processing /opt/airflow/dags/jupyter-dag.py took 0.486 seconds
[2023-05-30 11:28:46,989] {processor.py:153} INFO - Started process (PID=845) to work on /opt/airflow/dags/jupyter-dag.py
[2023-05-30 11:28:46,991] {processor.py:641} INFO - Processing file /opt/airflow/dags/jupyter-dag.py for tasks to queue
[2023-05-30 11:28:46,992] {logging_mixin.py:115} INFO - [2023-05-30 11:28:46,992] {dagbag.py:507} INFO - Filling up the DagBag from /opt/airflow/dags/jupyter-dag.py
[2023-05-30 11:28:47,036] {processor.py:651} INFO - DAG(s) dict_keys(['juupyter']) retrieved from /opt/airflow/dags/jupyter-dag.py
[2023-05-30 11:28:47,079] {logging_mixin.py:115} INFO - [2023-05-30 11:28:47,078] {dag.py:2371} INFO - Sync 1 DAGs
[2023-05-30 11:28:47,113] {logging_mixin.py:115} INFO - [2023-05-30 11:28:47,113] {dag.py:2919} INFO - Setting next_dagrun for juupyter to 2023-05-29T00:00:00+00:00, run_after=2023-05-30T00:00:00+00:00
[2023-05-30 11:28:47,136] {processor.py:161} INFO - Processing /opt/airflow/dags/jupyter-dag.py took 0.153 seconds
[2023-05-30 11:29:17,239] {processor.py:153} INFO - Started process (PID=865) to work on /opt/airflow/dags/jupyter-dag.py
[2023-05-30 11:29:17,241] {processor.py:641} INFO - Processing file /opt/airflow/dags/jupyter-dag.py for tasks to queue
[2023-05-30 11:29:17,242] {logging_mixin.py:115} INFO - [2023-05-30 11:29:17,241] {dagbag.py:507} INFO - Filling up the DagBag from /opt/airflow/dags/jupyter-dag.py
[2023-05-30 11:29:17,263] {processor.py:651} INFO - DAG(s) dict_keys(['juupyter']) retrieved from /opt/airflow/dags/jupyter-dag.py
[2023-05-30 11:29:17,281] {logging_mixin.py:115} INFO - [2023-05-30 11:29:17,281] {dag.py:2371} INFO - Sync 1 DAGs
[2023-05-30 11:29:17,312] {logging_mixin.py:115} INFO - [2023-05-30 11:29:17,312] {dag.py:2919} INFO - Setting next_dagrun for juupyter to 2023-05-29T00:00:00+00:00, run_after=2023-05-30T00:00:00+00:00
[2023-05-30 11:29:17,335] {processor.py:161} INFO - Processing /opt/airflow/dags/jupyter-dag.py took 0.100 seconds
[2023-05-30 11:29:47,966] {processor.py:153} INFO - Started process (PID=885) to work on /opt/airflow/dags/jupyter-dag.py
[2023-05-30 11:29:47,967] {processor.py:641} INFO - Processing file /opt/airflow/dags/jupyter-dag.py for tasks to queue
[2023-05-30 11:29:47,968] {logging_mixin.py:115} INFO - [2023-05-30 11:29:47,968] {dagbag.py:507} INFO - Filling up the DagBag from /opt/airflow/dags/jupyter-dag.py
[2023-05-30 11:29:47,994] {processor.py:651} INFO - DAG(s) dict_keys(['juupyter']) retrieved from /opt/airflow/dags/jupyter-dag.py
[2023-05-30 11:29:48,087] {logging_mixin.py:115} INFO - [2023-05-30 11:29:48,087] {dag.py:2371} INFO - Sync 1 DAGs
[2023-05-30 11:29:48,114] {logging_mixin.py:115} INFO - [2023-05-30 11:29:48,114] {dag.py:2919} INFO - Setting next_dagrun for juupyter to 2023-05-29T00:00:00+00:00, run_after=2023-05-30T00:00:00+00:00
[2023-05-30 11:29:48,138] {processor.py:161} INFO - Processing /opt/airflow/dags/jupyter-dag.py took 0.177 seconds
[2023-05-30 11:30:18,663] {processor.py:153} INFO - Started process (PID=905) to work on /opt/airflow/dags/jupyter-dag.py
[2023-05-30 11:30:18,665] {processor.py:641} INFO - Processing file /opt/airflow/dags/jupyter-dag.py for tasks to queue
[2023-05-30 11:30:18,666] {logging_mixin.py:115} INFO - [2023-05-30 11:30:18,666] {dagbag.py:507} INFO - Filling up the DagBag from /opt/airflow/dags/jupyter-dag.py
[2023-05-30 11:30:18,689] {processor.py:651} INFO - DAG(s) dict_keys(['juupyter']) retrieved from /opt/airflow/dags/jupyter-dag.py
[2023-05-30 11:30:18,750] {logging_mixin.py:115} INFO - [2023-05-30 11:30:18,750] {dag.py:2371} INFO - Sync 1 DAGs
[2023-05-30 11:30:18,826] {logging_mixin.py:115} INFO - [2023-05-30 11:30:18,826] {dag.py:2919} INFO - Setting next_dagrun for juupyter to 2023-05-29T00:00:00+00:00, run_after=2023-05-30T00:00:00+00:00
[2023-05-30 11:30:18,858] {processor.py:161} INFO - Processing /opt/airflow/dags/jupyter-dag.py took 0.198 seconds
[2023-05-30 11:30:49,388] {processor.py:153} INFO - Started process (PID=925) to work on /opt/airflow/dags/jupyter-dag.py
[2023-05-30 11:30:49,389] {processor.py:641} INFO - Processing file /opt/airflow/dags/jupyter-dag.py for tasks to queue
[2023-05-30 11:30:49,391] {logging_mixin.py:115} INFO - [2023-05-30 11:30:49,390] {dagbag.py:507} INFO - Filling up the DagBag from /opt/airflow/dags/jupyter-dag.py
[2023-05-30 11:30:49,415] {processor.py:651} INFO - DAG(s) dict_keys(['juupyter']) retrieved from /opt/airflow/dags/jupyter-dag.py
[2023-05-30 11:30:49,484] {logging_mixin.py:115} INFO - [2023-05-30 11:30:49,484] {dag.py:2371} INFO - Sync 1 DAGs
[2023-05-30 11:30:49,523] {logging_mixin.py:115} INFO - [2023-05-30 11:30:49,523] {dag.py:2919} INFO - Setting next_dagrun for juupyter to 2023-05-29T00:00:00+00:00, run_after=2023-05-30T00:00:00+00:00
[2023-05-30 11:30:49,544] {processor.py:161} INFO - Processing /opt/airflow/dags/jupyter-dag.py took 0.161 seconds
[2023-05-30 11:31:20,218] {processor.py:153} INFO - Started process (PID=945) to work on /opt/airflow/dags/jupyter-dag.py
[2023-05-30 11:31:20,219] {processor.py:641} INFO - Processing file /opt/airflow/dags/jupyter-dag.py for tasks to queue
[2023-05-30 11:31:20,221] {logging_mixin.py:115} INFO - [2023-05-30 11:31:20,221] {dagbag.py:507} INFO - Filling up the DagBag from /opt/airflow/dags/jupyter-dag.py
[2023-05-30 11:31:20,248] {processor.py:651} INFO - DAG(s) dict_keys(['juupyter']) retrieved from /opt/airflow/dags/jupyter-dag.py
[2023-05-30 11:31:20,352] {logging_mixin.py:115} INFO - [2023-05-30 11:31:20,352] {dag.py:2371} INFO - Sync 1 DAGs
[2023-05-30 11:31:20,383] {logging_mixin.py:115} INFO - [2023-05-30 11:31:20,383] {dag.py:2919} INFO - Setting next_dagrun for juupyter to 2023-05-29T00:00:00+00:00, run_after=2023-05-30T00:00:00+00:00
[2023-05-30 11:31:20,419] {processor.py:161} INFO - Processing /opt/airflow/dags/jupyter-dag.py took 0.207 seconds
[2023-05-30 11:31:50,743] {processor.py:153} INFO - Started process (PID=965) to work on /opt/airflow/dags/jupyter-dag.py
[2023-05-30 11:31:50,744] {processor.py:641} INFO - Processing file /opt/airflow/dags/jupyter-dag.py for tasks to queue
[2023-05-30 11:31:50,745] {logging_mixin.py:115} INFO - [2023-05-30 11:31:50,745] {dagbag.py:507} INFO - Filling up the DagBag from /opt/airflow/dags/jupyter-dag.py
[2023-05-30 11:31:50,769] {processor.py:651} INFO - DAG(s) dict_keys(['juupyter']) retrieved from /opt/airflow/dags/jupyter-dag.py
[2023-05-30 11:31:50,803] {logging_mixin.py:115} INFO - [2023-05-30 11:31:50,803] {dag.py:2371} INFO - Sync 1 DAGs
[2023-05-30 11:31:50,833] {logging_mixin.py:115} INFO - [2023-05-30 11:31:50,833] {dag.py:2919} INFO - Setting next_dagrun for juupyter to 2023-05-29T00:00:00+00:00, run_after=2023-05-30T00:00:00+00:00
[2023-05-30 11:31:50,855] {processor.py:161} INFO - Processing /opt/airflow/dags/jupyter-dag.py took 0.116 seconds
[2023-05-30 11:32:21,468] {processor.py:153} INFO - Started process (PID=985) to work on /opt/airflow/dags/jupyter-dag.py
[2023-05-30 11:32:21,469] {processor.py:641} INFO - Processing file /opt/airflow/dags/jupyter-dag.py for tasks to queue
[2023-05-30 11:32:21,470] {logging_mixin.py:115} INFO - [2023-05-30 11:32:21,470] {dagbag.py:507} INFO - Filling up the DagBag from /opt/airflow/dags/jupyter-dag.py
[2023-05-30 11:32:21,493] {processor.py:651} INFO - DAG(s) dict_keys(['juupyter']) retrieved from /opt/airflow/dags/jupyter-dag.py
[2023-05-30 11:32:21,510] {logging_mixin.py:115} INFO - [2023-05-30 11:32:21,510] {dag.py:2371} INFO - Sync 1 DAGs
[2023-05-30 11:32:21,541] {logging_mixin.py:115} INFO - [2023-05-30 11:32:21,541] {dag.py:2919} INFO - Setting next_dagrun for juupyter to 2023-05-29T00:00:00+00:00, run_after=2023-05-30T00:00:00+00:00
[2023-05-30 11:32:21,560] {processor.py:161} INFO - Processing /opt/airflow/dags/jupyter-dag.py took 0.095 seconds
[2023-05-30 11:32:52,191] {processor.py:153} INFO - Started process (PID=1005) to work on /opt/airflow/dags/jupyter-dag.py
[2023-05-30 11:32:52,192] {processor.py:641} INFO - Processing file /opt/airflow/dags/jupyter-dag.py for tasks to queue
[2023-05-30 11:32:52,193] {logging_mixin.py:115} INFO - [2023-05-30 11:32:52,193] {dagbag.py:507} INFO - Filling up the DagBag from /opt/airflow/dags/jupyter-dag.py
[2023-05-30 11:32:52,219] {processor.py:651} INFO - DAG(s) dict_keys(['juupyter']) retrieved from /opt/airflow/dags/jupyter-dag.py
[2023-05-30 11:32:52,330] {logging_mixin.py:115} INFO - [2023-05-30 11:32:52,330] {dag.py:2371} INFO - Sync 1 DAGs
[2023-05-30 11:32:52,368] {logging_mixin.py:115} INFO - [2023-05-30 11:32:52,368] {dag.py:2919} INFO - Setting next_dagrun for juupyter to 2023-05-29T00:00:00+00:00, run_after=2023-05-30T00:00:00+00:00
[2023-05-30 11:32:52,396] {processor.py:161} INFO - Processing /opt/airflow/dags/jupyter-dag.py took 0.209 seconds
[2023-05-30 11:33:22,971] {processor.py:153} INFO - Started process (PID=1025) to work on /opt/airflow/dags/jupyter-dag.py
[2023-05-30 11:33:22,972] {processor.py:641} INFO - Processing file /opt/airflow/dags/jupyter-dag.py for tasks to queue
[2023-05-30 11:33:22,974] {logging_mixin.py:115} INFO - [2023-05-30 11:33:22,974] {dagbag.py:507} INFO - Filling up the DagBag from /opt/airflow/dags/jupyter-dag.py
[2023-05-30 11:33:23,006] {processor.py:651} INFO - DAG(s) dict_keys(['juupyter']) retrieved from /opt/airflow/dags/jupyter-dag.py
[2023-05-30 11:33:23,049] {logging_mixin.py:115} INFO - [2023-05-30 11:33:23,048] {dag.py:2371} INFO - Sync 1 DAGs
[2023-05-30 11:33:23,080] {logging_mixin.py:115} INFO - [2023-05-30 11:33:23,079] {dag.py:2919} INFO - Setting next_dagrun for juupyter to 2023-05-29T00:00:00+00:00, run_after=2023-05-30T00:00:00+00:00
[2023-05-30 11:33:23,098] {processor.py:161} INFO - Processing /opt/airflow/dags/jupyter-dag.py took 0.132 seconds
[2023-05-30 11:33:53,648] {processor.py:153} INFO - Started process (PID=1045) to work on /opt/airflow/dags/jupyter-dag.py
[2023-05-30 11:33:53,649] {processor.py:641} INFO - Processing file /opt/airflow/dags/jupyter-dag.py for tasks to queue
[2023-05-30 11:33:53,650] {logging_mixin.py:115} INFO - [2023-05-30 11:33:53,650] {dagbag.py:507} INFO - Filling up the DagBag from /opt/airflow/dags/jupyter-dag.py
[2023-05-30 11:33:53,674] {processor.py:651} INFO - DAG(s) dict_keys(['juupyter']) retrieved from /opt/airflow/dags/jupyter-dag.py
[2023-05-30 11:33:53,691] {logging_mixin.py:115} INFO - [2023-05-30 11:33:53,691] {dag.py:2371} INFO - Sync 1 DAGs
[2023-05-30 11:33:53,730] {logging_mixin.py:115} INFO - [2023-05-30 11:33:53,730] {dag.py:2919} INFO - Setting next_dagrun for juupyter to 2023-05-29T00:00:00+00:00, run_after=2023-05-30T00:00:00+00:00
[2023-05-30 11:33:53,759] {processor.py:161} INFO - Processing /opt/airflow/dags/jupyter-dag.py took 0.115 seconds
[2023-05-30 11:34:24,403] {processor.py:153} INFO - Started process (PID=1065) to work on /opt/airflow/dags/jupyter-dag.py
[2023-05-30 11:34:24,405] {processor.py:641} INFO - Processing file /opt/airflow/dags/jupyter-dag.py for tasks to queue
[2023-05-30 11:34:24,406] {logging_mixin.py:115} INFO - [2023-05-30 11:34:24,406] {dagbag.py:507} INFO - Filling up the DagBag from /opt/airflow/dags/jupyter-dag.py
[2023-05-30 11:34:24,430] {processor.py:651} INFO - DAG(s) dict_keys(['juupyter']) retrieved from /opt/airflow/dags/jupyter-dag.py
[2023-05-30 11:34:24,515] {logging_mixin.py:115} INFO - [2023-05-30 11:34:24,515] {dag.py:2371} INFO - Sync 1 DAGs
[2023-05-30 11:34:24,543] {logging_mixin.py:115} INFO - [2023-05-30 11:34:24,543] {dag.py:2919} INFO - Setting next_dagrun for juupyter to 2023-05-29T00:00:00+00:00, run_after=2023-05-30T00:00:00+00:00
[2023-05-30 11:34:24,572] {processor.py:161} INFO - Processing /opt/airflow/dags/jupyter-dag.py took 0.172 seconds
[2023-05-30 11:34:55,181] {processor.py:153} INFO - Started process (PID=1085) to work on /opt/airflow/dags/jupyter-dag.py
[2023-05-30 11:34:55,182] {processor.py:641} INFO - Processing file /opt/airflow/dags/jupyter-dag.py for tasks to queue
[2023-05-30 11:34:55,183] {logging_mixin.py:115} INFO - [2023-05-30 11:34:55,183] {dagbag.py:507} INFO - Filling up the DagBag from /opt/airflow/dags/jupyter-dag.py
[2023-05-30 11:34:55,218] {processor.py:651} INFO - DAG(s) dict_keys(['juupyter']) retrieved from /opt/airflow/dags/jupyter-dag.py
[2023-05-30 11:34:55,253] {logging_mixin.py:115} INFO - [2023-05-30 11:34:55,253] {dag.py:2371} INFO - Sync 1 DAGs
[2023-05-30 11:34:55,283] {logging_mixin.py:115} INFO - [2023-05-30 11:34:55,283] {dag.py:2919} INFO - Setting next_dagrun for juupyter to 2023-05-29T00:00:00+00:00, run_after=2023-05-30T00:00:00+00:00
[2023-05-30 11:34:55,301] {processor.py:161} INFO - Processing /opt/airflow/dags/jupyter-dag.py took 0.125 seconds
[2023-05-30 11:35:25,888] {processor.py:153} INFO - Started process (PID=1105) to work on /opt/airflow/dags/jupyter-dag.py
[2023-05-30 11:35:25,889] {processor.py:641} INFO - Processing file /opt/airflow/dags/jupyter-dag.py for tasks to queue
[2023-05-30 11:35:25,890] {logging_mixin.py:115} INFO - [2023-05-30 11:35:25,890] {dagbag.py:507} INFO - Filling up the DagBag from /opt/airflow/dags/jupyter-dag.py
[2023-05-30 11:35:25,912] {processor.py:651} INFO - DAG(s) dict_keys(['juupyter']) retrieved from /opt/airflow/dags/jupyter-dag.py
[2023-05-30 11:35:25,930] {logging_mixin.py:115} INFO - [2023-05-30 11:35:25,930] {dag.py:2371} INFO - Sync 1 DAGs
[2023-05-30 11:35:25,960] {logging_mixin.py:115} INFO - [2023-05-30 11:35:25,960] {dag.py:2919} INFO - Setting next_dagrun for juupyter to 2023-05-29T00:00:00+00:00, run_after=2023-05-30T00:00:00+00:00
[2023-05-30 11:35:25,980] {processor.py:161} INFO - Processing /opt/airflow/dags/jupyter-dag.py took 0.096 seconds
[2023-05-30 11:35:56,601] {processor.py:153} INFO - Started process (PID=1125) to work on /opt/airflow/dags/jupyter-dag.py
[2023-05-30 11:35:56,602] {processor.py:641} INFO - Processing file /opt/airflow/dags/jupyter-dag.py for tasks to queue
[2023-05-30 11:35:56,605] {logging_mixin.py:115} INFO - [2023-05-30 11:35:56,604] {dagbag.py:507} INFO - Filling up the DagBag from /opt/airflow/dags/jupyter-dag.py
[2023-05-30 11:35:56,633] {processor.py:651} INFO - DAG(s) dict_keys(['juupyter']) retrieved from /opt/airflow/dags/jupyter-dag.py
[2023-05-30 11:35:56,715] {logging_mixin.py:115} INFO - [2023-05-30 11:35:56,714] {dag.py:2371} INFO - Sync 1 DAGs
[2023-05-30 11:35:56,743] {logging_mixin.py:115} INFO - [2023-05-30 11:35:56,743] {dag.py:2919} INFO - Setting next_dagrun for juupyter to 2023-05-29T00:00:00+00:00, run_after=2023-05-30T00:00:00+00:00
[2023-05-30 11:35:56,764] {processor.py:161} INFO - Processing /opt/airflow/dags/jupyter-dag.py took 0.169 seconds
[2023-05-30 11:36:27,585] {processor.py:153} INFO - Started process (PID=1145) to work on /opt/airflow/dags/jupyter-dag.py
[2023-05-30 11:36:27,586] {processor.py:641} INFO - Processing file /opt/airflow/dags/jupyter-dag.py for tasks to queue
[2023-05-30 11:36:27,587] {logging_mixin.py:115} INFO - [2023-05-30 11:36:27,586] {dagbag.py:507} INFO - Filling up the DagBag from /opt/airflow/dags/jupyter-dag.py
[2023-05-30 11:36:27,631] {processor.py:651} INFO - DAG(s) dict_keys(['juupyter']) retrieved from /opt/airflow/dags/jupyter-dag.py
[2023-05-30 11:36:27,739] {logging_mixin.py:115} INFO - [2023-05-30 11:36:27,739] {dag.py:2371} INFO - Sync 1 DAGs
[2023-05-30 11:36:27,844] {logging_mixin.py:115} INFO - [2023-05-30 11:36:27,844] {dag.py:2919} INFO - Setting next_dagrun for juupyter to 2023-05-29T00:00:00+00:00, run_after=2023-05-30T00:00:00+00:00
[2023-05-30 11:36:27,872] {processor.py:161} INFO - Processing /opt/airflow/dags/jupyter-dag.py took 0.293 seconds
[2023-05-30 11:36:58,456] {processor.py:153} INFO - Started process (PID=1165) to work on /opt/airflow/dags/jupyter-dag.py
[2023-05-30 11:36:58,458] {processor.py:641} INFO - Processing file /opt/airflow/dags/jupyter-dag.py for tasks to queue
[2023-05-30 11:36:58,459] {logging_mixin.py:115} INFO - [2023-05-30 11:36:58,459] {dagbag.py:507} INFO - Filling up the DagBag from /opt/airflow/dags/jupyter-dag.py
[2023-05-30 11:36:58,484] {processor.py:651} INFO - DAG(s) dict_keys(['juupyter']) retrieved from /opt/airflow/dags/jupyter-dag.py
[2023-05-30 11:36:58,504] {logging_mixin.py:115} INFO - [2023-05-30 11:36:58,504] {dag.py:2371} INFO - Sync 1 DAGs
[2023-05-30 11:36:58,548] {logging_mixin.py:115} INFO - [2023-05-30 11:36:58,548] {dag.py:2919} INFO - Setting next_dagrun for juupyter to 2023-05-29T00:00:00+00:00, run_after=2023-05-30T00:00:00+00:00
[2023-05-30 11:36:58,574] {processor.py:161} INFO - Processing /opt/airflow/dags/jupyter-dag.py took 0.123 seconds
[2023-05-30 11:37:29,183] {processor.py:153} INFO - Started process (PID=1185) to work on /opt/airflow/dags/jupyter-dag.py
[2023-05-30 11:37:29,186] {processor.py:641} INFO - Processing file /opt/airflow/dags/jupyter-dag.py for tasks to queue
[2023-05-30 11:37:29,188] {logging_mixin.py:115} INFO - [2023-05-30 11:37:29,188] {dagbag.py:507} INFO - Filling up the DagBag from /opt/airflow/dags/jupyter-dag.py
[2023-05-30 11:37:29,222] {processor.py:651} INFO - DAG(s) dict_keys(['juupyter']) retrieved from /opt/airflow/dags/jupyter-dag.py
[2023-05-30 11:37:29,399] {logging_mixin.py:115} INFO - [2023-05-30 11:37:29,399] {dag.py:2371} INFO - Sync 1 DAGs
[2023-05-30 11:37:29,446] {logging_mixin.py:115} INFO - [2023-05-30 11:37:29,445] {dag.py:2919} INFO - Setting next_dagrun for juupyter to 2023-05-29T00:00:00+00:00, run_after=2023-05-30T00:00:00+00:00
[2023-05-30 11:37:29,474] {processor.py:161} INFO - Processing /opt/airflow/dags/jupyter-dag.py took 0.298 seconds
[2023-05-30 11:38:00,283] {processor.py:153} INFO - Started process (PID=1205) to work on /opt/airflow/dags/jupyter-dag.py
[2023-05-30 11:38:00,285] {processor.py:641} INFO - Processing file /opt/airflow/dags/jupyter-dag.py for tasks to queue
[2023-05-30 11:38:00,286] {logging_mixin.py:115} INFO - [2023-05-30 11:38:00,286] {dagbag.py:507} INFO - Filling up the DagBag from /opt/airflow/dags/jupyter-dag.py
[2023-05-30 11:38:00,310] {processor.py:651} INFO - DAG(s) dict_keys(['juupyter']) retrieved from /opt/airflow/dags/jupyter-dag.py
[2023-05-30 11:38:00,361] {logging_mixin.py:115} INFO - [2023-05-30 11:38:00,361] {dag.py:2371} INFO - Sync 1 DAGs
[2023-05-30 11:38:00,396] {logging_mixin.py:115} INFO - [2023-05-30 11:38:00,396] {dag.py:2919} INFO - Setting next_dagrun for juupyter to 2023-05-29T00:00:00+00:00, run_after=2023-05-30T00:00:00+00:00
[2023-05-30 11:38:00,417] {processor.py:161} INFO - Processing /opt/airflow/dags/jupyter-dag.py took 0.138 seconds
[2023-05-30 11:38:30,818] {processor.py:153} INFO - Started process (PID=1225) to work on /opt/airflow/dags/jupyter-dag.py
[2023-05-30 11:38:30,819] {processor.py:641} INFO - Processing file /opt/airflow/dags/jupyter-dag.py for tasks to queue
[2023-05-30 11:38:30,821] {logging_mixin.py:115} INFO - [2023-05-30 11:38:30,821] {dagbag.py:507} INFO - Filling up the DagBag from /opt/airflow/dags/jupyter-dag.py
[2023-05-30 11:38:30,856] {processor.py:651} INFO - DAG(s) dict_keys(['juupyter']) retrieved from /opt/airflow/dags/jupyter-dag.py
[2023-05-30 11:38:30,903] {logging_mixin.py:115} INFO - [2023-05-30 11:38:30,901] {dag.py:2371} INFO - Sync 1 DAGs
[2023-05-30 11:38:30,970] {logging_mixin.py:115} INFO - [2023-05-30 11:38:30,969] {dag.py:2919} INFO - Setting next_dagrun for juupyter to 2023-05-29T00:00:00+00:00, run_after=2023-05-30T00:00:00+00:00
[2023-05-30 11:38:31,003] {processor.py:161} INFO - Processing /opt/airflow/dags/jupyter-dag.py took 0.198 seconds
[2023-05-30 11:39:01,558] {processor.py:153} INFO - Started process (PID=1245) to work on /opt/airflow/dags/jupyter-dag.py
[2023-05-30 11:39:01,560] {processor.py:641} INFO - Processing file /opt/airflow/dags/jupyter-dag.py for tasks to queue
[2023-05-30 11:39:01,561] {logging_mixin.py:115} INFO - [2023-05-30 11:39:01,561] {dagbag.py:507} INFO - Filling up the DagBag from /opt/airflow/dags/jupyter-dag.py
[2023-05-30 11:39:01,583] {processor.py:651} INFO - DAG(s) dict_keys(['juupyter']) retrieved from /opt/airflow/dags/jupyter-dag.py
[2023-05-30 11:39:01,691] {logging_mixin.py:115} INFO - [2023-05-30 11:39:01,691] {dag.py:2371} INFO - Sync 1 DAGs
[2023-05-30 11:39:01,738] {logging_mixin.py:115} INFO - [2023-05-30 11:39:01,738] {dag.py:2919} INFO - Setting next_dagrun for juupyter to 2023-05-29T00:00:00+00:00, run_after=2023-05-30T00:00:00+00:00
[2023-05-30 11:39:01,779] {processor.py:161} INFO - Processing /opt/airflow/dags/jupyter-dag.py took 0.224 seconds
[2023-05-30 11:39:32,256] {processor.py:153} INFO - Started process (PID=1265) to work on /opt/airflow/dags/jupyter-dag.py
[2023-05-30 11:39:32,257] {processor.py:641} INFO - Processing file /opt/airflow/dags/jupyter-dag.py for tasks to queue
[2023-05-30 11:39:32,258] {logging_mixin.py:115} INFO - [2023-05-30 11:39:32,258] {dagbag.py:507} INFO - Filling up the DagBag from /opt/airflow/dags/jupyter-dag.py
[2023-05-30 11:39:32,291] {processor.py:651} INFO - DAG(s) dict_keys(['juupyter']) retrieved from /opt/airflow/dags/jupyter-dag.py
[2023-05-30 11:39:32,327] {logging_mixin.py:115} INFO - [2023-05-30 11:39:32,326] {dag.py:2371} INFO - Sync 1 DAGs
[2023-05-30 11:39:32,364] {logging_mixin.py:115} INFO - [2023-05-30 11:39:32,364] {dag.py:2919} INFO - Setting next_dagrun for juupyter to 2023-05-29T00:00:00+00:00, run_after=2023-05-30T00:00:00+00:00
[2023-05-30 11:39:32,387] {processor.py:161} INFO - Processing /opt/airflow/dags/jupyter-dag.py took 0.137 seconds
[2023-05-30 11:40:02,879] {processor.py:153} INFO - Started process (PID=1285) to work on /opt/airflow/dags/jupyter-dag.py
[2023-05-30 11:40:02,880] {processor.py:641} INFO - Processing file /opt/airflow/dags/jupyter-dag.py for tasks to queue
[2023-05-30 11:40:02,883] {logging_mixin.py:115} INFO - [2023-05-30 11:40:02,883] {dagbag.py:507} INFO - Filling up the DagBag from /opt/airflow/dags/jupyter-dag.py
[2023-05-30 11:40:02,914] {processor.py:651} INFO - DAG(s) dict_keys(['juupyter']) retrieved from /opt/airflow/dags/jupyter-dag.py
[2023-05-30 11:40:02,940] {logging_mixin.py:115} INFO - [2023-05-30 11:40:02,939] {dag.py:2371} INFO - Sync 1 DAGs
[2023-05-30 11:40:03,017] {logging_mixin.py:115} INFO - [2023-05-30 11:40:03,017] {dag.py:2919} INFO - Setting next_dagrun for juupyter to 2023-05-29T00:00:00+00:00, run_after=2023-05-30T00:00:00+00:00
[2023-05-30 11:40:03,042] {processor.py:161} INFO - Processing /opt/airflow/dags/jupyter-dag.py took 0.170 seconds
[2023-05-30 11:40:33,542] {processor.py:153} INFO - Started process (PID=1305) to work on /opt/airflow/dags/jupyter-dag.py
[2023-05-30 11:40:33,553] {processor.py:641} INFO - Processing file /opt/airflow/dags/jupyter-dag.py for tasks to queue
[2023-05-30 11:40:33,554] {logging_mixin.py:115} INFO - [2023-05-30 11:40:33,554] {dagbag.py:507} INFO - Filling up the DagBag from /opt/airflow/dags/jupyter-dag.py
[2023-05-30 11:40:33,589] {processor.py:651} INFO - DAG(s) dict_keys(['juupyter']) retrieved from /opt/airflow/dags/jupyter-dag.py
[2023-05-30 11:40:33,833] {logging_mixin.py:115} INFO - [2023-05-30 11:40:33,833] {dag.py:2371} INFO - Sync 1 DAGs
[2023-05-30 11:40:33,953] {logging_mixin.py:115} INFO - [2023-05-30 11:40:33,953] {dag.py:2919} INFO - Setting next_dagrun for juupyter to 2023-05-29T00:00:00+00:00, run_after=2023-05-30T00:00:00+00:00
[2023-05-30 11:40:34,015] {processor.py:161} INFO - Processing /opt/airflow/dags/jupyter-dag.py took 0.478 seconds
[2023-05-30 11:41:04,113] {processor.py:153} INFO - Started process (PID=1325) to work on /opt/airflow/dags/jupyter-dag.py
[2023-05-30 11:41:04,114] {processor.py:641} INFO - Processing file /opt/airflow/dags/jupyter-dag.py for tasks to queue
[2023-05-30 11:41:04,115] {logging_mixin.py:115} INFO - [2023-05-30 11:41:04,115] {dagbag.py:507} INFO - Filling up the DagBag from /opt/airflow/dags/jupyter-dag.py
[2023-05-30 11:41:04,136] {processor.py:651} INFO - DAG(s) dict_keys(['juupyter']) retrieved from /opt/airflow/dags/jupyter-dag.py
[2023-05-30 11:41:04,173] {logging_mixin.py:115} INFO - [2023-05-30 11:41:04,173] {dag.py:2371} INFO - Sync 1 DAGs
[2023-05-30 11:41:04,210] {logging_mixin.py:115} INFO - [2023-05-30 11:41:04,210] {dag.py:2919} INFO - Setting next_dagrun for juupyter to 2023-05-29T00:00:00+00:00, run_after=2023-05-30T00:00:00+00:00
[2023-05-30 11:41:04,231] {processor.py:161} INFO - Processing /opt/airflow/dags/jupyter-dag.py took 0.123 seconds
[2023-05-30 11:41:34,681] {processor.py:153} INFO - Started process (PID=1345) to work on /opt/airflow/dags/jupyter-dag.py
[2023-05-30 11:41:34,682] {processor.py:641} INFO - Processing file /opt/airflow/dags/jupyter-dag.py for tasks to queue
[2023-05-30 11:41:34,683] {logging_mixin.py:115} INFO - [2023-05-30 11:41:34,683] {dagbag.py:507} INFO - Filling up the DagBag from /opt/airflow/dags/jupyter-dag.py
[2023-05-30 11:41:34,700] {processor.py:651} INFO - DAG(s) dict_keys(['juupyter']) retrieved from /opt/airflow/dags/jupyter-dag.py
[2023-05-30 11:41:34,722] {logging_mixin.py:115} INFO - [2023-05-30 11:41:34,722] {dag.py:2371} INFO - Sync 1 DAGs
[2023-05-30 11:41:34,759] {logging_mixin.py:115} INFO - [2023-05-30 11:41:34,758] {dag.py:2919} INFO - Setting next_dagrun for juupyter to 2023-05-29T00:00:00+00:00, run_after=2023-05-30T00:00:00+00:00
[2023-05-30 11:41:34,779] {processor.py:161} INFO - Processing /opt/airflow/dags/jupyter-dag.py took 0.102 seconds
[2023-05-30 11:42:05,447] {processor.py:153} INFO - Started process (PID=1365) to work on /opt/airflow/dags/jupyter-dag.py
[2023-05-30 11:42:05,452] {processor.py:641} INFO - Processing file /opt/airflow/dags/jupyter-dag.py for tasks to queue
[2023-05-30 11:42:05,454] {logging_mixin.py:115} INFO - [2023-05-30 11:42:05,454] {dagbag.py:507} INFO - Filling up the DagBag from /opt/airflow/dags/jupyter-dag.py
[2023-05-30 11:42:05,492] {processor.py:651} INFO - DAG(s) dict_keys(['juupyter']) retrieved from /opt/airflow/dags/jupyter-dag.py
[2023-05-30 11:42:05,676] {logging_mixin.py:115} INFO - [2023-05-30 11:42:05,676] {dag.py:2371} INFO - Sync 1 DAGs
[2023-05-30 11:42:05,705] {logging_mixin.py:115} INFO - [2023-05-30 11:42:05,705] {dag.py:2919} INFO - Setting next_dagrun for juupyter to 2023-05-29T00:00:00+00:00, run_after=2023-05-30T00:00:00+00:00
[2023-05-30 11:42:05,730] {processor.py:161} INFO - Processing /opt/airflow/dags/jupyter-dag.py took 0.289 seconds
[2023-05-30 11:42:36,286] {processor.py:153} INFO - Started process (PID=1385) to work on /opt/airflow/dags/jupyter-dag.py
[2023-05-30 11:42:36,287] {processor.py:641} INFO - Processing file /opt/airflow/dags/jupyter-dag.py for tasks to queue
[2023-05-30 11:42:36,288] {logging_mixin.py:115} INFO - [2023-05-30 11:42:36,288] {dagbag.py:507} INFO - Filling up the DagBag from /opt/airflow/dags/jupyter-dag.py
[2023-05-30 11:42:36,311] {processor.py:651} INFO - DAG(s) dict_keys(['juupyter']) retrieved from /opt/airflow/dags/jupyter-dag.py
[2023-05-30 11:42:36,349] {logging_mixin.py:115} INFO - [2023-05-30 11:42:36,348] {dag.py:2371} INFO - Sync 1 DAGs
[2023-05-30 11:42:36,388] {logging_mixin.py:115} INFO - [2023-05-30 11:42:36,388] {dag.py:2919} INFO - Setting next_dagrun for juupyter to 2023-05-29T00:00:00+00:00, run_after=2023-05-30T00:00:00+00:00
[2023-05-30 11:42:36,410] {processor.py:161} INFO - Processing /opt/airflow/dags/jupyter-dag.py took 0.130 seconds
[2023-05-30 11:43:07,058] {processor.py:153} INFO - Started process (PID=1405) to work on /opt/airflow/dags/jupyter-dag.py
[2023-05-30 11:43:07,059] {processor.py:641} INFO - Processing file /opt/airflow/dags/jupyter-dag.py for tasks to queue
[2023-05-30 11:43:07,060] {logging_mixin.py:115} INFO - [2023-05-30 11:43:07,060] {dagbag.py:507} INFO - Filling up the DagBag from /opt/airflow/dags/jupyter-dag.py
[2023-05-30 11:43:07,082] {processor.py:651} INFO - DAG(s) dict_keys(['juupyter']) retrieved from /opt/airflow/dags/jupyter-dag.py
[2023-05-30 11:43:07,112] {logging_mixin.py:115} INFO - [2023-05-30 11:43:07,112] {dag.py:2371} INFO - Sync 1 DAGs
[2023-05-30 11:43:07,153] {logging_mixin.py:115} INFO - [2023-05-30 11:43:07,153] {dag.py:2919} INFO - Setting next_dagrun for juupyter to 2023-05-29T00:00:00+00:00, run_after=2023-05-30T00:00:00+00:00
[2023-05-30 11:43:07,177] {processor.py:161} INFO - Processing /opt/airflow/dags/jupyter-dag.py took 0.127 seconds
[2023-05-30 11:43:37,748] {processor.py:153} INFO - Started process (PID=1425) to work on /opt/airflow/dags/jupyter-dag.py
[2023-05-30 11:43:37,749] {processor.py:641} INFO - Processing file /opt/airflow/dags/jupyter-dag.py for tasks to queue
[2023-05-30 11:43:37,751] {logging_mixin.py:115} INFO - [2023-05-30 11:43:37,750] {dagbag.py:507} INFO - Filling up the DagBag from /opt/airflow/dags/jupyter-dag.py
[2023-05-30 11:43:37,777] {processor.py:651} INFO - DAG(s) dict_keys(['juupyter']) retrieved from /opt/airflow/dags/jupyter-dag.py
[2023-05-30 11:43:37,942] {logging_mixin.py:115} INFO - [2023-05-30 11:43:37,942] {dag.py:2371} INFO - Sync 1 DAGs
[2023-05-30 11:43:37,981] {logging_mixin.py:115} INFO - [2023-05-30 11:43:37,981] {dag.py:2919} INFO - Setting next_dagrun for juupyter to 2023-05-29T00:00:00+00:00, run_after=2023-05-30T00:00:00+00:00
[2023-05-30 11:43:38,006] {processor.py:161} INFO - Processing /opt/airflow/dags/jupyter-dag.py took 0.262 seconds
[2023-05-30 11:44:08,343] {processor.py:153} INFO - Started process (PID=1445) to work on /opt/airflow/dags/jupyter-dag.py
[2023-05-30 11:44:08,344] {processor.py:641} INFO - Processing file /opt/airflow/dags/jupyter-dag.py for tasks to queue
[2023-05-30 11:44:08,345] {logging_mixin.py:115} INFO - [2023-05-30 11:44:08,345] {dagbag.py:507} INFO - Filling up the DagBag from /opt/airflow/dags/jupyter-dag.py
[2023-05-30 11:44:08,368] {processor.py:651} INFO - DAG(s) dict_keys(['juupyter']) retrieved from /opt/airflow/dags/jupyter-dag.py
[2023-05-30 11:44:08,405] {logging_mixin.py:115} INFO - [2023-05-30 11:44:08,405] {dag.py:2371} INFO - Sync 1 DAGs
[2023-05-30 11:44:08,439] {logging_mixin.py:115} INFO - [2023-05-30 11:44:08,439] {dag.py:2919} INFO - Setting next_dagrun for juupyter to 2023-05-29T00:00:00+00:00, run_after=2023-05-30T00:00:00+00:00
[2023-05-30 11:44:08,469] {processor.py:161} INFO - Processing /opt/airflow/dags/jupyter-dag.py took 0.131 seconds
[2023-05-30 11:44:39,025] {processor.py:153} INFO - Started process (PID=1465) to work on /opt/airflow/dags/jupyter-dag.py
[2023-05-30 11:44:39,028] {processor.py:641} INFO - Processing file /opt/airflow/dags/jupyter-dag.py for tasks to queue
[2023-05-30 11:44:39,032] {logging_mixin.py:115} INFO - [2023-05-30 11:44:39,032] {dagbag.py:507} INFO - Filling up the DagBag from /opt/airflow/dags/jupyter-dag.py
[2023-05-30 11:44:39,062] {processor.py:651} INFO - DAG(s) dict_keys(['juupyter']) retrieved from /opt/airflow/dags/jupyter-dag.py
[2023-05-30 11:44:39,084] {logging_mixin.py:115} INFO - [2023-05-30 11:44:39,084] {dag.py:2371} INFO - Sync 1 DAGs
[2023-05-30 11:44:39,124] {logging_mixin.py:115} INFO - [2023-05-30 11:44:39,124] {dag.py:2919} INFO - Setting next_dagrun for juupyter to 2023-05-29T00:00:00+00:00, run_after=2023-05-30T00:00:00+00:00
[2023-05-30 11:44:39,146] {processor.py:161} INFO - Processing /opt/airflow/dags/jupyter-dag.py took 0.128 seconds
[2023-05-30 11:45:09,807] {processor.py:153} INFO - Started process (PID=1485) to work on /opt/airflow/dags/jupyter-dag.py
[2023-05-30 11:45:09,808] {processor.py:641} INFO - Processing file /opt/airflow/dags/jupyter-dag.py for tasks to queue
[2023-05-30 11:45:09,812] {logging_mixin.py:115} INFO - [2023-05-30 11:45:09,812] {dagbag.py:507} INFO - Filling up the DagBag from /opt/airflow/dags/jupyter-dag.py
[2023-05-30 11:45:09,840] {processor.py:651} INFO - DAG(s) dict_keys(['juupyter']) retrieved from /opt/airflow/dags/jupyter-dag.py
[2023-05-30 11:45:09,969] {logging_mixin.py:115} INFO - [2023-05-30 11:45:09,969] {dag.py:2371} INFO - Sync 1 DAGs
[2023-05-30 11:45:10,004] {logging_mixin.py:115} INFO - [2023-05-30 11:45:10,004] {dag.py:2919} INFO - Setting next_dagrun for juupyter to 2023-05-29T00:00:00+00:00, run_after=2023-05-30T00:00:00+00:00
[2023-05-30 11:45:10,029] {processor.py:161} INFO - Processing /opt/airflow/dags/jupyter-dag.py took 0.228 seconds
[2023-05-30 11:45:40,677] {processor.py:153} INFO - Started process (PID=1505) to work on /opt/airflow/dags/jupyter-dag.py
[2023-05-30 11:45:40,679] {processor.py:641} INFO - Processing file /opt/airflow/dags/jupyter-dag.py for tasks to queue
[2023-05-30 11:45:40,680] {logging_mixin.py:115} INFO - [2023-05-30 11:45:40,680] {dagbag.py:507} INFO - Filling up the DagBag from /opt/airflow/dags/jupyter-dag.py
[2023-05-30 11:45:40,710] {processor.py:651} INFO - DAG(s) dict_keys(['juupyter']) retrieved from /opt/airflow/dags/jupyter-dag.py
[2023-05-30 11:45:40,768] {logging_mixin.py:115} INFO - [2023-05-30 11:45:40,768] {dag.py:2371} INFO - Sync 1 DAGs
[2023-05-30 11:45:40,804] {logging_mixin.py:115} INFO - [2023-05-30 11:45:40,804] {dag.py:2919} INFO - Setting next_dagrun for juupyter to 2023-05-29T00:00:00+00:00, run_after=2023-05-30T00:00:00+00:00
[2023-05-30 11:45:40,826] {processor.py:161} INFO - Processing /opt/airflow/dags/jupyter-dag.py took 0.155 seconds
[2023-05-30 11:46:11,391] {processor.py:153} INFO - Started process (PID=1525) to work on /opt/airflow/dags/jupyter-dag.py
[2023-05-30 11:46:11,392] {processor.py:641} INFO - Processing file /opt/airflow/dags/jupyter-dag.py for tasks to queue
[2023-05-30 11:46:11,393] {logging_mixin.py:115} INFO - [2023-05-30 11:46:11,393] {dagbag.py:507} INFO - Filling up the DagBag from /opt/airflow/dags/jupyter-dag.py
[2023-05-30 11:46:11,415] {processor.py:651} INFO - DAG(s) dict_keys(['juupyter']) retrieved from /opt/airflow/dags/jupyter-dag.py
[2023-05-30 11:46:11,436] {logging_mixin.py:115} INFO - [2023-05-30 11:46:11,435] {dag.py:2371} INFO - Sync 1 DAGs
[2023-05-30 11:46:11,493] {logging_mixin.py:115} INFO - [2023-05-30 11:46:11,493] {dag.py:2919} INFO - Setting next_dagrun for juupyter to 2023-05-29T00:00:00+00:00, run_after=2023-05-30T00:00:00+00:00
[2023-05-30 11:46:11,533] {processor.py:161} INFO - Processing /opt/airflow/dags/jupyter-dag.py took 0.147 seconds
[2023-05-30 11:46:42,583] {processor.py:153} INFO - Started process (PID=1545) to work on /opt/airflow/dags/jupyter-dag.py
[2023-05-30 11:46:42,584] {processor.py:641} INFO - Processing file /opt/airflow/dags/jupyter-dag.py for tasks to queue
[2023-05-30 11:46:42,586] {logging_mixin.py:115} INFO - [2023-05-30 11:46:42,585] {dagbag.py:507} INFO - Filling up the DagBag from /opt/airflow/dags/jupyter-dag.py
[2023-05-30 11:46:42,616] {processor.py:651} INFO - DAG(s) dict_keys(['juupyter']) retrieved from /opt/airflow/dags/jupyter-dag.py
[2023-05-30 11:46:42,864] {logging_mixin.py:115} INFO - [2023-05-30 11:46:42,864] {dag.py:2371} INFO - Sync 1 DAGs
[2023-05-30 11:46:42,922] {logging_mixin.py:115} INFO - [2023-05-30 11:46:42,921] {dag.py:2919} INFO - Setting next_dagrun for juupyter to 2023-05-29T00:00:00+00:00, run_after=2023-05-30T00:00:00+00:00
[2023-05-30 11:46:42,963] {processor.py:161} INFO - Processing /opt/airflow/dags/jupyter-dag.py took 0.385 seconds
[2023-05-30 11:47:13,056] {processor.py:153} INFO - Started process (PID=1555) to work on /opt/airflow/dags/jupyter-dag.py
[2023-05-30 11:47:13,058] {processor.py:641} INFO - Processing file /opt/airflow/dags/jupyter-dag.py for tasks to queue
[2023-05-30 11:47:13,059] {logging_mixin.py:115} INFO - [2023-05-30 11:47:13,059] {dagbag.py:507} INFO - Filling up the DagBag from /opt/airflow/dags/jupyter-dag.py
[2023-05-30 11:47:13,115] {processor.py:651} INFO - DAG(s) dict_keys(['juupyter']) retrieved from /opt/airflow/dags/jupyter-dag.py
[2023-05-30 11:47:13,189] {logging_mixin.py:115} INFO - [2023-05-30 11:47:13,188] {dag.py:2371} INFO - Sync 1 DAGs
[2023-05-30 11:47:13,229] {logging_mixin.py:115} INFO - [2023-05-30 11:47:13,229] {dag.py:2919} INFO - Setting next_dagrun for juupyter to 2023-05-29T00:00:00+00:00, run_after=2023-05-30T00:00:00+00:00
[2023-05-30 11:47:13,252] {processor.py:161} INFO - Processing /opt/airflow/dags/jupyter-dag.py took 0.203 seconds
[2023-05-30 11:47:43,694] {processor.py:153} INFO - Started process (PID=1565) to work on /opt/airflow/dags/jupyter-dag.py
[2023-05-30 11:47:43,696] {processor.py:641} INFO - Processing file /opt/airflow/dags/jupyter-dag.py for tasks to queue
[2023-05-30 11:47:43,697] {logging_mixin.py:115} INFO - [2023-05-30 11:47:43,697] {dagbag.py:507} INFO - Filling up the DagBag from /opt/airflow/dags/jupyter-dag.py
[2023-05-30 11:47:43,720] {processor.py:651} INFO - DAG(s) dict_keys(['juupyter']) retrieved from /opt/airflow/dags/jupyter-dag.py
[2023-05-30 11:47:43,748] {logging_mixin.py:115} INFO - [2023-05-30 11:47:43,747] {dag.py:2371} INFO - Sync 1 DAGs
[2023-05-30 11:47:43,828] {logging_mixin.py:115} INFO - [2023-05-30 11:47:43,828] {dag.py:2919} INFO - Setting next_dagrun for juupyter to 2023-05-29T00:00:00+00:00, run_after=2023-05-30T00:00:00+00:00
[2023-05-30 11:47:43,854] {processor.py:161} INFO - Processing /opt/airflow/dags/jupyter-dag.py took 0.163 seconds
[2023-05-30 11:48:14,091] {processor.py:153} INFO - Started process (PID=1575) to work on /opt/airflow/dags/jupyter-dag.py
[2023-05-30 11:48:14,092] {processor.py:641} INFO - Processing file /opt/airflow/dags/jupyter-dag.py for tasks to queue
[2023-05-30 11:48:14,103] {logging_mixin.py:115} INFO - [2023-05-30 11:48:14,102] {dagbag.py:507} INFO - Filling up the DagBag from /opt/airflow/dags/jupyter-dag.py
[2023-05-30 11:48:14,142] {processor.py:651} INFO - DAG(s) dict_keys(['juupyter']) retrieved from /opt/airflow/dags/jupyter-dag.py
[2023-05-30 11:48:14,251] {logging_mixin.py:115} INFO - [2023-05-30 11:48:14,251] {dag.py:2371} INFO - Sync 1 DAGs
[2023-05-30 11:48:14,295] {logging_mixin.py:115} INFO - [2023-05-30 11:48:14,295] {dag.py:2919} INFO - Setting next_dagrun for juupyter to 2023-05-29T00:00:00+00:00, run_after=2023-05-30T00:00:00+00:00
[2023-05-30 11:48:14,322] {processor.py:161} INFO - Processing /opt/airflow/dags/jupyter-dag.py took 0.237 seconds
[2023-05-30 11:48:44,488] {processor.py:153} INFO - Started process (PID=1585) to work on /opt/airflow/dags/jupyter-dag.py
[2023-05-30 11:48:44,490] {processor.py:641} INFO - Processing file /opt/airflow/dags/jupyter-dag.py for tasks to queue
[2023-05-30 11:48:44,491] {logging_mixin.py:115} INFO - [2023-05-30 11:48:44,491] {dagbag.py:507} INFO - Filling up the DagBag from /opt/airflow/dags/jupyter-dag.py
[2023-05-30 11:48:44,523] {processor.py:651} INFO - DAG(s) dict_keys(['juupyter']) retrieved from /opt/airflow/dags/jupyter-dag.py
[2023-05-30 11:48:44,606] {logging_mixin.py:115} INFO - [2023-05-30 11:48:44,606] {dag.py:2371} INFO - Sync 1 DAGs
[2023-05-30 11:48:44,736] {logging_mixin.py:115} INFO - [2023-05-30 11:48:44,736] {dag.py:2919} INFO - Setting next_dagrun for juupyter to 2023-05-29T00:00:00+00:00, run_after=2023-05-30T00:00:00+00:00
[2023-05-30 11:48:44,778] {processor.py:161} INFO - Processing /opt/airflow/dags/jupyter-dag.py took 0.294 seconds
[2023-05-30 11:49:16,672] {processor.py:153} INFO - Started process (PID=1595) to work on /opt/airflow/dags/jupyter-dag.py
[2023-05-30 11:49:16,677] {processor.py:641} INFO - Processing file /opt/airflow/dags/jupyter-dag.py for tasks to queue
[2023-05-30 11:49:16,678] {logging_mixin.py:115} INFO - [2023-05-30 11:49:16,678] {dagbag.py:507} INFO - Filling up the DagBag from /opt/airflow/dags/jupyter-dag.py
[2023-05-30 11:49:16,721] {processor.py:651} INFO - DAG(s) dict_keys(['juupyter']) retrieved from /opt/airflow/dags/jupyter-dag.py
[2023-05-30 11:49:16,774] {logging_mixin.py:115} INFO - [2023-05-30 11:49:16,774] {dag.py:2371} INFO - Sync 1 DAGs
[2023-05-30 11:49:16,907] {logging_mixin.py:115} INFO - [2023-05-30 11:49:16,907] {dag.py:2919} INFO - Setting next_dagrun for juupyter to 2023-05-29T00:00:00+00:00, run_after=2023-05-30T00:00:00+00:00
[2023-05-30 11:49:16,944] {processor.py:161} INFO - Processing /opt/airflow/dags/jupyter-dag.py took 0.281 seconds
[2023-05-30 11:49:47,180] {processor.py:153} INFO - Started process (PID=1605) to work on /opt/airflow/dags/jupyter-dag.py
[2023-05-30 11:49:47,181] {processor.py:641} INFO - Processing file /opt/airflow/dags/jupyter-dag.py for tasks to queue
[2023-05-30 11:49:47,182] {logging_mixin.py:115} INFO - [2023-05-30 11:49:47,182] {dagbag.py:507} INFO - Filling up the DagBag from /opt/airflow/dags/jupyter-dag.py
[2023-05-30 11:49:47,207] {processor.py:651} INFO - DAG(s) dict_keys(['juupyter']) retrieved from /opt/airflow/dags/jupyter-dag.py
[2023-05-30 11:49:47,318] {logging_mixin.py:115} INFO - [2023-05-30 11:49:47,318] {dag.py:2371} INFO - Sync 1 DAGs
[2023-05-30 11:49:47,366] {logging_mixin.py:115} INFO - [2023-05-30 11:49:47,366] {dag.py:2919} INFO - Setting next_dagrun for juupyter to 2023-05-29T00:00:00+00:00, run_after=2023-05-30T00:00:00+00:00
[2023-05-30 11:49:47,396] {processor.py:161} INFO - Processing /opt/airflow/dags/jupyter-dag.py took 0.221 seconds
[2023-05-30 11:50:18,128] {processor.py:153} INFO - Started process (PID=1615) to work on /opt/airflow/dags/jupyter-dag.py
[2023-05-30 11:50:18,137] {processor.py:641} INFO - Processing file /opt/airflow/dags/jupyter-dag.py for tasks to queue
[2023-05-30 11:50:18,138] {logging_mixin.py:115} INFO - [2023-05-30 11:50:18,138] {dagbag.py:507} INFO - Filling up the DagBag from /opt/airflow/dags/jupyter-dag.py
[2023-05-30 11:50:18,208] {processor.py:651} INFO - DAG(s) dict_keys(['juupyter']) retrieved from /opt/airflow/dags/jupyter-dag.py
[2023-05-30 11:50:18,288] {logging_mixin.py:115} INFO - [2023-05-30 11:50:18,288] {dag.py:2371} INFO - Sync 1 DAGs
[2023-05-30 11:50:18,355] {logging_mixin.py:115} INFO - [2023-05-30 11:50:18,355] {dag.py:2919} INFO - Setting next_dagrun for juupyter to 2023-05-29T00:00:00+00:00, run_after=2023-05-30T00:00:00+00:00
[2023-05-30 11:50:18,452] {processor.py:161} INFO - Processing /opt/airflow/dags/jupyter-dag.py took 0.329 seconds
[2023-05-30 11:50:48,732] {processor.py:153} INFO - Started process (PID=1625) to work on /opt/airflow/dags/jupyter-dag.py
[2023-05-30 11:50:48,736] {processor.py:641} INFO - Processing file /opt/airflow/dags/jupyter-dag.py for tasks to queue
[2023-05-30 11:50:48,737] {logging_mixin.py:115} INFO - [2023-05-30 11:50:48,737] {dagbag.py:507} INFO - Filling up the DagBag from /opt/airflow/dags/jupyter-dag.py
[2023-05-30 11:50:48,765] {processor.py:651} INFO - DAG(s) dict_keys(['juupyter']) retrieved from /opt/airflow/dags/jupyter-dag.py
[2023-05-30 11:50:48,789] {logging_mixin.py:115} INFO - [2023-05-30 11:50:48,789] {dag.py:2371} INFO - Sync 1 DAGs
[2023-05-30 11:50:48,869] {logging_mixin.py:115} INFO - [2023-05-30 11:50:48,868] {dag.py:2919} INFO - Setting next_dagrun for juupyter to 2023-05-29T00:00:00+00:00, run_after=2023-05-30T00:00:00+00:00
[2023-05-30 11:50:48,900] {processor.py:161} INFO - Processing /opt/airflow/dags/jupyter-dag.py took 0.173 seconds
[2023-05-30 11:51:19,124] {processor.py:153} INFO - Started process (PID=1635) to work on /opt/airflow/dags/jupyter-dag.py
[2023-05-30 11:51:19,125] {processor.py:641} INFO - Processing file /opt/airflow/dags/jupyter-dag.py for tasks to queue
[2023-05-30 11:51:19,126] {logging_mixin.py:115} INFO - [2023-05-30 11:51:19,126] {dagbag.py:507} INFO - Filling up the DagBag from /opt/airflow/dags/jupyter-dag.py
[2023-05-30 11:51:19,153] {processor.py:651} INFO - DAG(s) dict_keys(['juupyter']) retrieved from /opt/airflow/dags/jupyter-dag.py
[2023-05-30 11:51:19,234] {logging_mixin.py:115} INFO - [2023-05-30 11:51:19,234] {dag.py:2371} INFO - Sync 1 DAGs
[2023-05-30 11:51:19,263] {logging_mixin.py:115} INFO - [2023-05-30 11:51:19,263] {dag.py:2919} INFO - Setting next_dagrun for juupyter to 2023-05-29T00:00:00+00:00, run_after=2023-05-30T00:00:00+00:00
[2023-05-30 11:51:19,289] {processor.py:161} INFO - Processing /opt/airflow/dags/jupyter-dag.py took 0.170 seconds
[2023-05-30 11:51:49,519] {processor.py:153} INFO - Started process (PID=1645) to work on /opt/airflow/dags/jupyter-dag.py
[2023-05-30 11:51:49,520] {processor.py:641} INFO - Processing file /opt/airflow/dags/jupyter-dag.py for tasks to queue
[2023-05-30 11:51:49,522] {logging_mixin.py:115} INFO - [2023-05-30 11:51:49,522] {dagbag.py:507} INFO - Filling up the DagBag from /opt/airflow/dags/jupyter-dag.py
[2023-05-30 11:51:49,555] {processor.py:651} INFO - DAG(s) dict_keys(['juupyter']) retrieved from /opt/airflow/dags/jupyter-dag.py
[2023-05-30 11:51:49,615] {logging_mixin.py:115} INFO - [2023-05-30 11:51:49,615] {dag.py:2371} INFO - Sync 1 DAGs
[2023-05-30 11:51:49,657] {logging_mixin.py:115} INFO - [2023-05-30 11:51:49,657] {dag.py:2919} INFO - Setting next_dagrun for juupyter to 2023-05-29T00:00:00+00:00, run_after=2023-05-30T00:00:00+00:00
[2023-05-30 11:51:49,674] {processor.py:161} INFO - Processing /opt/airflow/dags/jupyter-dag.py took 0.161 seconds
[2023-05-30 11:52:19,890] {processor.py:153} INFO - Started process (PID=1655) to work on /opt/airflow/dags/jupyter-dag.py
[2023-05-30 11:52:19,891] {processor.py:641} INFO - Processing file /opt/airflow/dags/jupyter-dag.py for tasks to queue
[2023-05-30 11:52:19,893] {logging_mixin.py:115} INFO - [2023-05-30 11:52:19,892] {dagbag.py:507} INFO - Filling up the DagBag from /opt/airflow/dags/jupyter-dag.py
[2023-05-30 11:52:19,925] {processor.py:651} INFO - DAG(s) dict_keys(['juupyter']) retrieved from /opt/airflow/dags/jupyter-dag.py
[2023-05-30 11:52:19,958] {logging_mixin.py:115} INFO - [2023-05-30 11:52:19,958] {dag.py:2371} INFO - Sync 1 DAGs
[2023-05-30 11:52:19,994] {logging_mixin.py:115} INFO - [2023-05-30 11:52:19,994] {dag.py:2919} INFO - Setting next_dagrun for juupyter to 2023-05-29T00:00:00+00:00, run_after=2023-05-30T00:00:00+00:00
[2023-05-30 11:52:20,011] {processor.py:161} INFO - Processing /opt/airflow/dags/jupyter-dag.py took 0.129 seconds
[2023-05-30 11:52:50,336] {processor.py:153} INFO - Started process (PID=1665) to work on /opt/airflow/dags/jupyter-dag.py
[2023-05-30 11:52:50,337] {processor.py:641} INFO - Processing file /opt/airflow/dags/jupyter-dag.py for tasks to queue
[2023-05-30 11:52:50,338] {logging_mixin.py:115} INFO - [2023-05-30 11:52:50,338] {dagbag.py:507} INFO - Filling up the DagBag from /opt/airflow/dags/jupyter-dag.py
[2023-05-30 11:52:50,365] {processor.py:651} INFO - DAG(s) dict_keys(['juupyter']) retrieved from /opt/airflow/dags/jupyter-dag.py
[2023-05-30 11:52:50,474] {logging_mixin.py:115} INFO - [2023-05-30 11:52:50,474] {dag.py:2371} INFO - Sync 1 DAGs
[2023-05-30 11:52:50,515] {logging_mixin.py:115} INFO - [2023-05-30 11:52:50,514] {dag.py:2919} INFO - Setting next_dagrun for juupyter to 2023-05-29T00:00:00+00:00, run_after=2023-05-30T00:00:00+00:00
[2023-05-30 11:52:50,544] {processor.py:161} INFO - Processing /opt/airflow/dags/jupyter-dag.py took 0.213 seconds
[2023-05-30 11:53:21,273] {processor.py:153} INFO - Started process (PID=1675) to work on /opt/airflow/dags/jupyter-dag.py
[2023-05-30 11:53:21,319] {processor.py:641} INFO - Processing file /opt/airflow/dags/jupyter-dag.py for tasks to queue
[2023-05-30 11:53:21,366] {logging_mixin.py:115} INFO - [2023-05-30 11:53:21,366] {dagbag.py:507} INFO - Filling up the DagBag from /opt/airflow/dags/jupyter-dag.py
[2023-05-30 11:53:21,658] {processor.py:651} INFO - DAG(s) dict_keys(['juupyter']) retrieved from /opt/airflow/dags/jupyter-dag.py
[2023-05-30 11:53:21,755] {logging_mixin.py:115} INFO - [2023-05-30 11:53:21,755] {dag.py:2371} INFO - Sync 1 DAGs
[2023-05-30 11:53:21,816] {logging_mixin.py:115} INFO - [2023-05-30 11:53:21,816] {dag.py:2919} INFO - Setting next_dagrun for juupyter to 2023-05-29T00:00:00+00:00, run_after=2023-05-30T00:00:00+00:00
[2023-05-30 11:53:25,147] {processor.py:161} INFO - Processing /opt/airflow/dags/jupyter-dag.py took 3.880 seconds
[2023-05-30 11:53:55,565] {processor.py:153} INFO - Started process (PID=1685) to work on /opt/airflow/dags/jupyter-dag.py
[2023-05-30 11:53:55,566] {processor.py:641} INFO - Processing file /opt/airflow/dags/jupyter-dag.py for tasks to queue
[2023-05-30 11:53:55,567] {logging_mixin.py:115} INFO - [2023-05-30 11:53:55,567] {dagbag.py:507} INFO - Filling up the DagBag from /opt/airflow/dags/jupyter-dag.py
[2023-05-30 11:53:55,585] {processor.py:651} INFO - DAG(s) dict_keys(['juupyter']) retrieved from /opt/airflow/dags/jupyter-dag.py
[2023-05-30 11:53:55,604] {logging_mixin.py:115} INFO - [2023-05-30 11:53:55,604] {dag.py:2371} INFO - Sync 1 DAGs
[2023-05-30 11:53:55,641] {logging_mixin.py:115} INFO - [2023-05-30 11:53:55,641] {dag.py:2919} INFO - Setting next_dagrun for juupyter to 2023-05-29T00:00:00+00:00, run_after=2023-05-30T00:00:00+00:00
[2023-05-30 11:53:55,662] {processor.py:161} INFO - Processing /opt/airflow/dags/jupyter-dag.py took 0.101 seconds
[2023-05-30 11:54:26,027] {processor.py:153} INFO - Started process (PID=1695) to work on /opt/airflow/dags/jupyter-dag.py
[2023-05-30 11:54:26,028] {processor.py:641} INFO - Processing file /opt/airflow/dags/jupyter-dag.py for tasks to queue
[2023-05-30 11:54:26,029] {logging_mixin.py:115} INFO - [2023-05-30 11:54:26,029] {dagbag.py:507} INFO - Filling up the DagBag from /opt/airflow/dags/jupyter-dag.py
[2023-05-30 11:54:26,055] {processor.py:651} INFO - DAG(s) dict_keys(['juupyter']) retrieved from /opt/airflow/dags/jupyter-dag.py
[2023-05-30 11:54:26,175] {logging_mixin.py:115} INFO - [2023-05-30 11:54:26,175] {dag.py:2371} INFO - Sync 1 DAGs
[2023-05-30 11:54:26,211] {logging_mixin.py:115} INFO - [2023-05-30 11:54:26,211] {dag.py:2919} INFO - Setting next_dagrun for juupyter to 2023-05-29T00:00:00+00:00, run_after=2023-05-30T00:00:00+00:00
[2023-05-30 11:54:26,238] {processor.py:161} INFO - Processing /opt/airflow/dags/jupyter-dag.py took 0.217 seconds
[2023-05-30 11:54:56,583] {processor.py:153} INFO - Started process (PID=1705) to work on /opt/airflow/dags/jupyter-dag.py
[2023-05-30 11:54:56,584] {processor.py:641} INFO - Processing file /opt/airflow/dags/jupyter-dag.py for tasks to queue
[2023-05-30 11:54:56,587] {logging_mixin.py:115} INFO - [2023-05-30 11:54:56,587] {dagbag.py:507} INFO - Filling up the DagBag from /opt/airflow/dags/jupyter-dag.py
[2023-05-30 11:54:56,638] {processor.py:651} INFO - DAG(s) dict_keys(['juupyter']) retrieved from /opt/airflow/dags/jupyter-dag.py
[2023-05-30 11:54:56,695] {logging_mixin.py:115} INFO - [2023-05-30 11:54:56,695] {dag.py:2371} INFO - Sync 1 DAGs
[2023-05-30 11:54:56,806] {logging_mixin.py:115} INFO - [2023-05-30 11:54:56,806] {dag.py:2919} INFO - Setting next_dagrun for juupyter to 2023-05-29T00:00:00+00:00, run_after=2023-05-30T00:00:00+00:00
[2023-05-30 11:54:56,997] {processor.py:161} INFO - Processing /opt/airflow/dags/jupyter-dag.py took 0.419 seconds
[2023-05-30 11:55:27,914] {processor.py:153} INFO - Started process (PID=1715) to work on /opt/airflow/dags/jupyter-dag.py
[2023-05-30 11:55:27,915] {processor.py:641} INFO - Processing file /opt/airflow/dags/jupyter-dag.py for tasks to queue
[2023-05-30 11:55:27,917] {logging_mixin.py:115} INFO - [2023-05-30 11:55:27,917] {dagbag.py:507} INFO - Filling up the DagBag from /opt/airflow/dags/jupyter-dag.py
[2023-05-30 11:55:27,966] {processor.py:651} INFO - DAG(s) dict_keys(['juupyter']) retrieved from /opt/airflow/dags/jupyter-dag.py
[2023-05-30 11:55:28,010] {logging_mixin.py:115} INFO - [2023-05-30 11:55:28,009] {dag.py:2371} INFO - Sync 1 DAGs
[2023-05-30 11:55:28,115] {logging_mixin.py:115} INFO - [2023-05-30 11:55:28,114] {dag.py:2919} INFO - Setting next_dagrun for juupyter to 2023-05-29T00:00:00+00:00, run_after=2023-05-30T00:00:00+00:00
[2023-05-30 11:55:28,155] {processor.py:161} INFO - Processing /opt/airflow/dags/jupyter-dag.py took 0.246 seconds
[2023-05-30 11:55:58,317] {processor.py:153} INFO - Started process (PID=1725) to work on /opt/airflow/dags/jupyter-dag.py
[2023-05-30 11:55:58,318] {processor.py:641} INFO - Processing file /opt/airflow/dags/jupyter-dag.py for tasks to queue
[2023-05-30 11:55:58,319] {logging_mixin.py:115} INFO - [2023-05-30 11:55:58,319] {dagbag.py:507} INFO - Filling up the DagBag from /opt/airflow/dags/jupyter-dag.py
[2023-05-30 11:55:58,341] {processor.py:651} INFO - DAG(s) dict_keys(['juupyter']) retrieved from /opt/airflow/dags/jupyter-dag.py
[2023-05-30 11:55:58,464] {logging_mixin.py:115} INFO - [2023-05-30 11:55:58,464] {dag.py:2371} INFO - Sync 1 DAGs
[2023-05-30 11:55:58,507] {logging_mixin.py:115} INFO - [2023-05-30 11:55:58,506] {dag.py:2919} INFO - Setting next_dagrun for juupyter to 2023-05-29T00:00:00+00:00, run_after=2023-05-30T00:00:00+00:00
[2023-05-30 11:55:58,536] {processor.py:161} INFO - Processing /opt/airflow/dags/jupyter-dag.py took 0.226 seconds
[2023-05-30 11:56:28,994] {processor.py:153} INFO - Started process (PID=1735) to work on /opt/airflow/dags/jupyter-dag.py
[2023-05-30 11:56:28,996] {processor.py:641} INFO - Processing file /opt/airflow/dags/jupyter-dag.py for tasks to queue
[2023-05-30 11:56:28,998] {logging_mixin.py:115} INFO - [2023-05-30 11:56:28,998] {dagbag.py:507} INFO - Filling up the DagBag from /opt/airflow/dags/jupyter-dag.py
[2023-05-30 11:56:29,039] {processor.py:651} INFO - DAG(s) dict_keys(['juupyter']) retrieved from /opt/airflow/dags/jupyter-dag.py
[2023-05-30 11:56:29,105] {logging_mixin.py:115} INFO - [2023-05-30 11:56:29,104] {dag.py:2371} INFO - Sync 1 DAGs
[2023-05-30 11:56:29,139] {logging_mixin.py:115} INFO - [2023-05-30 11:56:29,139] {dag.py:2919} INFO - Setting next_dagrun for juupyter to 2023-05-29T00:00:00+00:00, run_after=2023-05-30T00:00:00+00:00
[2023-05-30 11:56:29,157] {processor.py:161} INFO - Processing /opt/airflow/dags/jupyter-dag.py took 0.168 seconds
[2023-05-30 11:56:59,498] {processor.py:153} INFO - Started process (PID=1745) to work on /opt/airflow/dags/jupyter-dag.py
[2023-05-30 11:56:59,499] {processor.py:641} INFO - Processing file /opt/airflow/dags/jupyter-dag.py for tasks to queue
[2023-05-30 11:56:59,501] {logging_mixin.py:115} INFO - [2023-05-30 11:56:59,500] {dagbag.py:507} INFO - Filling up the DagBag from /opt/airflow/dags/jupyter-dag.py
[2023-05-30 11:56:59,550] {processor.py:651} INFO - DAG(s) dict_keys(['juupyter']) retrieved from /opt/airflow/dags/jupyter-dag.py
[2023-05-30 11:57:01,273] {logging_mixin.py:115} INFO - [2023-05-30 11:57:01,272] {dag.py:2371} INFO - Sync 1 DAGs
[2023-05-30 11:57:01,415] {logging_mixin.py:115} INFO - [2023-05-30 11:57:01,414] {dag.py:2919} INFO - Setting next_dagrun for juupyter to 2023-05-29T00:00:00+00:00, run_after=2023-05-30T00:00:00+00:00
[2023-05-30 11:57:01,513] {processor.py:161} INFO - Processing /opt/airflow/dags/jupyter-dag.py took 2.020 seconds
[2023-05-30 11:57:32,027] {processor.py:153} INFO - Started process (PID=1755) to work on /opt/airflow/dags/jupyter-dag.py
[2023-05-30 11:57:32,074] {processor.py:641} INFO - Processing file /opt/airflow/dags/jupyter-dag.py for tasks to queue
[2023-05-30 11:57:32,076] {logging_mixin.py:115} INFO - [2023-05-30 11:57:32,076] {dagbag.py:507} INFO - Filling up the DagBag from /opt/airflow/dags/jupyter-dag.py
[2023-05-30 11:57:32,103] {processor.py:651} INFO - DAG(s) dict_keys(['juupyter']) retrieved from /opt/airflow/dags/jupyter-dag.py
[2023-05-30 11:57:32,196] {logging_mixin.py:115} INFO - [2023-05-30 11:57:32,196] {dag.py:2371} INFO - Sync 1 DAGs
[2023-05-30 11:57:32,236] {logging_mixin.py:115} INFO - [2023-05-30 11:57:32,235] {dag.py:2919} INFO - Setting next_dagrun for juupyter to 2023-05-29T00:00:00+00:00, run_after=2023-05-30T00:00:00+00:00
[2023-05-30 11:57:32,384] {processor.py:161} INFO - Processing /opt/airflow/dags/jupyter-dag.py took 0.363 seconds
[2023-05-30 11:58:04,518] {processor.py:153} INFO - Started process (PID=1765) to work on /opt/airflow/dags/jupyter-dag.py
[2023-05-30 11:58:04,526] {processor.py:641} INFO - Processing file /opt/airflow/dags/jupyter-dag.py for tasks to queue
[2023-05-30 11:58:04,536] {logging_mixin.py:115} INFO - [2023-05-30 11:58:04,536] {dagbag.py:507} INFO - Filling up the DagBag from /opt/airflow/dags/jupyter-dag.py
[2023-05-30 11:58:04,907] {processor.py:651} INFO - DAG(s) dict_keys(['juupyter']) retrieved from /opt/airflow/dags/jupyter-dag.py
[2023-05-30 11:58:05,024] {logging_mixin.py:115} INFO - [2023-05-30 11:58:05,024] {dag.py:2371} INFO - Sync 1 DAGs
[2023-05-30 11:58:05,149] {logging_mixin.py:115} INFO - [2023-05-30 11:58:05,148] {dag.py:2919} INFO - Setting next_dagrun for juupyter to 2023-05-29T00:00:00+00:00, run_after=2023-05-30T00:00:00+00:00
[2023-05-30 11:58:05,285] {processor.py:161} INFO - Processing /opt/airflow/dags/jupyter-dag.py took 0.773 seconds
[2023-05-30 11:58:35,582] {processor.py:153} INFO - Started process (PID=1775) to work on /opt/airflow/dags/jupyter-dag.py
[2023-05-30 11:58:35,586] {processor.py:641} INFO - Processing file /opt/airflow/dags/jupyter-dag.py for tasks to queue
[2023-05-30 11:58:35,588] {logging_mixin.py:115} INFO - [2023-05-30 11:58:35,587] {dagbag.py:507} INFO - Filling up the DagBag from /opt/airflow/dags/jupyter-dag.py
[2023-05-30 11:58:35,622] {processor.py:651} INFO - DAG(s) dict_keys(['juupyter']) retrieved from /opt/airflow/dags/jupyter-dag.py
[2023-05-30 11:58:35,645] {logging_mixin.py:115} INFO - [2023-05-30 11:58:35,644] {dag.py:2371} INFO - Sync 1 DAGs
[2023-05-30 11:58:35,684] {logging_mixin.py:115} INFO - [2023-05-30 11:58:35,684] {dag.py:2919} INFO - Setting next_dagrun for juupyter to 2023-05-29T00:00:00+00:00, run_after=2023-05-30T00:00:00+00:00
[2023-05-30 11:58:36,276] {processor.py:161} INFO - Processing /opt/airflow/dags/jupyter-dag.py took 0.699 seconds
[2023-05-30 11:59:06,935] {processor.py:153} INFO - Started process (PID=1785) to work on /opt/airflow/dags/jupyter-dag.py
[2023-05-30 11:59:06,936] {processor.py:641} INFO - Processing file /opt/airflow/dags/jupyter-dag.py for tasks to queue
[2023-05-30 11:59:06,937] {logging_mixin.py:115} INFO - [2023-05-30 11:59:06,937] {dagbag.py:507} INFO - Filling up the DagBag from /opt/airflow/dags/jupyter-dag.py
[2023-05-30 11:59:06,960] {processor.py:651} INFO - DAG(s) dict_keys(['juupyter']) retrieved from /opt/airflow/dags/jupyter-dag.py
[2023-05-30 11:59:07,103] {logging_mixin.py:115} INFO - [2023-05-30 11:59:07,103] {dag.py:2371} INFO - Sync 1 DAGs
[2023-05-30 11:59:07,157] {logging_mixin.py:115} INFO - [2023-05-30 11:59:07,157] {dag.py:2919} INFO - Setting next_dagrun for juupyter to 2023-05-29T00:00:00+00:00, run_after=2023-05-30T00:00:00+00:00
[2023-05-30 11:59:07,182] {processor.py:161} INFO - Processing /opt/airflow/dags/jupyter-dag.py took 0.253 seconds
[2023-05-30 11:59:47,280] {processor.py:153} INFO - Started process (PID=1795) to work on /opt/airflow/dags/jupyter-dag.py
[2023-05-30 11:59:47,282] {processor.py:641} INFO - Processing file /opt/airflow/dags/jupyter-dag.py for tasks to queue
[2023-05-30 11:59:47,292] {logging_mixin.py:115} INFO - [2023-05-30 11:59:47,289] {dagbag.py:507} INFO - Filling up the DagBag from /opt/airflow/dags/jupyter-dag.py
[2023-05-30 11:59:49,702] {processor.py:651} INFO - DAG(s) dict_keys(['juupyter']) retrieved from /opt/airflow/dags/jupyter-dag.py
[2023-05-30 11:59:58,772] {logging_mixin.py:115} INFO - [2023-05-30 11:59:58,772] {dag.py:2371} INFO - Sync 1 DAGs
[2023-05-30 11:59:59,063] {logging_mixin.py:115} INFO - [2023-05-30 11:59:59,058] {dag.py:2919} INFO - Setting next_dagrun for juupyter to 2023-05-29T00:00:00+00:00, run_after=2023-05-30T00:00:00+00:00
[2023-05-30 11:59:59,248] {processor.py:161} INFO - Processing /opt/airflow/dags/jupyter-dag.py took 11.967 seconds
[2023-05-30 12:00:29,861] {processor.py:153} INFO - Started process (PID=1805) to work on /opt/airflow/dags/jupyter-dag.py
[2023-05-30 12:00:29,863] {processor.py:641} INFO - Processing file /opt/airflow/dags/jupyter-dag.py for tasks to queue
[2023-05-30 12:00:29,866] {logging_mixin.py:115} INFO - [2023-05-30 12:00:29,866] {dagbag.py:507} INFO - Filling up the DagBag from /opt/airflow/dags/jupyter-dag.py
[2023-05-30 12:00:29,991] {processor.py:651} INFO - DAG(s) dict_keys(['juupyter']) retrieved from /opt/airflow/dags/jupyter-dag.py
[2023-05-30 12:00:30,284] {logging_mixin.py:115} INFO - [2023-05-30 12:00:30,284] {dag.py:2371} INFO - Sync 1 DAGs
[2023-05-30 12:00:30,323] {logging_mixin.py:115} INFO - [2023-05-30 12:00:30,323] {dag.py:2919} INFO - Setting next_dagrun for juupyter to 2023-05-29T00:00:00+00:00, run_after=2023-05-30T00:00:00+00:00
[2023-05-30 12:00:30,348] {processor.py:161} INFO - Processing /opt/airflow/dags/jupyter-dag.py took 0.499 seconds
[2023-05-30 12:01:01,551] {processor.py:153} INFO - Started process (PID=1815) to work on /opt/airflow/dags/jupyter-dag.py
[2023-05-30 12:01:01,557] {processor.py:641} INFO - Processing file /opt/airflow/dags/jupyter-dag.py for tasks to queue
[2023-05-30 12:01:01,561] {logging_mixin.py:115} INFO - [2023-05-30 12:01:01,561] {dagbag.py:507} INFO - Filling up the DagBag from /opt/airflow/dags/jupyter-dag.py
[2023-05-30 12:01:01,599] {processor.py:651} INFO - DAG(s) dict_keys(['juupyter']) retrieved from /opt/airflow/dags/jupyter-dag.py
[2023-05-30 12:01:01,651] {logging_mixin.py:115} INFO - [2023-05-30 12:01:01,651] {dag.py:2371} INFO - Sync 1 DAGs
[2023-05-30 12:01:01,719] {logging_mixin.py:115} INFO - [2023-05-30 12:01:01,719] {dag.py:2919} INFO - Setting next_dagrun for juupyter to 2023-05-29T00:00:00+00:00, run_after=2023-05-30T00:00:00+00:00
[2023-05-30 12:01:01,762] {processor.py:161} INFO - Processing /opt/airflow/dags/jupyter-dag.py took 0.230 seconds
[2023-05-30 12:01:32,055] {processor.py:153} INFO - Started process (PID=1825) to work on /opt/airflow/dags/jupyter-dag.py
[2023-05-30 12:01:32,103] {processor.py:641} INFO - Processing file /opt/airflow/dags/jupyter-dag.py for tasks to queue
[2023-05-30 12:01:32,104] {logging_mixin.py:115} INFO - [2023-05-30 12:01:32,104] {dagbag.py:507} INFO - Filling up the DagBag from /opt/airflow/dags/jupyter-dag.py
[2023-05-30 12:01:32,138] {processor.py:651} INFO - DAG(s) dict_keys(['juupyter']) retrieved from /opt/airflow/dags/jupyter-dag.py
[2023-05-30 12:01:32,293] {logging_mixin.py:115} INFO - [2023-05-30 12:01:32,293] {dag.py:2371} INFO - Sync 1 DAGs
[2023-05-30 12:01:32,428] {logging_mixin.py:115} INFO - [2023-05-30 12:01:32,428] {dag.py:2919} INFO - Setting next_dagrun for juupyter to 2023-05-29T00:00:00+00:00, run_after=2023-05-30T00:00:00+00:00
[2023-05-30 12:01:32,551] {processor.py:161} INFO - Processing /opt/airflow/dags/jupyter-dag.py took 0.501 seconds
[2023-05-30 12:02:02,878] {processor.py:153} INFO - Started process (PID=1835) to work on /opt/airflow/dags/jupyter-dag.py
[2023-05-30 12:02:02,879] {processor.py:641} INFO - Processing file /opt/airflow/dags/jupyter-dag.py for tasks to queue
[2023-05-30 12:02:02,881] {logging_mixin.py:115} INFO - [2023-05-30 12:02:02,881] {dagbag.py:507} INFO - Filling up the DagBag from /opt/airflow/dags/jupyter-dag.py
[2023-05-30 12:02:02,912] {processor.py:651} INFO - DAG(s) dict_keys(['juupyter']) retrieved from /opt/airflow/dags/jupyter-dag.py
[2023-05-30 12:02:02,974] {logging_mixin.py:115} INFO - [2023-05-30 12:02:02,974] {dag.py:2371} INFO - Sync 1 DAGs
[2023-05-30 12:02:03,031] {logging_mixin.py:115} INFO - [2023-05-30 12:02:03,031] {dag.py:2919} INFO - Setting next_dagrun for juupyter to 2023-05-29T00:00:00+00:00, run_after=2023-05-30T00:00:00+00:00
[2023-05-30 12:02:03,061] {processor.py:161} INFO - Processing /opt/airflow/dags/jupyter-dag.py took 0.188 seconds
[2023-05-30 12:02:33,459] {processor.py:153} INFO - Started process (PID=1845) to work on /opt/airflow/dags/jupyter-dag.py
[2023-05-30 12:02:33,461] {processor.py:641} INFO - Processing file /opt/airflow/dags/jupyter-dag.py for tasks to queue
[2023-05-30 12:02:33,463] {logging_mixin.py:115} INFO - [2023-05-30 12:02:33,463] {dagbag.py:507} INFO - Filling up the DagBag from /opt/airflow/dags/jupyter-dag.py
[2023-05-30 12:02:33,517] {processor.py:651} INFO - DAG(s) dict_keys(['juupyter']) retrieved from /opt/airflow/dags/jupyter-dag.py
[2023-05-30 12:02:33,689] {logging_mixin.py:115} INFO - [2023-05-30 12:02:33,689] {dag.py:2371} INFO - Sync 1 DAGs
[2023-05-30 12:02:33,728] {logging_mixin.py:115} INFO - [2023-05-30 12:02:33,727] {dag.py:2919} INFO - Setting next_dagrun for juupyter to 2023-05-29T00:00:00+00:00, run_after=2023-05-30T00:00:00+00:00
[2023-05-30 12:02:33,762] {processor.py:161} INFO - Processing /opt/airflow/dags/jupyter-dag.py took 0.311 seconds
[2023-05-30 12:03:04,018] {processor.py:153} INFO - Started process (PID=1855) to work on /opt/airflow/dags/jupyter-dag.py
[2023-05-30 12:03:04,025] {processor.py:641} INFO - Processing file /opt/airflow/dags/jupyter-dag.py for tasks to queue
[2023-05-30 12:03:04,027] {logging_mixin.py:115} INFO - [2023-05-30 12:03:04,026] {dagbag.py:507} INFO - Filling up the DagBag from /opt/airflow/dags/jupyter-dag.py
[2023-05-30 12:03:04,061] {processor.py:651} INFO - DAG(s) dict_keys(['juupyter']) retrieved from /opt/airflow/dags/jupyter-dag.py
[2023-05-30 12:03:04,099] {logging_mixin.py:115} INFO - [2023-05-30 12:03:04,099] {dag.py:2371} INFO - Sync 1 DAGs
[2023-05-30 12:03:04,135] {logging_mixin.py:115} INFO - [2023-05-30 12:03:04,135] {dag.py:2919} INFO - Setting next_dagrun for juupyter to 2023-05-29T00:00:00+00:00, run_after=2023-05-30T00:00:00+00:00
[2023-05-30 12:03:04,153] {processor.py:161} INFO - Processing /opt/airflow/dags/jupyter-dag.py took 0.140 seconds
[2023-05-30 12:03:35,764] {processor.py:153} INFO - Started process (PID=1865) to work on /opt/airflow/dags/jupyter-dag.py
[2023-05-30 12:03:35,778] {processor.py:641} INFO - Processing file /opt/airflow/dags/jupyter-dag.py for tasks to queue
[2023-05-30 12:03:35,788] {logging_mixin.py:115} INFO - [2023-05-30 12:03:35,788] {dagbag.py:507} INFO - Filling up the DagBag from /opt/airflow/dags/jupyter-dag.py
[2023-05-30 12:03:42,852] {processor.py:651} INFO - DAG(s) dict_keys(['juupyter']) retrieved from /opt/airflow/dags/jupyter-dag.py
[2023-05-30 12:03:43,081] {logging_mixin.py:115} INFO - [2023-05-30 12:03:43,081] {dag.py:2371} INFO - Sync 1 DAGs
[2023-05-30 12:03:43,335] {logging_mixin.py:115} INFO - [2023-05-30 12:03:43,334] {dag.py:2919} INFO - Setting next_dagrun for juupyter to 2023-05-29T00:00:00+00:00, run_after=2023-05-30T00:00:00+00:00
[2023-05-30 12:03:43,459] {processor.py:161} INFO - Processing /opt/airflow/dags/jupyter-dag.py took 7.719 seconds
[2023-05-30 12:04:13,550] {processor.py:153} INFO - Started process (PID=1875) to work on /opt/airflow/dags/jupyter-dag.py
[2023-05-30 12:04:13,551] {processor.py:641} INFO - Processing file /opt/airflow/dags/jupyter-dag.py for tasks to queue
[2023-05-30 12:04:13,553] {logging_mixin.py:115} INFO - [2023-05-30 12:04:13,553] {dagbag.py:507} INFO - Filling up the DagBag from /opt/airflow/dags/jupyter-dag.py
[2023-05-30 12:04:13,660] {processor.py:651} INFO - DAG(s) dict_keys(['juupyter']) retrieved from /opt/airflow/dags/jupyter-dag.py
[2023-05-30 12:04:13,761] {logging_mixin.py:115} INFO - [2023-05-30 12:04:13,761] {dag.py:2371} INFO - Sync 1 DAGs
[2023-05-30 12:04:14,056] {logging_mixin.py:115} INFO - [2023-05-30 12:04:14,056] {dag.py:2919} INFO - Setting next_dagrun for juupyter to 2023-05-29T00:00:00+00:00, run_after=2023-05-30T00:00:00+00:00
[2023-05-30 12:04:14,134] {processor.py:161} INFO - Processing /opt/airflow/dags/jupyter-dag.py took 0.591 seconds
[2023-05-30 12:04:44,554] {processor.py:153} INFO - Started process (PID=1885) to work on /opt/airflow/dags/jupyter-dag.py
[2023-05-30 12:04:44,557] {processor.py:641} INFO - Processing file /opt/airflow/dags/jupyter-dag.py for tasks to queue
[2023-05-30 12:04:44,559] {logging_mixin.py:115} INFO - [2023-05-30 12:04:44,559] {dagbag.py:507} INFO - Filling up the DagBag from /opt/airflow/dags/jupyter-dag.py
[2023-05-30 12:04:44,644] {processor.py:651} INFO - DAG(s) dict_keys(['juupyter']) retrieved from /opt/airflow/dags/jupyter-dag.py
[2023-05-30 12:04:44,881] {logging_mixin.py:115} INFO - [2023-05-30 12:04:44,881] {dag.py:2371} INFO - Sync 1 DAGs
[2023-05-30 12:04:44,954] {logging_mixin.py:115} INFO - [2023-05-30 12:04:44,953] {dag.py:2919} INFO - Setting next_dagrun for juupyter to 2023-05-29T00:00:00+00:00, run_after=2023-05-30T00:00:00+00:00
[2023-05-30 12:04:44,992] {processor.py:161} INFO - Processing /opt/airflow/dags/jupyter-dag.py took 0.443 seconds
[2023-05-30 12:05:15,205] {processor.py:153} INFO - Started process (PID=1895) to work on /opt/airflow/dags/jupyter-dag.py
[2023-05-30 12:05:15,206] {processor.py:641} INFO - Processing file /opt/airflow/dags/jupyter-dag.py for tasks to queue
[2023-05-30 12:05:15,209] {logging_mixin.py:115} INFO - [2023-05-30 12:05:15,209] {dagbag.py:507} INFO - Filling up the DagBag from /opt/airflow/dags/jupyter-dag.py
[2023-05-30 12:05:15,246] {processor.py:651} INFO - DAG(s) dict_keys(['juupyter']) retrieved from /opt/airflow/dags/jupyter-dag.py
[2023-05-30 12:05:15,294] {logging_mixin.py:115} INFO - [2023-05-30 12:05:15,294] {dag.py:2371} INFO - Sync 1 DAGs
[2023-05-30 12:05:15,329] {logging_mixin.py:115} INFO - [2023-05-30 12:05:15,329] {dag.py:2919} INFO - Setting next_dagrun for juupyter to 2023-05-29T00:00:00+00:00, run_after=2023-05-30T00:00:00+00:00
[2023-05-30 12:05:15,347] {processor.py:161} INFO - Processing /opt/airflow/dags/jupyter-dag.py took 0.150 seconds
[2023-05-30 12:05:46,225] {processor.py:153} INFO - Started process (PID=1905) to work on /opt/airflow/dags/jupyter-dag.py
[2023-05-30 12:05:46,226] {processor.py:641} INFO - Processing file /opt/airflow/dags/jupyter-dag.py for tasks to queue
[2023-05-30 12:05:46,228] {logging_mixin.py:115} INFO - [2023-05-30 12:05:46,228] {dagbag.py:507} INFO - Filling up the DagBag from /opt/airflow/dags/jupyter-dag.py
[2023-05-30 12:05:46,300] {processor.py:651} INFO - DAG(s) dict_keys(['juupyter']) retrieved from /opt/airflow/dags/jupyter-dag.py
[2023-05-30 12:05:46,473] {logging_mixin.py:115} INFO - [2023-05-30 12:05:46,473] {dag.py:2371} INFO - Sync 1 DAGs
[2023-05-30 12:05:46,511] {logging_mixin.py:115} INFO - [2023-05-30 12:05:46,511] {dag.py:2919} INFO - Setting next_dagrun for juupyter to 2023-05-29T00:00:00+00:00, run_after=2023-05-30T00:00:00+00:00
[2023-05-30 12:05:46,621] {processor.py:161} INFO - Processing /opt/airflow/dags/jupyter-dag.py took 0.413 seconds
